#
# There is insufficient memory for the Java Runtime Environment to continue.
# Native memory allocation (malloc) failed to allocate 1021296 bytes for Chunk::new
# Possible reasons:
#   The system is out of physical RAM or swap space
#   The process is running with CompressedOops enabled, and the Java Heap may be blocking the growth of the native heap
# Possible solutions:
#   Reduce memory load on the system
#   Increase physical memory or swap space
#   Check if swap backing store is full
#   Decrease Java heap size (-Xmx/-Xms)
#   Decrease number of Java threads
#   Decrease Java thread stack sizes (-Xss)
#   Set larger code cache with -XX:ReservedCodeCacheSize=
#   JVM is running with Unscaled Compressed Oops mode in which the Java heap is
#     placed in the first 4GB address space. The Java Heap base address is the
#     maximum limit for the native heap growth. Please use -XX:HeapBaseMinAddress
#     to set the Java Heap base and to place the Java Heap above 4GB virtual address.
# This output file may be truncated or incomplete.
#
#  Out of Memory Error (./src/hotspot/share/memory/arena.cpp:197), pid=1680, tid=21580
#
# JRE version: OpenJDK Runtime Environment (11.0.12+7) (build 11.0.12+7-b1504.28-7817840)
# Java VM: OpenJDK 64-Bit Server VM (11.0.12+7-b1504.28-7817840, mixed mode, tiered, compressed oops, g1 gc, windows-amd64)
# No core dump will be written. Minidumps are not enabled by default on client versions of Windows
#

---------------  S U M M A R Y ------------

Command Line: --add-opens=java.base/java.util=ALL-UNNAMED --add-opens=java.base/java.lang=ALL-UNNAMED --add-opens=java.base/java.lang.invoke=ALL-UNNAMED --add-opens=java.base/java.util=ALL-UNNAMED --add-opens=java.prefs/java.util.prefs=ALL-UNNAMED --add-opens=java.prefs/java.util.prefs=ALL-UNNAMED --add-opens=java.base/java.nio.charset=ALL-UNNAMED --add-opens=java.base/java.net=ALL-UNNAMED --add-opens=java.base/java.util.concurrent.atomic=ALL-UNNAMED -Xmx2048m -Dfile.encoding=UTF-8 -Duser.country=CN -Duser.language=zh -Duser.variant org.gradle.launcher.daemon.bootstrap.GradleDaemon 7.3.3

Host: Intel(R) Core(TM) i7-10700 CPU @ 2.90GHz, 16 cores, 15G,  Windows 10 , 64 bit Build 22000 (10.0.22000.120)
Time: Fri Jul  8 09:09:52 2022 中国标准时间 elapsed time: 8.362083 seconds (0d 0h 0m 8s)

---------------  T H R E A D  ---------------

Current thread (0x000002cc1ca21800):  JavaThread "C2 CompilerThread3" daemon [_thread_in_native, id=21580, stack(0x000000e72e400000,0x000000e72e500000)]


Current CompileTask:
C2:   8362 5471       4       java.lang.invoke.MethodType::makeImpl (108 bytes)

Stack: [0x000000e72e400000,0x000000e72e500000]
Native frames: (J=compiled Java code, j=interpreted, Vv=VM code, C=native code)
V  [jvm.dll+0x5fbcea]
V  [jvm.dll+0x731905]
V  [jvm.dll+0x732f1d]
V  [jvm.dll+0x7335d3]
V  [jvm.dll+0x247bf8]
V  [jvm.dll+0xc018c]
V  [jvm.dll+0xc06cc]
V  [jvm.dll+0x35b2db]
V  [jvm.dll+0x328803]
V  [jvm.dll+0x327cfa]
V  [jvm.dll+0x200602]
V  [jvm.dll+0x1ff794]
V  [jvm.dll+0x18868c]
V  [jvm.dll+0x20e0d7]
V  [jvm.dll+0x20c901]
V  [jvm.dll+0x6f9b7f]
V  [jvm.dll+0x6f26a5]
V  [jvm.dll+0x5fabf6]
C  [ucrtbase.dll+0x26c0c]
C  [KERNEL32.DLL+0x154e0]
C  [ntdll.dll+0x485b]


---------------  P R O C E S S  ---------------

Threads class SMR info:
_java_thread_list=0x000002cc1f4d87b0, length=113, elements={
0x000002cc7cee0000, 0x000002cc1c1ac000, 0x000002cc1c1bb800, 0x000002cc1c2ce800,
0x000002cc1c40d000, 0x000002cc1c412800, 0x000002cc1c41b000, 0x000002cc1c422000,
0x000002cc1c439000, 0x000002cc1c7f1800, 0x000002cc1c785000, 0x000002cc1d6e3000,
0x000002cc1df7b800, 0x000002cc1ccb2800, 0x000002cc1c86a800, 0x000002cc1c773000,
0x000002cc1cbd7000, 0x000002cc1f3cc000, 0x000002cc1c0f7800, 0x000002cc1f533000,
0x000002cc1e93a800, 0x000002cc1e6cb800, 0x000002cc1feae000, 0x000002cc1c0c7000,
0x000002cc1c0c7800, 0x000002cc1c0c8800, 0x000002cc1f1af800, 0x000002cc204de000,
0x000002cc1f1b0800, 0x000002cc1f1aa800, 0x000002cc1f1ac800, 0x000002cc1f1ab800,
0x000002cc21d1a800, 0x000002cc1f1ad000, 0x000002cc1f1b6000, 0x000002cc21ed9800,
0x000002cc21eda800, 0x000002cc21ede800, 0x000002cc21ed3800, 0x000002cc21ed2000,
0x000002cc21ed4800, 0x000002cc21ed8800, 0x000002cc21ed5800, 0x000002cc21d5b000,
0x000002cc21d57800, 0x000002cc21d58800, 0x000002cc21d59000, 0x000002cc21d5a000,
0x000002cc21d5b800, 0x000002cc21d5c800, 0x000002cc21d57000, 0x000002cc21d5f800,
0x000002cc21d62000, 0x000002cc21d61800, 0x000002cc21d5f000, 0x000002cc21d5e000,
0x000002cc21d5d800, 0x000002cc21d60800, 0x000002cc21d63000, 0x000002cc21d64000,
0x000002cc21d64800, 0x000002cc21d65800, 0x000002cc2481c000, 0x000002cc24818800,
0x000002cc2481d800, 0x000002cc24819800, 0x000002cc24817800, 0x000002cc2481f000,
0x000002cc2481c800, 0x000002cc2481a000, 0x000002cc2481b000, 0x000002cc24823000,
0x000002cc24820000, 0x000002cc24820800, 0x000002cc24821800, 0x000002cc2481e800,
0x000002cc24826800, 0x000002cc24825000, 0x000002cc24822800, 0x000002cc24824000,
0x000002cc24825800, 0x000002cc23783000, 0x000002cc23781000, 0x000002cc23782000,
0x000002cc23783800, 0x000002cc23784800, 0x000002cc23785000, 0x000002cc2377f800,
0x000002cc23786000, 0x000002cc23780800, 0x000002cc21edd800, 0x000002cc22290000,
0x000002cc22296000, 0x000002cc22295000, 0x000002cc22292000, 0x000002cc22292800,
0x000002cc22291000, 0x000002cc22297000, 0x000002cc22294800, 0x000002cc22297800,
0x000002cc22298800, 0x000002cc22299000, 0x000002cc22293800, 0x000002cc2229c800,
0x000002cc2229f000, 0x000002cc2229e000, 0x000002cc2229b800, 0x000002cc2229a000,
0x000002cc2229d800, 0x000002cc1ca21800, 0x000002cc203d4000, 0x000002cc21d1b800,
0x000002cc20f4e000
}

Java Threads: ( => current thread )
  0x000002cc7cee0000 JavaThread "main" [_thread_blocked, id=26964, stack(0x000000e725f00000,0x000000e726000000)]
  0x000002cc1c1ac000 JavaThread "Reference Handler" daemon [_thread_blocked, id=39180, stack(0x000000e726600000,0x000000e726700000)]
  0x000002cc1c1bb800 JavaThread "Finalizer" daemon [_thread_blocked, id=31440, stack(0x000000e726700000,0x000000e726800000)]
  0x000002cc1c2ce800 JavaThread "Signal Dispatcher" daemon [_thread_blocked, id=30172, stack(0x000000e726800000,0x000000e726900000)]
  0x000002cc1c40d000 JavaThread "Attach Listener" daemon [_thread_blocked, id=412, stack(0x000000e726900000,0x000000e726a00000)]
  0x000002cc1c412800 JavaThread "Service Thread" daemon [_thread_blocked, id=38656, stack(0x000000e726a00000,0x000000e726b00000)]
  0x000002cc1c41b000 JavaThread "C2 CompilerThread0" daemon [_thread_blocked, id=29560, stack(0x000000e726b00000,0x000000e726c00000)]
  0x000002cc1c422000 JavaThread "C1 CompilerThread0" daemon [_thread_blocked, id=39296, stack(0x000000e726c00000,0x000000e726d00000)]
  0x000002cc1c439000 JavaThread "Sweeper thread" daemon [_thread_blocked, id=26716, stack(0x000000e726d00000,0x000000e726e00000)]
  0x000002cc1c7f1800 JavaThread "Common-Cleaner" daemon [_thread_blocked, id=25228, stack(0x000000e726e00000,0x000000e726f00000)]
  0x000002cc1c785000 JavaThread "C1 CompilerThread1" daemon [_thread_blocked, id=37428, stack(0x000000e726f00000,0x000000e727000000)]
  0x000002cc1d6e3000 JavaThread "C1 CompilerThread2" daemon [_thread_blocked, id=34312, stack(0x000000e727000000,0x000000e727100000)]
  0x000002cc1df7b800 JavaThread "C1 CompilerThread3" daemon [_thread_blocked, id=36940, stack(0x000000e727200000,0x000000e727300000)]
  0x000002cc1ccb2800 JavaThread "Daemon health stats" [_thread_blocked, id=14160, stack(0x000000e727800000,0x000000e727900000)]
  0x000002cc1c86a800 JavaThread "Incoming local TCP Connector on port 53928" [_thread_in_native, id=14820, stack(0x000000e727900000,0x000000e727a00000)]
  0x000002cc1c773000 JavaThread "Daemon periodic checks" [_thread_blocked, id=19880, stack(0x000000e727a00000,0x000000e727b00000)]
  0x000002cc1cbd7000 JavaThread "Daemon" [_thread_blocked, id=39684, stack(0x000000e727b00000,0x000000e727c00000)]
  0x000002cc1f3cc000 JavaThread "Handler for socket connection from /127.0.0.1:53928 to /127.0.0.1:53930" [_thread_in_native, id=13892, stack(0x000000e727c00000,0x000000e727d00000)]
  0x000002cc1c0f7800 JavaThread "Cancel handler" [_thread_blocked, id=22932, stack(0x000000e727d00000,0x000000e727e00000)]
  0x000002cc1f533000 JavaThread "Daemon worker" [_thread_in_vm, id=33064, stack(0x000000e727e00000,0x000000e727f00000)]
  0x000002cc1e93a800 JavaThread "Asynchronous log dispatcher for DefaultDaemonConnection: socket connection from /127.0.0.1:53928 to /127.0.0.1:53930" [_thread_blocked, id=2768, stack(0x000000e727f00000,0x000000e728000000)]
  0x000002cc1e6cb800 JavaThread "Stdin handler" [_thread_blocked, id=36428, stack(0x000000e728000000,0x000000e728100000)]
  0x000002cc1feae000 JavaThread "Daemon client event forwarder" [_thread_blocked, id=29816, stack(0x000000e728200000,0x000000e728300000)]
  0x000002cc1c0c7000 JavaThread "Cache worker for journal cache (C:\Users\Administrator\.gradle\caches\journal-1)" [_thread_blocked, id=20580, stack(0x000000e728300000,0x000000e728400000)]
  0x000002cc1c0c7800 JavaThread "File lock request listener" [_thread_in_native, id=4448, stack(0x000000e728400000,0x000000e728500000)]
  0x000002cc1c0c8800 JavaThread "Cache worker for file hash cache (C:\Users\Administrator\.gradle\caches\7.3.3\fileHashes)" [_thread_blocked, id=37320, stack(0x000000e728500000,0x000000e728600000)]
  0x000002cc1f1af800 JavaThread "Cache worker for file hash cache (D:\WebStormProjects\Ixueto\.gradle\7.3.3\fileHashes)" [_thread_blocked, id=8912, stack(0x000000e728100000,0x000000e728200000)]
  0x000002cc204de000 JavaThread "C2 CompilerThread1" daemon [_thread_blocked, id=8812, stack(0x000000e728f00000,0x000000e729000000)]
  0x000002cc1f1b0800 JavaThread "File watcher server" daemon [_thread_in_native, id=32372, stack(0x000000e729100000,0x000000e729200000)]
  0x000002cc1f1aa800 JavaThread "File watcher consumer" daemon [_thread_blocked, id=27412, stack(0x000000e729200000,0x000000e729300000)]
  0x000002cc1f1ac800 JavaThread "Cache worker for checksums cache (D:\WebStormProjects\Ixueto\.gradle\7.3.3\checksums)" [_thread_blocked, id=12032, stack(0x000000e729300000,0x000000e729400000)]
  0x000002cc1f1ab800 JavaThread "Cache worker for execution history cache (C:\Users\Administrator\.gradle\caches\7.3.3\executionHistory)" [_thread_blocked, id=4632, stack(0x000000e729600000,0x000000e729700000)]
  0x000002cc21d1a800 JavaThread "C2 CompilerThread2" daemon [_thread_blocked, id=35096, stack(0x000000e729000000,0x000000e729100000)]
  0x000002cc1f1ad000 JavaThread "jar transforms" [_thread_blocked, id=35276, stack(0x000000e729800000,0x000000e729900000)]
  0x000002cc1f1b6000 JavaThread "Cache worker for file content cache (C:\Users\Administrator\.gradle\caches\7.3.3\fileContent)" [_thread_blocked, id=39476, stack(0x000000e729900000,0x000000e729a00000)]
  0x000002cc21ed9800 JavaThread "jar transforms Thread 2" [_thread_blocked, id=22572, stack(0x000000e729a00000,0x000000e729b00000)]
  0x000002cc21eda800 JavaThread "Cache worker for dependencies-accessors (D:\WebStormProjects\Ixueto\.gradle\7.3.3\dependencies-accessors)" [_thread_blocked, id=9740, stack(0x000000e729b00000,0x000000e729c00000)]
  0x000002cc21ede800 JavaThread "jar transforms Thread 3" [_thread_blocked, id=23960, stack(0x000000e729c00000,0x000000e729d00000)]
  0x000002cc21ed3800 JavaThread "Unconstrained build operations" [_thread_blocked, id=28148, stack(0x000000e729d00000,0x000000e729e00000)]
  0x000002cc21ed2000 JavaThread "Unconstrained build operations Thread 2" [_thread_blocked, id=38116, stack(0x000000e729e00000,0x000000e729f00000)]
  0x000002cc21ed4800 JavaThread "Unconstrained build operations Thread 3" [_thread_blocked, id=38908, stack(0x000000e729f00000,0x000000e72a000000)]
  0x000002cc21ed8800 JavaThread "Unconstrained build operations Thread 4" [_thread_blocked, id=2600, stack(0x000000e72a000000,0x000000e72a100000)]
  0x000002cc21ed5800 JavaThread "Unconstrained build operations Thread 5" [_thread_blocked, id=8196, stack(0x000000e72a100000,0x000000e72a200000)]
  0x000002cc21d5b000 JavaThread "Unconstrained build operations Thread 6" [_thread_blocked, id=31184, stack(0x000000e72a200000,0x000000e72a300000)]
  0x000002cc21d57800 JavaThread "Unconstrained build operations Thread 7" [_thread_blocked, id=37604, stack(0x000000e72a300000,0x000000e72a400000)]
  0x000002cc21d58800 JavaThread "Unconstrained build operations Thread 8" [_thread_blocked, id=8948, stack(0x000000e72a400000,0x000000e72a500000)]
  0x000002cc21d59000 JavaThread "Unconstrained build operations Thread 9" [_thread_blocked, id=14572, stack(0x000000e72a500000,0x000000e72a600000)]
  0x000002cc21d5a000 JavaThread "Unconstrained build operations Thread 10" [_thread_blocked, id=24984, stack(0x000000e72a600000,0x000000e72a700000)]
  0x000002cc21d5b800 JavaThread "Unconstrained build operations Thread 11" [_thread_blocked, id=9868, stack(0x000000e72a700000,0x000000e72a800000)]
  0x000002cc21d5c800 JavaThread "Unconstrained build operations Thread 12" [_thread_blocked, id=30788, stack(0x000000e72a800000,0x000000e72a900000)]
  0x000002cc21d57000 JavaThread "Unconstrained build operations Thread 13" [_thread_blocked, id=19956, stack(0x000000e72a900000,0x000000e72aa00000)]
  0x000002cc21d5f800 JavaThread "Unconstrained build operations Thread 14" [_thread_blocked, id=24540, stack(0x000000e72aa00000,0x000000e72ab00000)]
  0x000002cc21d62000 JavaThread "Unconstrained build operations Thread 15" [_thread_blocked, id=18104, stack(0x000000e72ab00000,0x000000e72ac00000)]
  0x000002cc21d61800 JavaThread "Unconstrained build operations Thread 16" [_thread_blocked, id=24068, stack(0x000000e72ac00000,0x000000e72ad00000)]
  0x000002cc21d5f000 JavaThread "Unconstrained build operations Thread 17" [_thread_blocked, id=19196, stack(0x000000e72ad00000,0x000000e72ae00000)]
  0x000002cc21d5e000 JavaThread "Unconstrained build operations Thread 18" [_thread_blocked, id=23340, stack(0x000000e72ae00000,0x000000e72af00000)]
  0x000002cc21d5d800 JavaThread "Unconstrained build operations Thread 19" [_thread_blocked, id=16840, stack(0x000000e72af00000,0x000000e72b000000)]
  0x000002cc21d60800 JavaThread "Unconstrained build operations Thread 20" [_thread_blocked, id=38592, stack(0x000000e72b000000,0x000000e72b100000)]
  0x000002cc21d63000 JavaThread "Unconstrained build operations Thread 21" [_thread_blocked, id=4932, stack(0x000000e72b100000,0x000000e72b200000)]
  0x000002cc21d64000 JavaThread "Unconstrained build operations Thread 22" [_thread_blocked, id=7136, stack(0x000000e72b200000,0x000000e72b300000)]
  0x000002cc21d64800 JavaThread "Unconstrained build operations Thread 23" [_thread_blocked, id=14452, stack(0x000000e72b300000,0x000000e72b400000)]
  0x000002cc21d65800 JavaThread "Unconstrained build operations Thread 24" [_thread_blocked, id=18260, stack(0x000000e72b400000,0x000000e72b500000)]
  0x000002cc2481c000 JavaThread "Unconstrained build operations Thread 25" [_thread_blocked, id=33244, stack(0x000000e72b500000,0x000000e72b600000)]
  0x000002cc24818800 JavaThread "Unconstrained build operations Thread 26" [_thread_blocked, id=26940, stack(0x000000e72b600000,0x000000e72b700000)]
  0x000002cc2481d800 JavaThread "Unconstrained build operations Thread 27" [_thread_blocked, id=25008, stack(0x000000e72b700000,0x000000e72b800000)]
  0x000002cc24819800 JavaThread "Unconstrained build operations Thread 28" [_thread_blocked, id=8180, stack(0x000000e72b800000,0x000000e72b900000)]
  0x000002cc24817800 JavaThread "Unconstrained build operations Thread 29" [_thread_blocked, id=39748, stack(0x000000e72b900000,0x000000e72ba00000)]
  0x000002cc2481f000 JavaThread "Unconstrained build operations Thread 30" [_thread_blocked, id=35784, stack(0x000000e72ba00000,0x000000e72bb00000)]
  0x000002cc2481c800 JavaThread "Unconstrained build operations Thread 31" [_thread_blocked, id=32328, stack(0x000000e72bb00000,0x000000e72bc00000)]
  0x000002cc2481a000 JavaThread "Unconstrained build operations Thread 32" [_thread_blocked, id=39056, stack(0x000000e72bc00000,0x000000e72bd00000)]
  0x000002cc2481b000 JavaThread "Unconstrained build operations Thread 33" [_thread_blocked, id=34308, stack(0x000000e72bd00000,0x000000e72be00000)]
  0x000002cc24823000 JavaThread "Unconstrained build operations Thread 34" [_thread_blocked, id=9688, stack(0x000000e72be00000,0x000000e72bf00000)]
  0x000002cc24820000 JavaThread "Unconstrained build operations Thread 35" [_thread_blocked, id=1172, stack(0x000000e72bf00000,0x000000e72c000000)]
  0x000002cc24820800 JavaThread "Unconstrained build operations Thread 36" [_thread_blocked, id=36852, stack(0x000000e72c000000,0x000000e72c100000)]
  0x000002cc24821800 JavaThread "Unconstrained build operations Thread 37" [_thread_blocked, id=26508, stack(0x000000e72c100000,0x000000e72c200000)]
  0x000002cc2481e800 JavaThread "Unconstrained build operations Thread 38" [_thread_blocked, id=33632, stack(0x000000e72c200000,0x000000e72c300000)]
  0x000002cc24826800 JavaThread "Unconstrained build operations Thread 39" [_thread_blocked, id=30852, stack(0x000000e72c300000,0x000000e72c400000)]
  0x000002cc24825000 JavaThread "Unconstrained build operations Thread 40" [_thread_blocked, id=32264, stack(0x000000e72c400000,0x000000e72c500000)]
  0x000002cc24822800 JavaThread "Unconstrained build operations Thread 41" [_thread_blocked, id=22872, stack(0x000000e72c500000,0x000000e72c600000)]
  0x000002cc24824000 JavaThread "Unconstrained build operations Thread 42" [_thread_blocked, id=4004, stack(0x000000e72c600000,0x000000e72c700000)]
  0x000002cc24825800 JavaThread "Unconstrained build operations Thread 43" [_thread_blocked, id=32732, stack(0x000000e72c700000,0x000000e72c800000)]
  0x000002cc23783000 JavaThread "Unconstrained build operations Thread 44" [_thread_blocked, id=21892, stack(0x000000e72c800000,0x000000e72c900000)]
  0x000002cc23781000 JavaThread "Unconstrained build operations Thread 45" [_thread_blocked, id=37948, stack(0x000000e72c900000,0x000000e72ca00000)]
  0x000002cc23782000 JavaThread "Unconstrained build operations Thread 46" [_thread_blocked, id=10860, stack(0x000000e72ca00000,0x000000e72cb00000)]
  0x000002cc23783800 JavaThread "Unconstrained build operations Thread 47" [_thread_blocked, id=35136, stack(0x000000e72cb00000,0x000000e72cc00000)]
  0x000002cc23784800 JavaThread "Unconstrained build operations Thread 48" [_thread_blocked, id=37780, stack(0x000000e72cc00000,0x000000e72cd00000)]
  0x000002cc23785000 JavaThread "Unconstrained build operations Thread 49" [_thread_blocked, id=9220, stack(0x000000e72cd00000,0x000000e72ce00000)]
  0x000002cc2377f800 JavaThread "Unconstrained build operations Thread 50" [_thread_blocked, id=32696, stack(0x000000e72ce00000,0x000000e72cf00000)]
  0x000002cc23786000 JavaThread "Unconstrained build operations Thread 51" [_thread_blocked, id=12792, stack(0x000000e72cf00000,0x000000e72d000000)]
  0x000002cc23780800 JavaThread "Unconstrained build operations Thread 52" [_thread_blocked, id=5004, stack(0x000000e72d000000,0x000000e72d100000)]
  0x000002cc21edd800 JavaThread "Unconstrained build operations Thread 53" [_thread_blocked, id=37300, stack(0x000000e72d100000,0x000000e72d200000)]
  0x000002cc22290000 JavaThread "Unconstrained build operations Thread 54" [_thread_blocked, id=38372, stack(0x000000e72d200000,0x000000e72d300000)]
  0x000002cc22296000 JavaThread "Unconstrained build operations Thread 55" [_thread_blocked, id=34404, stack(0x000000e72d300000,0x000000e72d400000)]
  0x000002cc22295000 JavaThread "Unconstrained build operations Thread 56" [_thread_blocked, id=32848, stack(0x000000e72d400000,0x000000e72d500000)]
  0x000002cc22292000 JavaThread "Unconstrained build operations Thread 57" [_thread_blocked, id=15064, stack(0x000000e72d500000,0x000000e72d600000)]
  0x000002cc22292800 JavaThread "Unconstrained build operations Thread 58" [_thread_blocked, id=18720, stack(0x000000e72d600000,0x000000e72d700000)]
  0x000002cc22291000 JavaThread "Unconstrained build operations Thread 59" [_thread_blocked, id=38292, stack(0x000000e72d700000,0x000000e72d800000)]
  0x000002cc22297000 JavaThread "Unconstrained build operations Thread 60" [_thread_blocked, id=38948, stack(0x000000e72d800000,0x000000e72d900000)]
  0x000002cc22294800 JavaThread "Unconstrained build operations Thread 61" [_thread_blocked, id=36944, stack(0x000000e72d900000,0x000000e72da00000)]
  0x000002cc22297800 JavaThread "Unconstrained build operations Thread 62" [_thread_blocked, id=25732, stack(0x000000e72da00000,0x000000e72db00000)]
  0x000002cc22298800 JavaThread "Unconstrained build operations Thread 63" [_thread_blocked, id=23992, stack(0x000000e72db00000,0x000000e72dc00000)]
  0x000002cc22299000 JavaThread "Unconstrained build operations Thread 64" [_thread_blocked, id=21744, stack(0x000000e72dc00000,0x000000e72dd00000)]
  0x000002cc22293800 JavaThread "Unconstrained build operations Thread 65" [_thread_blocked, id=37176, stack(0x000000e72dd00000,0x000000e72de00000)]
  0x000002cc2229c800 JavaThread "Unconstrained build operations Thread 66" [_thread_blocked, id=30784, stack(0x000000e72de00000,0x000000e72df00000)]
  0x000002cc2229f000 JavaThread "Unconstrained build operations Thread 67" [_thread_blocked, id=25896, stack(0x000000e72df00000,0x000000e72e000000)]
  0x000002cc2229e000 JavaThread "Unconstrained build operations Thread 68" [_thread_blocked, id=30688, stack(0x000000e72e000000,0x000000e72e100000)]
  0x000002cc2229b800 JavaThread "Unconstrained build operations Thread 69" [_thread_blocked, id=6616, stack(0x000000e72e100000,0x000000e72e200000)]
  0x000002cc2229a000 JavaThread "Unconstrained build operations Thread 70" [_thread_blocked, id=37876, stack(0x000000e72e200000,0x000000e72e300000)]
  0x000002cc2229d800 JavaThread "Unconstrained build operations Thread 71" [_thread_blocked, id=36772, stack(0x000000e72e300000,0x000000e72e400000)]
=>0x000002cc1ca21800 JavaThread "C2 CompilerThread3" daemon [_thread_in_native, id=21580, stack(0x000000e72e400000,0x000000e72e500000)]
  0x000002cc203d4000 JavaThread "C2 CompilerThread4" daemon [_thread_blocked, id=37228, stack(0x000000e72e500000,0x000000e72e600000)]
  0x000002cc21d1b800 JavaThread "C2 CompilerThread5" daemon [_thread_blocked, id=36212, stack(0x000000e72e600000,0x000000e72e700000)]
  0x000002cc20f4e000 JavaThread "C2 CompilerThread6" daemon [_thread_blocked, id=24060, stack(0x000000e72e700000,0x000000e72e800000)]

Other Threads:
  0x000002cc1c13e800 VMThread "VM Thread" [stack: 0x000000e726500000,0x000000e726600000] [id=21656]
  0x000002cc1c86b800 WatcherThread [stack: 0x000000e727100000,0x000000e727200000] [id=32292]
  0x000002cc7cf02000 GCTaskThread "GC Thread#0" [stack: 0x000000e726000000,0x000000e726100000] [id=12848]
  0x000002cc7cedf000 GCTaskThread "GC Thread#1" [stack: 0x000000e727300000,0x000000e727400000] [id=38620]
  0x000002cc188d8800 GCTaskThread "GC Thread#2" [stack: 0x000000e727400000,0x000000e727500000] [id=12688]
  0x000002cc7b0b2000 GCTaskThread "GC Thread#3" [stack: 0x000000e727500000,0x000000e727600000] [id=5764]
  0x000002cc1dc04000 GCTaskThread "GC Thread#4" [stack: 0x000000e727600000,0x000000e727700000] [id=812]
  0x000002cc1d78c800 GCTaskThread "GC Thread#5" [stack: 0x000000e727700000,0x000000e727800000] [id=38032]
  0x000002cc204ef000 GCTaskThread "GC Thread#6" [stack: 0x000000e728600000,0x000000e728700000] [id=34288]
  0x000002cc20557000 GCTaskThread "GC Thread#7" [stack: 0x000000e728700000,0x000000e728800000] [id=39912]
  0x000002cc1e5fd000 GCTaskThread "GC Thread#8" [stack: 0x000000e728800000,0x000000e728900000] [id=29596]
  0x000002cc204d4800 GCTaskThread "GC Thread#9" [stack: 0x000000e728900000,0x000000e728a00000] [id=37580]
  0x000002cc1efd9000 GCTaskThread "GC Thread#10" [stack: 0x000000e728a00000,0x000000e728b00000] [id=38104]
  0x000002cc1efdb000 GCTaskThread "GC Thread#11" [stack: 0x000000e728b00000,0x000000e728c00000] [id=23980]
  0x000002cc1efdc000 GCTaskThread "GC Thread#12" [stack: 0x000000e728c00000,0x000000e728d00000] [id=36760]
  0x000002cc186f8800 ConcurrentGCThread "G1 Main Marker" [stack: 0x000000e726100000,0x000000e726200000] [id=25892]
  0x000002cc186f9000 ConcurrentGCThread "G1 Conc#0" [stack: 0x000000e726200000,0x000000e726300000] [id=22220]
  0x000002cc20519800 ConcurrentGCThread "G1 Conc#1" [stack: 0x000000e728d00000,0x000000e728e00000] [id=39192]
  0x000002cc1f1b9800 ConcurrentGCThread "G1 Conc#2" [stack: 0x000000e728e00000,0x000000e728f00000] [id=7156]
  0x000002cc18831800 ConcurrentGCThread "G1 Refine#0" [stack: 0x000000e726300000,0x000000e726400000] [id=25136]
  0x000002cc18833000 ConcurrentGCThread "G1 Young RemSet Sampling" [stack: 0x000000e726400000,0x000000e726500000] [id=36876]

Threads with active compile tasks:
C2 CompilerThread3   8402 5471       4       java.lang.invoke.MethodType::makeImpl (108 bytes)

VM state:not at safepoint (normal execution)

VM Mutex/Monitor currently owned by a thread: None

OutOfMemory and StackOverflow Exception counts:
OutOfMemoryError java_heap_errors=1
LinkageErrors=84

Heap address: 0x0000000080000000, size: 2048 MB, Compressed Oops mode: 32-bit
Narrow klass base: 0x0000000000000000, Narrow klass shift: 3
Compressed class space size: 1073741824 Address: 0x0000000100000000

Heap:
 garbage-first heap   total 260096K, used 111945K [0x0000000080000000, 0x0000000100000000)
  region size 1024K, 94 young (96256K), 13 survivors (13312K)
 Metaspace       used 49411K, capacity 50920K, committed 51068K, reserved 1093632K
  class space    used 6315K, capacity 6861K, committed 6912K, reserved 1048576K
Heap Regions: E=young(eden), S=young(survivor), O=old, HS=humongous(starts), HC=humongous(continues), CS=collection set, F=free, A=archive, TAMS=top-at-mark-start (previous, next)
|   0|0x0000000080000000, 0x0000000080100000, 0x0000000080100000|100%| O|  |TAMS 0x0000000080100000, 0x0000000080000000| Untracked 
|   1|0x0000000080100000, 0x0000000080200000, 0x0000000080200000|100%| O|  |TAMS 0x0000000080200000, 0x0000000080100000| Untracked 
|   2|0x0000000080200000, 0x0000000080300000, 0x0000000080300000|100%| O|  |TAMS 0x0000000080300000, 0x0000000080200000| Untracked 
|   3|0x0000000080300000, 0x0000000080400000, 0x0000000080400000|100%|HS|  |TAMS 0x0000000080400000, 0x0000000080300000| Complete 
|   4|0x0000000080400000, 0x0000000080500000, 0x0000000080500000|100%|HC|  |TAMS 0x0000000080500000, 0x0000000080400000| Complete 
|   5|0x0000000080500000, 0x0000000080600000, 0x0000000080600000|100%|HC|  |TAMS 0x0000000080600000, 0x0000000080500000| Complete 
|   6|0x0000000080600000, 0x0000000080700000, 0x0000000080700000|100%| O|  |TAMS 0x0000000080700000, 0x0000000080600000| Untracked 
|   7|0x0000000080700000, 0x0000000080800000, 0x0000000080800000|100%| O|  |TAMS 0x0000000080800000, 0x0000000080700000| Untracked 
|   8|0x0000000080800000, 0x0000000080900000, 0x0000000080900000|100%| O|  |TAMS 0x0000000080900000, 0x0000000080800000| Untracked 
|   9|0x0000000080900000, 0x0000000080a00000, 0x0000000080a00000|100%| O|  |TAMS 0x0000000080a00000, 0x0000000080900000| Untracked 
|  10|0x0000000080a00000, 0x0000000080b00000, 0x0000000080b00000|100%| O|  |TAMS 0x0000000080b00000, 0x0000000080a00000| Untracked 
|  11|0x0000000080b00000, 0x0000000080c00000, 0x0000000080c00000|100%| O|  |TAMS 0x0000000080c00000, 0x0000000080b00000| Untracked 
|  12|0x0000000080c00000, 0x0000000080d00000, 0x0000000080d00000|100%| O|  |TAMS 0x0000000080d00000, 0x0000000080c00000| Untracked 
|  13|0x0000000080d00000, 0x0000000080e00000, 0x0000000080e00000|100%| O|  |TAMS 0x0000000080e00000, 0x0000000080d00000| Untracked 
|  14|0x0000000080e00000, 0x0000000080f00000, 0x0000000080f00000|100%| O|  |TAMS 0x0000000080f00000, 0x0000000080e00000| Untracked 
|  15|0x0000000080f00000, 0x0000000081000000, 0x0000000081000000|100%| O|  |TAMS 0x0000000081000000, 0x0000000080f00000| Untracked 
|  16|0x0000000081000000, 0x0000000081055800, 0x0000000081100000| 33%| O|  |TAMS 0x0000000081055800, 0x0000000081000000| Untracked 
|  17|0x0000000081100000, 0x0000000081100000, 0x0000000081200000|  0%| F|  |TAMS 0x0000000081100000, 0x0000000081100000| Untracked 
|  18|0x0000000081200000, 0x0000000081200000, 0x0000000081300000|  0%| F|  |TAMS 0x0000000081200000, 0x0000000081200000| Untracked 
|  19|0x0000000081300000, 0x0000000081300000, 0x0000000081400000|  0%| F|  |TAMS 0x0000000081300000, 0x0000000081300000| Untracked 
|  20|0x0000000081400000, 0x0000000081400000, 0x0000000081500000|  0%| F|  |TAMS 0x0000000081400000, 0x0000000081400000| Untracked 
|  21|0x0000000081500000, 0x0000000081500000, 0x0000000081600000|  0%| F|  |TAMS 0x0000000081500000, 0x0000000081500000| Untracked 
|  22|0x0000000081600000, 0x0000000081600000, 0x0000000081700000|  0%| F|  |TAMS 0x0000000081600000, 0x0000000081600000| Untracked 
|  23|0x0000000081700000, 0x0000000081700000, 0x0000000081800000|  0%| F|  |TAMS 0x0000000081700000, 0x0000000081700000| Untracked 
|  24|0x0000000081800000, 0x0000000081800000, 0x0000000081900000|  0%| F|  |TAMS 0x0000000081800000, 0x0000000081800000| Untracked 
|  25|0x0000000081900000, 0x0000000081900000, 0x0000000081a00000|  0%| F|  |TAMS 0x0000000081900000, 0x0000000081900000| Untracked 
|  26|0x0000000081a00000, 0x0000000081a00000, 0x0000000081b00000|  0%| F|  |TAMS 0x0000000081a00000, 0x0000000081a00000| Untracked 
|  27|0x0000000081b00000, 0x0000000081b00000, 0x0000000081c00000|  0%| F|  |TAMS 0x0000000081b00000, 0x0000000081b00000| Untracked 
|  28|0x0000000081c00000, 0x0000000081c00000, 0x0000000081d00000|  0%| F|  |TAMS 0x0000000081c00000, 0x0000000081c00000| Untracked 
|  29|0x0000000081d00000, 0x0000000081d00000, 0x0000000081e00000|  0%| F|  |TAMS 0x0000000081d00000, 0x0000000081d00000| Untracked 
|  30|0x0000000081e00000, 0x0000000081e00000, 0x0000000081f00000|  0%| F|  |TAMS 0x0000000081e00000, 0x0000000081e00000| Untracked 
|  31|0x0000000081f00000, 0x0000000081f00000, 0x0000000082000000|  0%| F|  |TAMS 0x0000000081f00000, 0x0000000081f00000| Untracked 
|  32|0x0000000082000000, 0x0000000082000000, 0x0000000082100000|  0%| F|  |TAMS 0x0000000082000000, 0x0000000082000000| Untracked 
|  33|0x0000000082100000, 0x0000000082100000, 0x0000000082200000|  0%| F|  |TAMS 0x0000000082100000, 0x0000000082100000| Untracked 
|  34|0x0000000082200000, 0x0000000082200000, 0x0000000082300000|  0%| F|  |TAMS 0x0000000082200000, 0x0000000082200000| Untracked 
|  35|0x0000000082300000, 0x0000000082300000, 0x0000000082400000|  0%| F|  |TAMS 0x0000000082300000, 0x0000000082300000| Untracked 
|  36|0x0000000082400000, 0x0000000082400000, 0x0000000082500000|  0%| F|  |TAMS 0x0000000082400000, 0x0000000082400000| Untracked 
|  37|0x0000000082500000, 0x0000000082500000, 0x0000000082600000|  0%| F|  |TAMS 0x0000000082500000, 0x0000000082500000| Untracked 
|  38|0x0000000082600000, 0x0000000082600000, 0x0000000082700000|  0%| F|  |TAMS 0x0000000082600000, 0x0000000082600000| Untracked 
|  39|0x0000000082700000, 0x0000000082700000, 0x0000000082800000|  0%| F|  |TAMS 0x0000000082700000, 0x0000000082700000| Untracked 
|  40|0x0000000082800000, 0x0000000082800000, 0x0000000082900000|  0%| F|  |TAMS 0x0000000082800000, 0x0000000082800000| Untracked 
|  41|0x0000000082900000, 0x0000000082900000, 0x0000000082a00000|  0%| F|  |TAMS 0x0000000082900000, 0x0000000082900000| Untracked 
|  42|0x0000000082a00000, 0x0000000082a00000, 0x0000000082b00000|  0%| F|  |TAMS 0x0000000082a00000, 0x0000000082a00000| Untracked 
|  43|0x0000000082b00000, 0x0000000082b00000, 0x0000000082c00000|  0%| F|  |TAMS 0x0000000082b00000, 0x0000000082b00000| Untracked 
|  44|0x0000000082c00000, 0x0000000082c00000, 0x0000000082d00000|  0%| F|  |TAMS 0x0000000082c00000, 0x0000000082c00000| Untracked 
|  45|0x0000000082d00000, 0x0000000082d00000, 0x0000000082e00000|  0%| F|  |TAMS 0x0000000082d00000, 0x0000000082d00000| Untracked 
|  46|0x0000000082e00000, 0x0000000082e00000, 0x0000000082f00000|  0%| F|  |TAMS 0x0000000082e00000, 0x0000000082e00000| Untracked 
|  47|0x0000000082f00000, 0x0000000082f00000, 0x0000000083000000|  0%| F|  |TAMS 0x0000000082f00000, 0x0000000082f00000| Untracked 
|  48|0x0000000083000000, 0x0000000083000000, 0x0000000083100000|  0%| F|  |TAMS 0x0000000083000000, 0x0000000083000000| Untracked 
|  49|0x0000000083100000, 0x0000000083100000, 0x0000000083200000|  0%| F|  |TAMS 0x0000000083100000, 0x0000000083100000| Untracked 
|  50|0x0000000083200000, 0x0000000083200000, 0x0000000083300000|  0%| F|  |TAMS 0x0000000083200000, 0x0000000083200000| Untracked 
|  51|0x0000000083300000, 0x0000000083300000, 0x0000000083400000|  0%| F|  |TAMS 0x0000000083300000, 0x0000000083300000| Untracked 
|  52|0x0000000083400000, 0x0000000083400000, 0x0000000083500000|  0%| F|  |TAMS 0x0000000083400000, 0x0000000083400000| Untracked 
|  53|0x0000000083500000, 0x0000000083500000, 0x0000000083600000|  0%| F|  |TAMS 0x0000000083500000, 0x0000000083500000| Untracked 
|  54|0x0000000083600000, 0x0000000083600000, 0x0000000083700000|  0%| F|  |TAMS 0x0000000083600000, 0x0000000083600000| Untracked 
|  55|0x0000000083700000, 0x0000000083700000, 0x0000000083800000|  0%| F|  |TAMS 0x0000000083700000, 0x0000000083700000| Untracked 
|  56|0x0000000083800000, 0x0000000083800000, 0x0000000083900000|  0%| F|  |TAMS 0x0000000083800000, 0x0000000083800000| Untracked 
|  57|0x0000000083900000, 0x0000000083900000, 0x0000000083a00000|  0%| F|  |TAMS 0x0000000083900000, 0x0000000083900000| Untracked 
|  58|0x0000000083a00000, 0x0000000083a00000, 0x0000000083b00000|  0%| F|  |TAMS 0x0000000083a00000, 0x0000000083a00000| Untracked 
|  59|0x0000000083b00000, 0x0000000083b00000, 0x0000000083c00000|  0%| F|  |TAMS 0x0000000083b00000, 0x0000000083b00000| Untracked 
|  60|0x0000000083c00000, 0x0000000083c00000, 0x0000000083d00000|  0%| F|  |TAMS 0x0000000083c00000, 0x0000000083c00000| Untracked 
|  61|0x0000000083d00000, 0x0000000083d00000, 0x0000000083e00000|  0%| F|  |TAMS 0x0000000083d00000, 0x0000000083d00000| Untracked 
|  62|0x0000000083e00000, 0x0000000083e00000, 0x0000000083f00000|  0%| F|  |TAMS 0x0000000083e00000, 0x0000000083e00000| Untracked 
|  63|0x0000000083f00000, 0x0000000083f00000, 0x0000000084000000|  0%| F|  |TAMS 0x0000000083f00000, 0x0000000083f00000| Untracked 
|  64|0x0000000084000000, 0x0000000084000000, 0x0000000084100000|  0%| F|  |TAMS 0x0000000084000000, 0x0000000084000000| Untracked 
|  65|0x0000000084100000, 0x0000000084100000, 0x0000000084200000|  0%| F|  |TAMS 0x0000000084100000, 0x0000000084100000| Untracked 
|  66|0x0000000084200000, 0x0000000084200000, 0x0000000084300000|  0%| F|  |TAMS 0x0000000084200000, 0x0000000084200000| Untracked 
|  67|0x0000000084300000, 0x0000000084300000, 0x0000000084400000|  0%| F|  |TAMS 0x0000000084300000, 0x0000000084300000| Untracked 
|  68|0x0000000084400000, 0x0000000084400000, 0x0000000084500000|  0%| F|  |TAMS 0x0000000084400000, 0x0000000084400000| Untracked 
|  69|0x0000000084500000, 0x0000000084500000, 0x0000000084600000|  0%| F|  |TAMS 0x0000000084500000, 0x0000000084500000| Untracked 
|  70|0x0000000084600000, 0x0000000084600000, 0x0000000084700000|  0%| F|  |TAMS 0x0000000084600000, 0x0000000084600000| Untracked 
|  71|0x0000000084700000, 0x0000000084700000, 0x0000000084800000|  0%| F|  |TAMS 0x0000000084700000, 0x0000000084700000| Untracked 
|  72|0x0000000084800000, 0x0000000084800000, 0x0000000084900000|  0%| F|  |TAMS 0x0000000084800000, 0x0000000084800000| Untracked 
|  73|0x0000000084900000, 0x0000000084900000, 0x0000000084a00000|  0%| F|  |TAMS 0x0000000084900000, 0x0000000084900000| Untracked 
|  74|0x0000000084a00000, 0x0000000084a00000, 0x0000000084b00000|  0%| F|  |TAMS 0x0000000084a00000, 0x0000000084a00000| Untracked 
|  75|0x0000000084b00000, 0x0000000084b00000, 0x0000000084c00000|  0%| F|  |TAMS 0x0000000084b00000, 0x0000000084b00000| Untracked 
|  76|0x0000000084c00000, 0x0000000084c00000, 0x0000000084d00000|  0%| F|  |TAMS 0x0000000084c00000, 0x0000000084c00000| Untracked 
|  77|0x0000000084d00000, 0x0000000084d00000, 0x0000000084e00000|  0%| F|  |TAMS 0x0000000084d00000, 0x0000000084d00000| Untracked 
|  78|0x0000000084e00000, 0x0000000084e00000, 0x0000000084f00000|  0%| F|  |TAMS 0x0000000084e00000, 0x0000000084e00000| Untracked 
|  79|0x0000000084f00000, 0x0000000084f00000, 0x0000000085000000|  0%| F|  |TAMS 0x0000000084f00000, 0x0000000084f00000| Untracked 
|  80|0x0000000085000000, 0x0000000085000000, 0x0000000085100000|  0%| F|  |TAMS 0x0000000085000000, 0x0000000085000000| Untracked 
|  81|0x0000000085100000, 0x0000000085100000, 0x0000000085200000|  0%| F|  |TAMS 0x0000000085100000, 0x0000000085100000| Untracked 
|  82|0x0000000085200000, 0x0000000085200000, 0x0000000085300000|  0%| F|  |TAMS 0x0000000085200000, 0x0000000085200000| Untracked 
|  83|0x0000000085300000, 0x0000000085300000, 0x0000000085400000|  0%| F|  |TAMS 0x0000000085300000, 0x0000000085300000| Untracked 
|  84|0x0000000085400000, 0x0000000085400000, 0x0000000085500000|  0%| F|  |TAMS 0x0000000085400000, 0x0000000085400000| Untracked 
|  85|0x0000000085500000, 0x0000000085500000, 0x0000000085600000|  0%| F|  |TAMS 0x0000000085500000, 0x0000000085500000| Untracked 
|  86|0x0000000085600000, 0x0000000085600000, 0x0000000085700000|  0%| F|  |TAMS 0x0000000085600000, 0x0000000085600000| Untracked 
|  87|0x0000000085700000, 0x0000000085700000, 0x0000000085800000|  0%| F|  |TAMS 0x0000000085700000, 0x0000000085700000| Untracked 
|  88|0x0000000085800000, 0x0000000085800000, 0x0000000085900000|  0%| F|  |TAMS 0x0000000085800000, 0x0000000085800000| Untracked 
|  89|0x0000000085900000, 0x0000000085900000, 0x0000000085a00000|  0%| F|  |TAMS 0x0000000085900000, 0x0000000085900000| Untracked 
|  90|0x0000000085a00000, 0x0000000085a00000, 0x0000000085b00000|  0%| F|  |TAMS 0x0000000085a00000, 0x0000000085a00000| Untracked 
|  91|0x0000000085b00000, 0x0000000085b00000, 0x0000000085c00000|  0%| F|  |TAMS 0x0000000085b00000, 0x0000000085b00000| Untracked 
|  92|0x0000000085c00000, 0x0000000085c00000, 0x0000000085d00000|  0%| F|  |TAMS 0x0000000085c00000, 0x0000000085c00000| Untracked 
|  93|0x0000000085d00000, 0x0000000085d00000, 0x0000000085e00000|  0%| F|  |TAMS 0x0000000085d00000, 0x0000000085d00000| Untracked 
|  94|0x0000000085e00000, 0x0000000085e00000, 0x0000000085f00000|  0%| F|  |TAMS 0x0000000085e00000, 0x0000000085e00000| Untracked 
|  95|0x0000000085f00000, 0x0000000085f00000, 0x0000000086000000|  0%| F|  |TAMS 0x0000000085f00000, 0x0000000085f00000| Untracked 
|  96|0x0000000086000000, 0x0000000086000000, 0x0000000086100000|  0%| F|  |TAMS 0x0000000086000000, 0x0000000086000000| Untracked 
|  97|0x0000000086100000, 0x0000000086100000, 0x0000000086200000|  0%| F|  |TAMS 0x0000000086100000, 0x0000000086100000| Untracked 
|  98|0x0000000086200000, 0x0000000086200000, 0x0000000086300000|  0%| F|  |TAMS 0x0000000086200000, 0x0000000086200000| Untracked 
|  99|0x0000000086300000, 0x0000000086300000, 0x0000000086400000|  0%| F|  |TAMS 0x0000000086300000, 0x0000000086300000| Untracked 
| 100|0x0000000086400000, 0x0000000086400000, 0x0000000086500000|  0%| F|  |TAMS 0x0000000086400000, 0x0000000086400000| Untracked 
| 101|0x0000000086500000, 0x0000000086500000, 0x0000000086600000|  0%| F|  |TAMS 0x0000000086500000, 0x0000000086500000| Untracked 
| 102|0x0000000086600000, 0x0000000086600000, 0x0000000086700000|  0%| F|  |TAMS 0x0000000086600000, 0x0000000086600000| Untracked 
| 103|0x0000000086700000, 0x0000000086700000, 0x0000000086800000|  0%| F|  |TAMS 0x0000000086700000, 0x0000000086700000| Untracked 
| 104|0x0000000086800000, 0x0000000086800000, 0x0000000086900000|  0%| F|  |TAMS 0x0000000086800000, 0x0000000086800000| Untracked 
| 105|0x0000000086900000, 0x0000000086900000, 0x0000000086a00000|  0%| F|  |TAMS 0x0000000086900000, 0x0000000086900000| Untracked 
| 106|0x0000000086a00000, 0x0000000086a00000, 0x0000000086b00000|  0%| F|  |TAMS 0x0000000086a00000, 0x0000000086a00000| Untracked 
| 107|0x0000000086b00000, 0x0000000086b00000, 0x0000000086c00000|  0%| F|  |TAMS 0x0000000086b00000, 0x0000000086b00000| Untracked 
| 108|0x0000000086c00000, 0x0000000086c00000, 0x0000000086d00000|  0%| F|  |TAMS 0x0000000086c00000, 0x0000000086c00000| Untracked 
| 109|0x0000000086d00000, 0x0000000086d00000, 0x0000000086e00000|  0%| F|  |TAMS 0x0000000086d00000, 0x0000000086d00000| Untracked 
| 110|0x0000000086e00000, 0x0000000086e00000, 0x0000000086f00000|  0%| F|  |TAMS 0x0000000086e00000, 0x0000000086e00000| Untracked 
| 111|0x0000000086f00000, 0x0000000086f00000, 0x0000000087000000|  0%| F|  |TAMS 0x0000000086f00000, 0x0000000086f00000| Untracked 
| 112|0x0000000087000000, 0x0000000087000000, 0x0000000087100000|  0%| F|  |TAMS 0x0000000087000000, 0x0000000087000000| Untracked 
| 113|0x0000000087100000, 0x0000000087100000, 0x0000000087200000|  0%| F|  |TAMS 0x0000000087100000, 0x0000000087100000| Untracked 
| 114|0x0000000087200000, 0x0000000087200000, 0x0000000087300000|  0%| F|  |TAMS 0x0000000087200000, 0x0000000087200000| Untracked 
| 115|0x0000000087300000, 0x0000000087300000, 0x0000000087400000|  0%| F|  |TAMS 0x0000000087300000, 0x0000000087300000| Untracked 
| 116|0x0000000087400000, 0x0000000087400000, 0x0000000087500000|  0%| F|  |TAMS 0x0000000087400000, 0x0000000087400000| Untracked 
| 117|0x0000000087500000, 0x0000000087500000, 0x0000000087600000|  0%| F|  |TAMS 0x0000000087500000, 0x0000000087500000| Untracked 
| 118|0x0000000087600000, 0x0000000087600000, 0x0000000087700000|  0%| F|  |TAMS 0x0000000087600000, 0x0000000087600000| Untracked 
| 119|0x0000000087700000, 0x0000000087700000, 0x0000000087800000|  0%| F|  |TAMS 0x0000000087700000, 0x0000000087700000| Untracked 
| 120|0x0000000087800000, 0x0000000087800000, 0x0000000087900000|  0%| F|  |TAMS 0x0000000087800000, 0x0000000087800000| Untracked 
| 121|0x0000000087900000, 0x0000000087900000, 0x0000000087a00000|  0%| F|  |TAMS 0x0000000087900000, 0x0000000087900000| Untracked 
| 122|0x0000000087a00000, 0x0000000087afcd58, 0x0000000087b00000| 98%| S|CS|TAMS 0x0000000087a00000, 0x0000000087a00000| Complete 
| 123|0x0000000087b00000, 0x0000000087c00000, 0x0000000087c00000|100%| S|CS|TAMS 0x0000000087b00000, 0x0000000087b00000| Complete 
| 124|0x0000000087c00000, 0x0000000087d00000, 0x0000000087d00000|100%| S|CS|TAMS 0x0000000087c00000, 0x0000000087c00000| Complete 
| 125|0x0000000087d00000, 0x0000000087e00000, 0x0000000087e00000|100%| S|CS|TAMS 0x0000000087d00000, 0x0000000087d00000| Complete 
| 126|0x0000000087e00000, 0x0000000087f00000, 0x0000000087f00000|100%| S|CS|TAMS 0x0000000087e00000, 0x0000000087e00000| Complete 
| 127|0x0000000087f00000, 0x0000000088000000, 0x0000000088000000|100%| S|CS|TAMS 0x0000000087f00000, 0x0000000087f00000| Complete 
| 128|0x0000000088000000, 0x0000000088100000, 0x0000000088100000|100%| S|CS|TAMS 0x0000000088000000, 0x0000000088000000| Complete 
| 129|0x0000000088100000, 0x0000000088200000, 0x0000000088200000|100%| S|CS|TAMS 0x0000000088100000, 0x0000000088100000| Complete 
| 130|0x0000000088200000, 0x0000000088300000, 0x0000000088300000|100%| S|CS|TAMS 0x0000000088200000, 0x0000000088200000| Complete 
| 131|0x0000000088300000, 0x0000000088400000, 0x0000000088400000|100%| S|CS|TAMS 0x0000000088300000, 0x0000000088300000| Complete 
| 132|0x0000000088400000, 0x0000000088500000, 0x0000000088500000|100%| S|CS|TAMS 0x0000000088400000, 0x0000000088400000| Complete 
| 133|0x0000000088500000, 0x0000000088600000, 0x0000000088600000|100%| S|CS|TAMS 0x0000000088500000, 0x0000000088500000| Complete 
| 134|0x0000000088600000, 0x0000000088700000, 0x0000000088700000|100%| S|CS|TAMS 0x0000000088600000, 0x0000000088600000| Complete 
| 135|0x0000000088700000, 0x0000000088700000, 0x0000000088800000|  0%| F|  |TAMS 0x0000000088700000, 0x0000000088700000| Untracked 
| 136|0x0000000088800000, 0x0000000088800000, 0x0000000088900000|  0%| F|  |TAMS 0x0000000088800000, 0x0000000088800000| Untracked 
| 137|0x0000000088900000, 0x0000000088900000, 0x0000000088a00000|  0%| F|  |TAMS 0x0000000088900000, 0x0000000088900000| Untracked 
| 138|0x0000000088a00000, 0x0000000088a00000, 0x0000000088b00000|  0%| F|  |TAMS 0x0000000088a00000, 0x0000000088a00000| Untracked 
| 139|0x0000000088b00000, 0x0000000088b00000, 0x0000000088c00000|  0%| F|  |TAMS 0x0000000088b00000, 0x0000000088b00000| Untracked 
| 140|0x0000000088c00000, 0x0000000088c00000, 0x0000000088d00000|  0%| F|  |TAMS 0x0000000088c00000, 0x0000000088c00000| Untracked 
| 141|0x0000000088d00000, 0x0000000088d00000, 0x0000000088e00000|  0%| F|  |TAMS 0x0000000088d00000, 0x0000000088d00000| Untracked 
| 142|0x0000000088e00000, 0x0000000088e00000, 0x0000000088f00000|  0%| F|  |TAMS 0x0000000088e00000, 0x0000000088e00000| Untracked 
| 143|0x0000000088f00000, 0x0000000088f00000, 0x0000000089000000|  0%| F|  |TAMS 0x0000000088f00000, 0x0000000088f00000| Untracked 
| 144|0x0000000089000000, 0x0000000089000000, 0x0000000089100000|  0%| F|  |TAMS 0x0000000089000000, 0x0000000089000000| Untracked 
| 145|0x0000000089100000, 0x0000000089100000, 0x0000000089200000|  0%| F|  |TAMS 0x0000000089100000, 0x0000000089100000| Untracked 
| 146|0x0000000089200000, 0x0000000089200000, 0x0000000089300000|  0%| F|  |TAMS 0x0000000089200000, 0x0000000089200000| Untracked 
| 147|0x0000000089300000, 0x0000000089300000, 0x0000000089400000|  0%| F|  |TAMS 0x0000000089300000, 0x0000000089300000| Untracked 
| 148|0x0000000089400000, 0x0000000089400000, 0x0000000089500000|  0%| F|  |TAMS 0x0000000089400000, 0x0000000089400000| Untracked 
| 149|0x0000000089500000, 0x0000000089500000, 0x0000000089600000|  0%| F|  |TAMS 0x0000000089500000, 0x0000000089500000| Untracked 
| 150|0x0000000089600000, 0x0000000089600000, 0x0000000089700000|  0%| F|  |TAMS 0x0000000089600000, 0x0000000089600000| Untracked 
| 151|0x0000000089700000, 0x0000000089700000, 0x0000000089800000|  0%| F|  |TAMS 0x0000000089700000, 0x0000000089700000| Untracked 
| 152|0x0000000089800000, 0x0000000089800000, 0x0000000089900000|  0%| F|  |TAMS 0x0000000089800000, 0x0000000089800000| Untracked 
| 153|0x0000000089900000, 0x0000000089900000, 0x0000000089a00000|  0%| F|  |TAMS 0x0000000089900000, 0x0000000089900000| Untracked 
| 154|0x0000000089a00000, 0x0000000089a00000, 0x0000000089b00000|  0%| F|  |TAMS 0x0000000089a00000, 0x0000000089a00000| Untracked 
| 155|0x0000000089b00000, 0x0000000089b00000, 0x0000000089c00000|  0%| F|  |TAMS 0x0000000089b00000, 0x0000000089b00000| Untracked 
| 156|0x0000000089c00000, 0x0000000089c00000, 0x0000000089d00000|  0%| F|  |TAMS 0x0000000089c00000, 0x0000000089c00000| Untracked 
| 157|0x0000000089d00000, 0x0000000089d00000, 0x0000000089e00000|  0%| F|  |TAMS 0x0000000089d00000, 0x0000000089d00000| Untracked 
| 158|0x0000000089e00000, 0x0000000089e00000, 0x0000000089f00000|  0%| F|  |TAMS 0x0000000089e00000, 0x0000000089e00000| Untracked 
| 159|0x0000000089f00000, 0x0000000089f00000, 0x000000008a000000|  0%| F|  |TAMS 0x0000000089f00000, 0x0000000089f00000| Untracked 
| 160|0x000000008a000000, 0x000000008a000000, 0x000000008a100000|  0%| F|  |TAMS 0x000000008a000000, 0x000000008a000000| Untracked 
| 161|0x000000008a100000, 0x000000008a100000, 0x000000008a200000|  0%| F|  |TAMS 0x000000008a100000, 0x000000008a100000| Untracked 
| 162|0x000000008a200000, 0x000000008a200000, 0x000000008a300000|  0%| F|  |TAMS 0x000000008a200000, 0x000000008a200000| Untracked 
| 163|0x000000008a300000, 0x000000008a300000, 0x000000008a400000|  0%| F|  |TAMS 0x000000008a300000, 0x000000008a300000| Untracked 
| 164|0x000000008a400000, 0x000000008a400000, 0x000000008a500000|  0%| F|  |TAMS 0x000000008a400000, 0x000000008a400000| Untracked 
| 165|0x000000008a500000, 0x000000008a500000, 0x000000008a600000|  0%| F|  |TAMS 0x000000008a500000, 0x000000008a500000| Untracked 
| 166|0x000000008a600000, 0x000000008a600000, 0x000000008a700000|  0%| F|  |TAMS 0x000000008a600000, 0x000000008a600000| Untracked 
| 167|0x000000008a700000, 0x000000008a700000, 0x000000008a800000|  0%| F|  |TAMS 0x000000008a700000, 0x000000008a700000| Untracked 
| 168|0x000000008a800000, 0x000000008a800000, 0x000000008a900000|  0%| F|  |TAMS 0x000000008a800000, 0x000000008a800000| Untracked 
| 169|0x000000008a900000, 0x000000008a900000, 0x000000008aa00000|  0%| F|  |TAMS 0x000000008a900000, 0x000000008a900000| Untracked 
| 170|0x000000008aa00000, 0x000000008aa00000, 0x000000008ab00000|  0%| F|  |TAMS 0x000000008aa00000, 0x000000008aa00000| Untracked 
| 171|0x000000008ab00000, 0x000000008ab00000, 0x000000008ac00000|  0%| F|  |TAMS 0x000000008ab00000, 0x000000008ab00000| Untracked 
| 172|0x000000008ac00000, 0x000000008ac00000, 0x000000008ad00000|  0%| F|  |TAMS 0x000000008ac00000, 0x000000008ac00000| Untracked 
| 173|0x000000008ad00000, 0x000000008adfae40, 0x000000008ae00000| 98%| E|  |TAMS 0x000000008ad00000, 0x000000008ad00000| Complete 
| 174|0x000000008ae00000, 0x000000008af00000, 0x000000008af00000|100%| E|CS|TAMS 0x000000008ae00000, 0x000000008ae00000| Complete 
| 175|0x000000008af00000, 0x000000008b000000, 0x000000008b000000|100%| E|CS|TAMS 0x000000008af00000, 0x000000008af00000| Complete 
| 176|0x000000008b000000, 0x000000008b100000, 0x000000008b100000|100%| E|CS|TAMS 0x000000008b000000, 0x000000008b000000| Complete 
| 177|0x000000008b100000, 0x000000008b200000, 0x000000008b200000|100%| E|CS|TAMS 0x000000008b100000, 0x000000008b100000| Complete 
| 178|0x000000008b200000, 0x000000008b300000, 0x000000008b300000|100%| E|CS|TAMS 0x000000008b200000, 0x000000008b200000| Complete 
| 179|0x000000008b300000, 0x000000008b400000, 0x000000008b400000|100%| E|CS|TAMS 0x000000008b300000, 0x000000008b300000| Complete 
| 180|0x000000008b400000, 0x000000008b500000, 0x000000008b500000|100%| E|CS|TAMS 0x000000008b400000, 0x000000008b400000| Complete 
| 181|0x000000008b500000, 0x000000008b600000, 0x000000008b600000|100%| E|CS|TAMS 0x000000008b500000, 0x000000008b500000| Complete 
| 182|0x000000008b600000, 0x000000008b700000, 0x000000008b700000|100%| E|CS|TAMS 0x000000008b600000, 0x000000008b600000| Complete 
| 183|0x000000008b700000, 0x000000008b800000, 0x000000008b800000|100%| E|CS|TAMS 0x000000008b700000, 0x000000008b700000| Complete 
| 184|0x000000008b800000, 0x000000008b900000, 0x000000008b900000|100%| E|CS|TAMS 0x000000008b800000, 0x000000008b800000| Complete 
| 185|0x000000008b900000, 0x000000008ba00000, 0x000000008ba00000|100%| E|CS|TAMS 0x000000008b900000, 0x000000008b900000| Complete 
| 186|0x000000008ba00000, 0x000000008bb00000, 0x000000008bb00000|100%| E|CS|TAMS 0x000000008ba00000, 0x000000008ba00000| Complete 
| 187|0x000000008bb00000, 0x000000008bc00000, 0x000000008bc00000|100%| E|CS|TAMS 0x000000008bb00000, 0x000000008bb00000| Complete 
| 188|0x000000008bc00000, 0x000000008bd00000, 0x000000008bd00000|100%| E|CS|TAMS 0x000000008bc00000, 0x000000008bc00000| Complete 
| 189|0x000000008bd00000, 0x000000008be00000, 0x000000008be00000|100%| E|CS|TAMS 0x000000008bd00000, 0x000000008bd00000| Complete 
| 190|0x000000008be00000, 0x000000008bf00000, 0x000000008bf00000|100%| E|CS|TAMS 0x000000008be00000, 0x000000008be00000| Complete 
| 191|0x000000008bf00000, 0x000000008c000000, 0x000000008c000000|100%| E|CS|TAMS 0x000000008bf00000, 0x000000008bf00000| Complete 
| 192|0x000000008c000000, 0x000000008c100000, 0x000000008c100000|100%| E|CS|TAMS 0x000000008c000000, 0x000000008c000000| Complete 
| 193|0x000000008c100000, 0x000000008c200000, 0x000000008c200000|100%| E|CS|TAMS 0x000000008c100000, 0x000000008c100000| Complete 
| 194|0x000000008c200000, 0x000000008c300000, 0x000000008c300000|100%| E|CS|TAMS 0x000000008c200000, 0x000000008c200000| Complete 
| 195|0x000000008c300000, 0x000000008c400000, 0x000000008c400000|100%| E|CS|TAMS 0x000000008c300000, 0x000000008c300000| Complete 
| 196|0x000000008c400000, 0x000000008c500000, 0x000000008c500000|100%| E|CS|TAMS 0x000000008c400000, 0x000000008c400000| Complete 
| 197|0x000000008c500000, 0x000000008c600000, 0x000000008c600000|100%| E|CS|TAMS 0x000000008c500000, 0x000000008c500000| Complete 
| 198|0x000000008c600000, 0x000000008c700000, 0x000000008c700000|100%| E|CS|TAMS 0x000000008c600000, 0x000000008c600000| Complete 
| 199|0x000000008c700000, 0x000000008c800000, 0x000000008c800000|100%| E|CS|TAMS 0x000000008c700000, 0x000000008c700000| Complete 
| 200|0x000000008c800000, 0x000000008c900000, 0x000000008c900000|100%| E|CS|TAMS 0x000000008c800000, 0x000000008c800000| Complete 
| 201|0x000000008c900000, 0x000000008ca00000, 0x000000008ca00000|100%| E|CS|TAMS 0x000000008c900000, 0x000000008c900000| Complete 
| 202|0x000000008ca00000, 0x000000008cb00000, 0x000000008cb00000|100%| E|CS|TAMS 0x000000008ca00000, 0x000000008ca00000| Complete 
| 203|0x000000008cb00000, 0x000000008cc00000, 0x000000008cc00000|100%| E|CS|TAMS 0x000000008cb00000, 0x000000008cb00000| Complete 
| 204|0x000000008cc00000, 0x000000008cd00000, 0x000000008cd00000|100%| E|CS|TAMS 0x000000008cc00000, 0x000000008cc00000| Complete 
| 205|0x000000008cd00000, 0x000000008ce00000, 0x000000008ce00000|100%| E|CS|TAMS 0x000000008cd00000, 0x000000008cd00000| Complete 
| 206|0x000000008ce00000, 0x000000008cf00000, 0x000000008cf00000|100%| E|CS|TAMS 0x000000008ce00000, 0x000000008ce00000| Complete 
| 207|0x000000008cf00000, 0x000000008d000000, 0x000000008d000000|100%| E|CS|TAMS 0x000000008cf00000, 0x000000008cf00000| Complete 
| 208|0x000000008d000000, 0x000000008d100000, 0x000000008d100000|100%| E|CS|TAMS 0x000000008d000000, 0x000000008d000000| Complete 
| 209|0x000000008d100000, 0x000000008d200000, 0x000000008d200000|100%| E|CS|TAMS 0x000000008d100000, 0x000000008d100000| Complete 
| 210|0x000000008d200000, 0x000000008d300000, 0x000000008d300000|100%| E|CS|TAMS 0x000000008d200000, 0x000000008d200000| Complete 
| 211|0x000000008d300000, 0x000000008d400000, 0x000000008d400000|100%| E|CS|TAMS 0x000000008d300000, 0x000000008d300000| Complete 
| 212|0x000000008d400000, 0x000000008d500000, 0x000000008d500000|100%| E|CS|TAMS 0x000000008d400000, 0x000000008d400000| Complete 
| 213|0x000000008d500000, 0x000000008d600000, 0x000000008d600000|100%| E|CS|TAMS 0x000000008d500000, 0x000000008d500000| Complete 
| 214|0x000000008d600000, 0x000000008d700000, 0x000000008d700000|100%| E|CS|TAMS 0x000000008d600000, 0x000000008d600000| Complete 
| 215|0x000000008d700000, 0x000000008d800000, 0x000000008d800000|100%| E|CS|TAMS 0x000000008d700000, 0x000000008d700000| Complete 
| 216|0x000000008d800000, 0x000000008d900000, 0x000000008d900000|100%| E|CS|TAMS 0x000000008d800000, 0x000000008d800000| Complete 
| 217|0x000000008d900000, 0x000000008da00000, 0x000000008da00000|100%| E|CS|TAMS 0x000000008d900000, 0x000000008d900000| Complete 
| 218|0x000000008da00000, 0x000000008db00000, 0x000000008db00000|100%| E|CS|TAMS 0x000000008da00000, 0x000000008da00000| Complete 
| 219|0x000000008db00000, 0x000000008dc00000, 0x000000008dc00000|100%| E|CS|TAMS 0x000000008db00000, 0x000000008db00000| Complete 
| 220|0x000000008dc00000, 0x000000008dd00000, 0x000000008dd00000|100%| E|CS|TAMS 0x000000008dc00000, 0x000000008dc00000| Complete 
| 221|0x000000008dd00000, 0x000000008de00000, 0x000000008de00000|100%| E|CS|TAMS 0x000000008dd00000, 0x000000008dd00000| Complete 
| 222|0x000000008de00000, 0x000000008df00000, 0x000000008df00000|100%| E|CS|TAMS 0x000000008de00000, 0x000000008de00000| Complete 
| 223|0x000000008df00000, 0x000000008e000000, 0x000000008e000000|100%| E|CS|TAMS 0x000000008df00000, 0x000000008df00000| Complete 
| 224|0x000000008e000000, 0x000000008e100000, 0x000000008e100000|100%| E|CS|TAMS 0x000000008e000000, 0x000000008e000000| Complete 
| 225|0x000000008e100000, 0x000000008e200000, 0x000000008e200000|100%| E|CS|TAMS 0x000000008e100000, 0x000000008e100000| Complete 
| 226|0x000000008e200000, 0x000000008e300000, 0x000000008e300000|100%| E|CS|TAMS 0x000000008e200000, 0x000000008e200000| Complete 
| 227|0x000000008e300000, 0x000000008e400000, 0x000000008e400000|100%| E|CS|TAMS 0x000000008e300000, 0x000000008e300000| Complete 
| 228|0x000000008e400000, 0x000000008e500000, 0x000000008e500000|100%| E|CS|TAMS 0x000000008e400000, 0x000000008e400000| Complete 
| 229|0x000000008e500000, 0x000000008e600000, 0x000000008e600000|100%| E|CS|TAMS 0x000000008e500000, 0x000000008e500000| Complete 
| 230|0x000000008e600000, 0x000000008e700000, 0x000000008e700000|100%| E|CS|TAMS 0x000000008e600000, 0x000000008e600000| Complete 
| 231|0x000000008e700000, 0x000000008e800000, 0x000000008e800000|100%| E|CS|TAMS 0x000000008e700000, 0x000000008e700000| Complete 
| 232|0x000000008e800000, 0x000000008e900000, 0x000000008e900000|100%| E|CS|TAMS 0x000000008e800000, 0x000000008e800000| Complete 
| 233|0x000000008e900000, 0x000000008ea00000, 0x000000008ea00000|100%| E|CS|TAMS 0x000000008e900000, 0x000000008e900000| Complete 
| 234|0x000000008ea00000, 0x000000008eb00000, 0x000000008eb00000|100%| E|CS|TAMS 0x000000008ea00000, 0x000000008ea00000| Complete 
| 235|0x000000008eb00000, 0x000000008ec00000, 0x000000008ec00000|100%| E|CS|TAMS 0x000000008eb00000, 0x000000008eb00000| Complete 
| 236|0x000000008ec00000, 0x000000008ed00000, 0x000000008ed00000|100%| E|CS|TAMS 0x000000008ec00000, 0x000000008ec00000| Complete 
| 237|0x000000008ed00000, 0x000000008ee00000, 0x000000008ee00000|100%| E|CS|TAMS 0x000000008ed00000, 0x000000008ed00000| Complete 
| 238|0x000000008ee00000, 0x000000008ef00000, 0x000000008ef00000|100%| E|CS|TAMS 0x000000008ee00000, 0x000000008ee00000| Complete 
| 239|0x000000008ef00000, 0x000000008f000000, 0x000000008f000000|100%| E|CS|TAMS 0x000000008ef00000, 0x000000008ef00000| Complete 
| 240|0x000000008f000000, 0x000000008f100000, 0x000000008f100000|100%| E|CS|TAMS 0x000000008f000000, 0x000000008f000000| Complete 
| 241|0x000000008f100000, 0x000000008f200000, 0x000000008f200000|100%| E|CS|TAMS 0x000000008f100000, 0x000000008f100000| Complete 
| 242|0x000000008f200000, 0x000000008f300000, 0x000000008f300000|100%| E|CS|TAMS 0x000000008f200000, 0x000000008f200000| Complete 
| 243|0x000000008f300000, 0x000000008f400000, 0x000000008f400000|100%| E|CS|TAMS 0x000000008f300000, 0x000000008f300000| Complete 
| 244|0x000000008f400000, 0x000000008f500000, 0x000000008f500000|100%| E|CS|TAMS 0x000000008f400000, 0x000000008f400000| Complete 
| 245|0x000000008f500000, 0x000000008f600000, 0x000000008f600000|100%| E|CS|TAMS 0x000000008f500000, 0x000000008f500000| Complete 
| 246|0x000000008f600000, 0x000000008f700000, 0x000000008f700000|100%| E|CS|TAMS 0x000000008f600000, 0x000000008f600000| Complete 
| 247|0x000000008f700000, 0x000000008f800000, 0x000000008f800000|100%| E|CS|TAMS 0x000000008f700000, 0x000000008f700000| Complete 
| 248|0x000000008f800000, 0x000000008f900000, 0x000000008f900000|100%| E|CS|TAMS 0x000000008f800000, 0x000000008f800000| Complete 
| 249|0x000000008f900000, 0x000000008fa00000, 0x000000008fa00000|100%| E|CS|TAMS 0x000000008f900000, 0x000000008f900000| Complete 
| 250|0x000000008fa00000, 0x000000008fb00000, 0x000000008fb00000|100%| E|CS|TAMS 0x000000008fa00000, 0x000000008fa00000| Complete 
| 251|0x000000008fb00000, 0x000000008fc00000, 0x000000008fc00000|100%| E|CS|TAMS 0x000000008fb00000, 0x000000008fb00000| Complete 
| 252|0x000000008fc00000, 0x000000008fd00000, 0x000000008fd00000|100%| E|CS|TAMS 0x000000008fc00000, 0x000000008fc00000| Complete 
| 253|0x000000008fd00000, 0x000000008fe00000, 0x000000008fe00000|100%| E|CS|TAMS 0x000000008fd00000, 0x000000008fd00000| Complete 

Card table byte_map: [0x000002cc13e20000,0x000002cc14220000] _byte_map_base: 0x000002cc13a20000

Marking Bits (Prev, Next): (CMBitMap*) 0x000002cc7cf2e1e8, (CMBitMap*) 0x000002cc7cf2e220
 Prev Bits: [0x000002cc14620000, 0x000002cc16620000)
 Next Bits: [0x000002cc16620000, 0x000002cc18620000)

Polling page: 0x000002cc00000000

Metaspace:

Usage:
  Non-class:     43.03 MB capacity,    42.10 MB ( 98%) used,   807.42 KB (  2%) free+waste,   139.94 KB ( <1%) overhead. 
      Class:      6.70 MB capacity,     6.17 MB ( 92%) used,   476.86 KB (  7%) free+waste,    67.13 KB ( <1%) overhead. 
       Both:     49.73 MB capacity,    48.27 MB ( 97%) used,     1.25 MB (  3%) free+waste,   207.06 KB ( <1%) overhead. 

Virtual space:
  Non-class space:       44.00 MB reserved,      43.12 MB ( 98%) committed 
      Class space:        1.00 GB reserved,       6.75 MB ( <1%) committed 
             Both:        1.04 GB reserved,      49.87 MB (  5%) committed 

Chunk freelists:
   Non-Class:  33.00 KB
       Class:  0 bytes
        Both:  33.00 KB

MaxMetaspaceSize: 17179869184.00 GB
CompressedClassSpaceSize: 1.00 GB
Initial GC threshold: 20.80 MB
Current GC threshold: 58.54 MB
CDS: off

CodeHeap 'non-profiled nmethods': size=119168Kb used=3092Kb max_used=3092Kb free=116075Kb
 bounds [0x000002cc0b5f0000, 0x000002cc0b900000, 0x000002cc12a50000]
CodeHeap 'profiled nmethods': size=119168Kb used=12006Kb max_used=12006Kb free=107161Kb
 bounds [0x000002cc04190000, 0x000002cc04d50000, 0x000002cc0b5f0000]
CodeHeap 'non-nmethods': size=7424Kb used=3989Kb max_used=4027Kb free=3434Kb
 bounds [0x000002cc03a50000, 0x000002cc03e50000, 0x000002cc04190000]
 total_blobs=6583 nmethods=5789 adapters=703
 compilation: enabled
              stopped_count=0, restarted_count=0
 full_count=0

Compilation events (20 events):
Event: 8.352 Thread 0x000002cc21d1a800 nmethod 5599 0x000002cc0b8eb310 code [0x000002cc0b8eb4c0, 0x000002cc0b8ec298]
Event: 8.354 Thread 0x000002cc1c785000 5693       3       java.util.concurrent.ConcurrentLinkedQueue$Node::casItem (10 bytes)
Event: 8.354 Thread 0x000002cc1df7b800 5694       1       java.util.concurrent.ConcurrentLinkedQueue::lambda$clear$2 (2 bytes)
Event: 8.354 Thread 0x000002cc1c422000 5697       3       java.util.concurrent.ConcurrentLinkedQueue::bulkRemove (157 bytes)
Event: 8.354 Thread 0x000002cc1d6e3000 5695  s!   3       org.gradle.internal.service.DefaultServiceRegistry$ManagedObjectServiceProvider::stop (59 bytes)
Event: 8.354 Thread 0x000002cc1df7b800 nmethod 5694 0x000002cc0b8ec490 code [0x000002cc0b8ec640, 0x000002cc0b8ec6d8]
Event: 8.354 Thread 0x000002cc1df7b800 5696       3       java.util.concurrent.ConcurrentLinkedQueue::clear (11 bytes)
Event: 8.354 Thread 0x000002cc1df7b800 nmethod 5696 0x000002cc04d10810 code [0x000002cc04d109e0, 0x000002cc04d10ca8]
Event: 8.354 Thread 0x000002cc1df7b800 5698       3       java.util.concurrent.ConcurrentLinkedQueue$Itr::hasNext (13 bytes)
Event: 8.355 Thread 0x000002cc1d6e3000 nmethod 5695 0x000002cc04d10d90 code [0x000002cc04d11020, 0x000002cc04d11d58]
Event: 8.355 Thread 0x000002cc1df7b800 nmethod 5698 0x000002cc04d12190 code [0x000002cc04d12340, 0x000002cc04d12498]
Event: 8.355 Thread 0x000002cc1c785000 nmethod 5693 0x000002cc04d12510 code [0x000002cc04d127a0, 0x000002cc04d131f8]
Event: 8.355 Thread 0x000002cc1c422000 nmethod 5697 0x000002cc04d13590 code [0x000002cc04d13860, 0x000002cc04d14908]
Event: 8.356 Thread 0x000002cc1d6e3000 5699       3       java.util.concurrent.ConcurrentLinkedQueue$Itr::next (96 bytes)
Event: 8.356 Thread 0x000002cc1df7b800 5700       3       java.util.concurrent.ConcurrentLinkedQueue::succ (17 bytes)
Event: 8.356 Thread 0x000002cc1c785000 5701       3       java.util.concurrent.ConcurrentLinkedQueue$$Lambda$620/0x00000001006a7c40::test (5 bytes)
Event: 8.357 Thread 0x000002cc1c785000 nmethod 5701 0x000002cc04d14e90 code [0x000002cc04d15040, 0x000002cc04d15198]
Event: 8.357 Thread 0x000002cc1df7b800 nmethod 5700 0x000002cc04d15290 code [0x000002cc04d15440, 0x000002cc04d15578]
Event: 8.357 Thread 0x000002cc1d6e3000 nmethod 5699 0x000002cc04d15610 code [0x000002cc04d15820, 0x000002cc04d15ef8]
Event: 8.358 Thread 0x000002cc21d1b800 nmethod 5619 0x000002cc0b8ec790 code [0x000002cc0b8eca00, 0x000002cc0b8ee068]

GC Heap History (10 events):
Event: 0.966 GC heap before
{Heap before GC invocations=0 (full 0):
 garbage-first heap   total 260096K, used 29696K [0x0000000080000000, 0x0000000100000000)
  region size 1024K, 24 young (24576K), 0 survivors (0K)
 Metaspace       used 10085K, capacity 10320K, committed 10368K, reserved 1058816K
  class space    used 1038K, capacity 1105K, committed 1152K, reserved 1048576K
}
Event: 0.973 GC heap after
{Heap after GC invocations=1 (full 0):
 garbage-first heap   total 260096K, used 9473K [0x0000000080000000, 0x0000000100000000)
  region size 1024K, 3 young (3072K), 3 survivors (3072K)
 Metaspace       used 10085K, capacity 10320K, committed 10368K, reserved 1058816K
  class space    used 1038K, capacity 1105K, committed 1152K, reserved 1048576K
}
Event: 3.769 GC heap before
{Heap before GC invocations=1 (full 0):
 garbage-first heap   total 260096K, used 115969K [0x0000000080000000, 0x0000000100000000)
  region size 1024K, 108 young (110592K), 3 survivors (3072K)
 Metaspace       used 20766K, capacity 21229K, committed 21296K, reserved 1069056K
  class space    used 2540K, capacity 2680K, committed 2688K, reserved 1048576K
}
Event: 3.778 GC heap after
{Heap after GC invocations=2 (full 0):
 garbage-first heap   total 260096K, used 17309K [0x0000000080000000, 0x0000000100000000)
  region size 1024K, 11 young (11264K), 11 survivors (11264K)
 Metaspace       used 20766K, capacity 21229K, committed 21296K, reserved 1069056K
  class space    used 2540K, capacity 2680K, committed 2688K, reserved 1048576K
}
Event: 4.515 GC heap before
{Heap before GC invocations=3 (full 0):
 garbage-first heap   total 260096K, used 74653K [0x0000000080000000, 0x0000000100000000)
  region size 1024K, 67 young (68608K), 11 survivors (11264K)
 Metaspace       used 26829K, capacity 27458K, committed 27696K, reserved 1073152K
  class space    used 3486K, capacity 3703K, committed 3712K, reserved 1048576K
}
Event: 4.524 GC heap after
{Heap after GC invocations=4 (full 0):
 garbage-first heap   total 260096K, used 19467K [0x0000000080000000, 0x0000000100000000)
  region size 1024K, 3 young (3072K), 3 survivors (3072K)
 Metaspace       used 26829K, capacity 27458K, committed 27696K, reserved 1073152K
  class space    used 3486K, capacity 3703K, committed 3712K, reserved 1048576K
}
Event: 5.404 GC heap before
{Heap before GC invocations=4 (full 0):
 garbage-first heap   total 260096K, used 74763K [0x0000000080000000, 0x0000000100000000)
  region size 1024K, 58 young (59392K), 3 survivors (3072K)
 Metaspace       used 34840K, capacity 35614K, committed 35708K, reserved 1081344K
  class space    used 4496K, capacity 4807K, committed 4864K, reserved 1048576K
}
Event: 5.413 GC heap after
{Heap after GC invocations=5 (full 0):
 garbage-first heap   total 260096K, used 22098K [0x0000000080000000, 0x0000000100000000)
  region size 1024K, 6 young (6144K), 6 survivors (6144K)
 Metaspace       used 34840K, capacity 35614K, committed 35708K, reserved 1081344K
  class space    used 4496K, capacity 4807K, committed 4864K, reserved 1048576K
}
Event: 7.380 GC heap before
{Heap before GC invocations=6 (full 0):
 garbage-first heap   total 260096K, used 140882K [0x0000000080000000, 0x0000000100000000)
  region size 1024K, 119 young (121856K), 6 survivors (6144K)
 Metaspace       used 44594K, capacity 45746K, committed 45948K, reserved 1089536K
  class space    used 5682K, capacity 6084K, committed 6144K, reserved 1048576K
}
Event: 7.398 GC heap after
{Heap after GC invocations=7 (full 0):
 garbage-first heap   total 260096K, used 30025K [0x0000000080000000, 0x0000000100000000)
  region size 1024K, 13 young (13312K), 13 survivors (13312K)
 Metaspace       used 44594K, capacity 45746K, committed 45948K, reserved 1089536K
  class space    used 5682K, capacity 6084K, committed 6144K, reserved 1048576K
}

Deoptimization events (20 events):
Event: 8.300 Thread 0x000002cc1f533000 DEOPT PACKING pc=0x000002cc0b855894 sp=0x000000e727efbfb0
Event: 8.300 Thread 0x000002cc1f533000 DEOPT UNPACKING pc=0x000002cc03a9a1af sp=0x000000e727efbf38 mode 2
Event: 8.300 Thread 0x000002cc1f533000 Uncommon trap: trap_request=0xffffffc6 fr.pc=0x000002cc0b7cca70 relative=0x00000000000005f0
Event: 8.300 Thread 0x000002cc1f533000 Uncommon trap: reason=bimorphic_or_optimized_type_check action=maybe_recompile pc=0x000002cc0b7cca70 method=java.util.regex.Pattern$Start.match(Ljava/util/regex/Matcher;ILjava/lang/CharSequence;)Z @ 44 c2
Event: 8.300 Thread 0x000002cc1f533000 DEOPT PACKING pc=0x000002cc0b7cca70 sp=0x000000e727efbec0
Event: 8.300 Thread 0x000002cc1f533000 DEOPT UNPACKING pc=0x000002cc03a9a1af sp=0x000000e727efbea0 mode 2
Event: 8.300 Thread 0x000002cc1f533000 Uncommon trap: trap_request=0xffffff4d fr.pc=0x000002cc0b8542f8 relative=0x0000000000000758
Event: 8.300 Thread 0x000002cc1f533000 Uncommon trap: reason=unstable_if action=reinterpret pc=0x000002cc0b8542f8 method=java.util.regex.Matcher.search(I)Z @ 76 c2
Event: 8.300 Thread 0x000002cc1f533000 DEOPT PACKING pc=0x000002cc0b8542f8 sp=0x000000e727efbf40
Event: 8.300 Thread 0x000002cc1f533000 DEOPT UNPACKING pc=0x000002cc03a9a1af sp=0x000000e727efbf30 mode 2
Event: 8.300 Thread 0x000002cc1f533000 Uncommon trap: trap_request=0xffffffc6 fr.pc=0x000002cc0b7cca70 relative=0x00000000000005f0
Event: 8.300 Thread 0x000002cc1f533000 Uncommon trap: reason=bimorphic_or_optimized_type_check action=maybe_recompile pc=0x000002cc0b7cca70 method=java.util.regex.Pattern$Start.match(Ljava/util/regex/Matcher;ILjava/lang/CharSequence;)Z @ 44 c2
Event: 8.300 Thread 0x000002cc1f533000 DEOPT PACKING pc=0x000002cc0b7cca70 sp=0x000000e727efbeb0
Event: 8.300 Thread 0x000002cc1f533000 DEOPT UNPACKING pc=0x000002cc03a9a1af sp=0x000000e727efbe90 mode 2
Event: 8.300 Thread 0x000002cc1f533000 Uncommon trap: trap_request=0xffffffc6 fr.pc=0x000002cc0b7cca70 relative=0x00000000000005f0
Event: 8.300 Thread 0x000002cc1f533000 Uncommon trap: reason=bimorphic_or_optimized_type_check action=maybe_recompile pc=0x000002cc0b7cca70 method=java.util.regex.Pattern$Start.match(Ljava/util/regex/Matcher;ILjava/lang/CharSequence;)Z @ 44 c2
Event: 8.300 Thread 0x000002cc1f533000 DEOPT PACKING pc=0x000002cc0b7cca70 sp=0x000000e727efbec0
Event: 8.300 Thread 0x000002cc1f533000 DEOPT UNPACKING pc=0x000002cc03a9a1af sp=0x000000e727efbea0 mode 2
Event: 8.308 Thread 0x000002cc1feae000 DEOPT PACKING pc=0x000002cc04522049 sp=0x000000e7282fc800
Event: 8.308 Thread 0x000002cc1feae000 DEOPT UNPACKING pc=0x000002cc03a9a95e sp=0x000000e7282fbc78 mode 0

Classes redefined (0 events):
No events

Internal exceptions (20 events):
Event: 7.795 Thread 0x000002cc1f533000 Exception <a 'java/lang/NoSuchMethodError'{0x000000008d81eaa0}: 'java.lang.Object java.lang.invoke.DelegatingMethodHandle$Holder.delegate(java.lang.Object, java.lang.Object, java.lang.Object, java.lang.Object, java.lang.Object, java.lang.Object, java.lang.Object, java.lang.Object, java.lang.Object, java.lang.Object, java.lang.Object, java.lang.Object, java.lang.Object, java.lang.Object, java.lang.Object, java.lang.Object, java.lang.Object, java.lang.Object, java.lang.Object, java.lang.Object)'> (0x00000000
Event: 7.798 Thread 0x000002cc1f533000 Exception <a 'java/lang/NoSuchMethodError'{0x000000008d866040}: 'java.lang.Object java.lang.invoke.DirectMethodHandle$Holder.invokeStatic(java.lang.Object, java.lang.Object, java.lang.Object, java.lang.Object, java.lang.Object, java.lang.Object, java.lang.Object, java.lang.Object, java.lang.Object, java.lang.Object, java.lang.Object, java.lang.Object, java.lang.Object, java.lang.Object, java.lang.Object)'> (0x000000008d866040) thrown at [./src/hotspot/share/interpreter/linkResolver.cpp, line 773]
Event: 7.800 Thread 0x000002cc1f533000 Exception <a 'java/lang/NoSuchMethodError'{0x000000008d8764e8}: 'java.lang.Object java.lang.invoke.DirectMethodHandle$Holder.invokeStatic(java.lang.Object, java.lang.Object, java.lang.Object, java.lang.Object, java.lang.Object, java.lang.Object, java.lang.Object, java.lang.Object, java.lang.Object, java.lang.Object, java.lang.Object, java.lang.Object, java.lang.Object, java.lang.Object, java.lang.Object, java.lang.Object)'> (0x000000008d8764e8) thrown at [./src/hotspot/share/interpreter/linkResolver.cpp, l
Event: 7.801 Thread 0x000002cc1f533000 Exception <a 'java/lang/NoSuchMethodError'{0x000000008d8970e0}: 'java.lang.Object java.lang.invoke.DelegatingMethodHandle$Holder.reinvoke_L(java.lang.Object, java.lang.Object, java.lang.Object, java.lang.Object, java.lang.Object, java.lang.Object, java.lang.Object, java.lang.Object, java.lang.Object, java.lang.Object, java.lang.Object, java.lang.Object, java.lang.Object, java.lang.Object, java.lang.Object, java.lang.Object, java.lang.Object, java.lang.Object, java.lang.Object)'> (0x000000008d8970e0) thrown
Event: 7.853 Thread 0x000002cc1f533000 Implicit null exception at 0x000002cc0b646b74 to 0x000002cc0b64704c
Event: 8.277 Thread 0x000002cc1f533000 Exception <a 'java/lang/OutOfMemoryError'{0x000000008c421628}: unable to create native thread: possibly out of memory or process/resource limits reached> (0x000000008c421628) thrown at [./src/hotspot/share/prims/jvm.cpp, line 2924]
Event: 8.281 Thread 0x000002cc1f533000 Exception <a 'java/lang/NoSuchMethodError'{0x000000008c445fa0}: 'long java.lang.invoke.DirectMethodHandle$Holder.invokeVirtual(java.lang.Object, java.lang.Object)'> (0x000000008c445fa0) thrown at [./src/hotspot/share/interpreter/linkResolver.cpp, line 773]
Event: 8.295 Thread 0x000002cc1feae000 Exception <a 'java/lang/NoSuchMethodError'{0x000000008fd08cc8}: <clinit>> (0x000000008fd08cc8) thrown at [./src/hotspot/share/prims/jni.cpp, line 1365]
Event: 8.299 Thread 0x000002cc1feae000 Exception <a 'java/lang/NoSuchMethodError'{0x000000008b1c0340}: <clinit>> (0x000000008b1c0340) thrown at [./src/hotspot/share/prims/jni.cpp, line 1365]
Event: 8.299 Thread 0x000002cc1feae000 Exception <a 'java/lang/NoSuchMethodError'{0x000000008b1c15a0}: <clinit>> (0x000000008b1c15a0) thrown at [./src/hotspot/share/prims/jni.cpp, line 1365]
Event: 8.299 Thread 0x000002cc1feae000 Exception <a 'java/lang/NoSuchMethodError'{0x000000008b1c28a8}: <clinit>> (0x000000008b1c28a8) thrown at [./src/hotspot/share/prims/jni.cpp, line 1365]
Event: 8.299 Thread 0x000002cc1feae000 Exception <a 'java/lang/NoSuchMethodError'{0x000000008b1c38c8}: <clinit>> (0x000000008b1c38c8) thrown at [./src/hotspot/share/prims/jni.cpp, line 1365]
Event: 8.301 Thread 0x000002cc1feae000 Exception <a 'java/lang/NoSuchMethodError'{0x000000008b1fda68}: <clinit>> (0x000000008b1fda68) thrown at [./src/hotspot/share/prims/jni.cpp, line 1365]
Event: 8.302 Thread 0x000002cc1feae000 Exception <a 'java/lang/NoSuchMethodError'{0x000000008b008128}: <clinit>> (0x000000008b008128) thrown at [./src/hotspot/share/prims/jni.cpp, line 1365]
Event: 8.305 Thread 0x000002cc1feae000 Exception <a 'java/lang/NoSuchMethodError'{0x000000008b01ba88}: <clinit>> (0x000000008b01ba88) thrown at [./src/hotspot/share/prims/jni.cpp, line 1365]
Event: 8.308 Thread 0x000002cc1feae000 Exception <a 'java/lang/NoSuchMethodError'{0x000000008b0363f0}: <clinit>> (0x000000008b0363f0) thrown at [./src/hotspot/share/prims/jni.cpp, line 1365]
Event: 8.334 Thread 0x000002cc1f533000 Exception <a 'java/lang/NoSuchMethodError'{0x000000008b0edc78}: 'java.lang.Object java.lang.invoke.Invokers$Holder.linkToTargetMethod(java.lang.Object, java.lang.Object, java.lang.Object, int, java.lang.Object, java.lang.Object)'> (0x000000008b0edc78) thrown at [./src/hotspot/share/interpreter/linkResolver.cpp, line 773]
Event: 8.338 Thread 0x000002cc1f533000 Exception <a 'java/lang/NoSuchMethodError'{0x000000008af257c0}: 'java.lang.Object java.lang.invoke.DirectMethodHandle$Holder.invokeStatic(java.lang.Object, java.lang.Object, java.lang.Object, java.lang.Object, int)'> (0x000000008af257c0) thrown at [./src/hotspot/share/interpreter/linkResolver.cpp, line 773]
Event: 8.339 Thread 0x000002cc1f533000 Exception <a 'java/lang/NoSuchMethodError'{0x000000008af29618}: 'java.lang.Object java.lang.invoke.DirectMethodHandle$Holder.invokeSpecial(java.lang.Object, java.lang.Object, java.lang.Object, java.lang.Object, java.lang.Object, int)'> (0x000000008af29618) thrown at [./src/hotspot/share/interpreter/linkResolver.cpp, line 773]
Event: 8.339 Thread 0x000002cc1f533000 Exception <a 'java/lang/NoSuchMethodError'{0x000000008af2d1b8}: 'java.lang.Object java.lang.invoke.Invokers$Holder.linkToTargetMethod(java.lang.Object, java.lang.Object, java.lang.Object, int, java.lang.Object)'> (0x000000008af2d1b8) thrown at [./src/hotspot/share/interpreter/linkResolver.cpp, line 773]

Events (20 events):
Event: 8.347 loading class org/gradle/internal/watch/vfs/impl/WatchingVirtualFileSystem$2$1 done
Event: 8.347 loading class org/gradle/internal/watch/vfs/BuildFinishedFileSystemWatchingBuildOperationType$Result
Event: 8.347 loading class org/gradle/internal/watch/vfs/BuildFinishedFileSystemWatchingBuildOperationType$Result done
Event: 8.349 loading class org/gradle/configurationcache/ConfigurationCacheAction
Event: 8.349 loading class org/gradle/configurationcache/ConfigurationCacheAction done
Event: 8.351 loading class java/util/concurrent/ConcurrentLinkedQueue$Itr
Event: 8.351 loading class java/util/concurrent/ConcurrentLinkedQueue$Itr done
Event: 8.353 Executing VM operation: RevokeBias
Event: 8.353 Executing VM operation: RevokeBias done
Event: 8.353 Thread 0x000002cc1f1b3000 Thread exited: 0x000002cc1f1b3000
Event: 8.354 Executing VM operation: RevokeBias
Event: 8.355 Executing VM operation: RevokeBias done
Event: 8.355 Thread 0x000002cc21ed1800 Thread exited: 0x000002cc21ed1800
Event: 8.356 Executing VM operation: RevokeBias
Event: 8.356 Executing VM operation: RevokeBias done
Event: 8.356 Thread 0x000002cc1f1ae000 Thread exited: 0x000002cc1f1ae000
Event: 8.359 loading class kotlin/Unit
Event: 8.359 loading class kotlin/Unit done
Event: 8.360 loading class org/gradle/execution/PassThruCancellableOperationManager
Event: 8.360 loading class org/gradle/execution/PassThruCancellableOperationManager done


Dynamic libraries:
0x00007ff793ed0000 - 0x00007ff793eda000 	E:\SoftWare\Android\Android Studio\jre\bin\java.exe
0x00007ff94a220000 - 0x00007ff94a427000 	C:\Windows\SYSTEM32\ntdll.dll
0x00007ff948c60000 - 0x00007ff948d1d000 	C:\Windows\System32\KERNEL32.DLL
0x00007ff947b50000 - 0x00007ff947ec4000 	C:\Windows\System32\KERNELBASE.dll
0x00007ff944c70000 - 0x00007ff944d01000 	C:\Windows\SYSTEM32\apphelp.dll
0x00007ff8e2670000 - 0x00007ff8e2b0c000 	C:\Windows\SYSTEM32\AcLayers.DLL
0x00007ff949f20000 - 0x00007ff949fc3000 	C:\Windows\System32\msvcrt.dll
0x00007ff9480b0000 - 0x00007ff94810d000 	C:\Windows\System32\SHLWAPI.dll
0x00007ff944460000 - 0x00007ff944471000 	C:\Windows\SYSTEM32\SortWindows61.dll
0x00007ff947f90000 - 0x00007ff9480a1000 	C:\Windows\System32\ucrtbase.dll
0x00007ff92b000000 - 0x00007ff92b017000 	E:\SoftWare\Android\Android Studio\jre\bin\VCRUNTIME140.dll
0x00007ff927fc0000 - 0x00007ff927fd9000 	E:\SoftWare\Android\Android Studio\jre\bin\jli.dll
0x00007ff949540000 - 0x00007ff9496ec000 	C:\Windows\System32\USER32.dll
0x00007ff947ab0000 - 0x00007ff947ad6000 	C:\Windows\System32\win32u.dll
0x00007ff9496f0000 - 0x00007ff949719000 	C:\Windows\System32\GDI32.dll
0x00007ff947990000 - 0x00007ff947aa2000 	C:\Windows\System32\gdi32full.dll
0x00007ff935800000 - 0x00007ff935aa5000 	C:\Windows\WinSxS\amd64_microsoft.windows.common-controls_6595b64144ccf1df_6.0.22000.120_none_9d947278b86cc467\COMCTL32.dll
0x00007ff947780000 - 0x00007ff94781d000 	C:\Windows\System32\msvcp_win.dll
0x00007ff948c20000 - 0x00007ff948c51000 	C:\Windows\System32\IMM32.DLL
0x0000000059420000 - 0x000000005942c000 	C:\Program Files (x86)\360\360Safe\safemon\SafeWrapper.dll
0x00007ff949b90000 - 0x00007ff949c3c000 	C:\Windows\System32\ADVAPI32.dll
0x00007ff948240000 - 0x00007ff9482dd000 	C:\Windows\System32\sechost.dll
0x00007ff948110000 - 0x00007ff948231000 	C:\Windows\System32\RPCRT4.dll
0x00007ff938420000 - 0x00007ff9384b6000 	C:\Program Files (x86)\360\360Safe\safemon\libzdtp64.dll
0x00007ff948d20000 - 0x00007ff9494c9000 	C:\Windows\System32\SHELL32.dll
0x00007ff947140000 - 0x00007ff94714a000 	C:\Windows\SYSTEM32\VERSION.dll
0x00007ff905280000 - 0x00007ff90531d000 	E:\SoftWare\Android\Android Studio\jre\bin\msvcp140.dll
0x00007ff904050000 - 0x00007ff904b35000 	E:\SoftWare\Android\Android Studio\jre\bin\server\jvm.dll
0x00007ff948890000 - 0x00007ff948898000 	C:\Windows\System32\PSAPI.DLL
0x00007ff942180000 - 0x00007ff942189000 	C:\Windows\SYSTEM32\WSOCK32.dll
0x00007ff9494d0000 - 0x00007ff94953f000 	C:\Windows\System32\WS2_32.dll
0x00007ff9418f0000 - 0x00007ff941923000 	C:\Windows\SYSTEM32\WINMM.dll
0x00007ff9467c0000 - 0x00007ff9467d8000 	C:\Windows\SYSTEM32\kernel.appcore.dll
0x00007ff942190000 - 0x00007ff9421a1000 	E:\SoftWare\Android\Android Studio\jre\bin\verify.dll
0x00007ff93e6e0000 - 0x00007ff93e901000 	C:\Windows\SYSTEM32\DBGHELP.DLL
0x00007ff93dd80000 - 0x00007ff93ddb1000 	C:\Windows\SYSTEM32\dbgcore.DLL
0x00007ff947700000 - 0x00007ff947780000 	C:\Windows\System32\bcryptPrimitives.dll
0x00007ff936d30000 - 0x00007ff936d59000 	E:\SoftWare\Android\Android Studio\jre\bin\java.dll
0x00007ff942170000 - 0x00007ff94217b000 	E:\SoftWare\Android\Android Studio\jre\bin\jimage.dll
0x00007ff93eea0000 - 0x00007ff93eeb8000 	E:\SoftWare\Android\Android Studio\jre\bin\zip.dll
0x00007ff945840000 - 0x00007ff9460a2000 	C:\Windows\SYSTEM32\windows.storage.dll
0x00007ff948300000 - 0x00007ff948678000 	C:\Windows\System32\combase.dll
0x00007ff9456d0000 - 0x00007ff945836000 	C:\Windows\SYSTEM32\wintypes.dll
0x00007ff948b20000 - 0x00007ff948c0a000 	C:\Windows\System32\SHCORE.dll
0x00007ff947630000 - 0x00007ff947651000 	C:\Windows\SYSTEM32\profapi.dll
0x00007ff936d10000 - 0x00007ff936d2a000 	E:\SoftWare\Android\Android Studio\jre\bin\net.dll
0x00007ff9415a0000 - 0x00007ff9416ac000 	C:\Windows\SYSTEM32\WINHTTP.dll
0x00007ff946bd0000 - 0x00007ff946c37000 	C:\Windows\system32\mswsock.dll
0x00007ff936cf0000 - 0x00007ff936d04000 	E:\SoftWare\Android\Android Studio\jre\bin\nio.dll
0x00007ff92af70000 - 0x00007ff92af97000 	C:\Users\Administrator\.gradle\native\e1d6ef7f7dcc3fd88c89a11ec53ec762bb8ba0a96d01ffa2cd45eb1d1d8dd5c5\windows-amd64\native-platform.dll
0x00007ff900730000 - 0x00007ff900874000 	C:\Users\Administrator\.gradle\native\5664cfc778a61ccfe75a443a1ab52a65af34e5dc3c78e0209fed803814484fcb\windows-amd64\native-platform-file-events.dll
0x00007ff942160000 - 0x00007ff94216a000 	E:\SoftWare\Android\Android Studio\jre\bin\management.dll
0x00007ff93efb0000 - 0x00007ff93efbd000 	E:\SoftWare\Android\Android Studio\jre\bin\management_ext.dll
0x00007ff946e10000 - 0x00007ff946e28000 	C:\Windows\SYSTEM32\CRYPTSP.dll
0x00007ff946720000 - 0x00007ff946755000 	C:\Windows\system32\rsaenh.dll
0x00007ff946cc0000 - 0x00007ff946ce9000 	C:\Windows\SYSTEM32\USERENV.dll
0x00007ff947000000 - 0x00007ff947027000 	C:\Windows\SYSTEM32\bcrypt.dll
0x00007ff946e30000 - 0x00007ff946e3c000 	C:\Windows\SYSTEM32\CRYPTBASE.dll
0x00007ff9462f0000 - 0x00007ff94631d000 	C:\Windows\SYSTEM32\IPHLPAPI.DLL
0x00007ff948ab0000 - 0x00007ff948ab9000 	C:\Windows\System32\NSI.dll
0x00007ff9414c0000 - 0x00007ff9414d9000 	C:\Windows\SYSTEM32\dhcpcsvc6.DLL
0x00007ff9418d0000 - 0x00007ff9418ee000 	C:\Windows\SYSTEM32\dhcpcsvc.DLL
0x00007ff946320000 - 0x00007ff946407000 	C:\Windows\SYSTEM32\DNSAPI.dll

dbghelp: loaded successfully - version: 4.0.5 - missing functions: none
symbol engine: initialized successfully - sym options: 0x614 - pdb path: .;E:\SoftWare\Android\Android Studio\jre\bin;C:\Windows\SYSTEM32;C:\Windows\WinSxS\amd64_microsoft.windows.common-controls_6595b64144ccf1df_6.0.22000.120_none_9d947278b86cc467;C:\Program Files (x86)\360\360Safe\safemon;E:\SoftWare\Android\Android Studio\jre\bin\server;C:\Users\Administrator\.gradle\native\e1d6ef7f7dcc3fd88c89a11ec53ec762bb8ba0a96d01ffa2cd45eb1d1d8dd5c5\windows-amd64;C:\Users\Administrator\.gradle\native\5664cfc778a61ccfe75a443a1ab52a65af34e5dc3c78e0209fed803814484fcb\windows-amd64

VM Arguments:
jvm_args: --add-opens=java.base/java.util=ALL-UNNAMED --add-opens=java.base/java.lang=ALL-UNNAMED --add-opens=java.base/java.lang.invoke=ALL-UNNAMED --add-opens=java.base/java.util=ALL-UNNAMED --add-opens=java.prefs/java.util.prefs=ALL-UNNAMED --add-opens=java.prefs/java.util.prefs=ALL-UNNAMED --add-opens=java.base/java.nio.charset=ALL-UNNAMED --add-opens=java.base/java.net=ALL-UNNAMED --add-opens=java.base/java.util.concurrent.atomic=ALL-UNNAMED -Xmx2048m -Dfile.encoding=UTF-8 -Duser.country=CN -Duser.language=zh -Duser.variant 
java_command: org.gradle.launcher.daemon.bootstrap.GradleDaemon 7.3.3
java_class_path (initial): C:\Users\Administrator\.gradle\wrapper\dists\gradle-7.3.3-bin\6a41zxkdtcxs8rphpq6y0069z\gradle-7.3.3\lib\gradle-launcher-7.3.3.jar
Launcher Type: SUN_STANDARD

[Global flags]
     intx CICompilerCount                          = 12                                        {product} {ergonomic}
     uint ConcGCThreads                            = 3                                         {product} {ergonomic}
     uint G1ConcRefinementThreads                  = 13                                        {product} {ergonomic}
   size_t G1HeapRegionSize                         = 1048576                                   {product} {ergonomic}
    uintx GCDrainStackTargetSize                   = 64                                        {product} {ergonomic}
   size_t InitialHeapSize                          = 266338304                                 {product} {ergonomic}
   size_t MarkStackSize                            = 4194304                                   {product} {ergonomic}
   size_t MaxHeapSize                              = 2147483648                                {product} {command line}
   size_t MaxNewSize                               = 1287651328                                {product} {ergonomic}
   size_t MinHeapDeltaBytes                        = 1048576                                   {product} {ergonomic}
    uintx NonNMethodCodeHeapSize                   = 7594288                                {pd product} {ergonomic}
    uintx NonProfiledCodeHeapSize                  = 122031976                              {pd product} {ergonomic}
    uintx ProfiledCodeHeapSize                     = 122031976                              {pd product} {ergonomic}
    uintx ReservedCodeCacheSize                    = 251658240                              {pd product} {ergonomic}
     bool SegmentedCodeCache                       = true                                      {product} {ergonomic}
     bool UseCompressedClassPointers               = true                                 {lp64_product} {ergonomic}
     bool UseCompressedOops                        = true                                 {lp64_product} {ergonomic}
     bool UseG1GC                                  = true                                      {product} {ergonomic}
     bool UseLargePagesIndividualAllocation        = false                                  {pd product} {ergonomic}

Logging:
Log output configuration:
 #0: stdout all=warning uptime,level,tags
 #1: stderr all=off uptime,level,tags

Environment Variables:
JAVA_HOME=C:\Program Files\Java\jdk-15
CLASSPATH=.;C:\Program Files\Java\jdk-15\lib\tools.jar;
PATH=C:\Windows\system32;C:\Windows;C:\Windows\System32\Wbem;C:\Windows\System32\WindowsPowerShell\v1.0\;C:\Windows\System32\OpenSSH\;C:\Program Files\Microsoft SQL Server\Client SDK\ODBC\170\Tools\Binn\;C:\Program Files\Microsoft SQL Server\150\Tools\Binn\;C:\Program Files\TortoiseSVN\bin;C:\Program Files\Microsoft SQL Server\Client SDK\ODBC\130\Tools\Binn\;C:\Program Files (x86)\Microsoft SQL Server\140\Tools\Binn\;C:\Program Files\Microsoft SQL Server\140\Tools\Binn\;C:\Program Files\Microsoft SQL Server\140\DTS\Binn\;C:\Program Files (x86)\Microsoft SQL Server\150\DTS\Binn\;C:\Program Files\Azure Data Studio\bin;D:\ffmpeg-N-104865-g571e8ca2dd-win64-gpl\bin;E:\SoftWare\OpenSSL-Win64\bin;C:\Program Files\Java\jdk-15\bin;C:\Program Files\nodejs\;E:\SoftWare\Git\cmd;D:\phantomjs-2.1.1-windows\bin;D:\flutter\bin;C:\Program Files\Java\jdk-15\jre\bin;D:\Android\platform-tools;C:\Program Files\dotnet\;C:\Users\Administrator\AppData\Local\Microsoft\WindowsApps;C:\Users\Administrator\AppData\Roaming\npm;E:\SoftWare\Microsoft VS Code\bin;C:\Users\Administrator\.dotnet\tools
USERNAME=Administrator
OS=Windows_NT
PROCESSOR_IDENTIFIER=Intel64 Family 6 Model 165 Stepping 5, GenuineIntel



---------------  S Y S T E M  ---------------

OS: Windows 10 , 64 bit Build 22000 (10.0.22000.120)
OS uptime: 4 days 0:32 hours

CPU:total 16 (initial active 16) (8 cores per cpu, 2 threads per core) family 6 model 165 stepping 5 microcode 0xe0, cmov, cx8, fxsr, mmx, sse, sse2, sse3, ssse3, sse4.1, sse4.2, popcnt, avx, avx2, aes, clmul, erms, 3dnowpref, lzcnt, ht, tsc, tscinvbit, bmi1, bmi2, adx, fma

Memory: 4k page, system-wide physical 16233M (1774M free)
TotalPageFile size 46632M (AvailPageFile size 1M)
current process WorkingSet (physical memory assigned to process): 387M, peak: 387M
current process commit charge ("private bytes"): 532M, peak: 533M

vm_info: OpenJDK 64-Bit Server VM (11.0.12+7-b1504.28-7817840) for windows-amd64 JRE (11.0.12+7-b1504.28-7817840), built on Oct 13 2021 22:12:33 by "builder" with MS VC++ 14.0 (VS2015)

END.
