#
# There is insufficient memory for the Java Runtime Environment to continue.
# Native memory allocation (malloc) failed to allocate 309856 bytes for Chunk::new
# Possible reasons:
#   The system is out of physical RAM or swap space
#   The process is running with CompressedOops enabled, and the Java Heap may be blocking the growth of the native heap
# Possible solutions:
#   Reduce memory load on the system
#   Increase physical memory or swap space
#   Check if swap backing store is full
#   Decrease Java heap size (-Xmx/-Xms)
#   Decrease number of Java threads
#   Decrease Java thread stack sizes (-Xss)
#   Set larger code cache with -XX:ReservedCodeCacheSize=
#   JVM is running with Zero Based Compressed Oops mode in which the Java heap is
#     placed in the first 32GB address space. The Java Heap base address is the
#     maximum limit for the native heap growth. Please use -XX:HeapBaseMinAddress
#     to set the Java Heap base and to place the Java Heap above 32GB virtual address.
# This output file may be truncated or incomplete.
#
#  Out of Memory Error (./src/hotspot/share/memory/arena.cpp:197), pid=23628, tid=39656
#
# JRE version: OpenJDK Runtime Environment (11.0.12+7) (build 11.0.12+7-b1504.28-7817840)
# Java VM: OpenJDK 64-Bit Server VM (11.0.12+7-b1504.28-7817840, mixed mode, tiered, compressed oops, g1 gc, windows-amd64)
# No core dump will be written. Minidumps are not enabled by default on client versions of Windows
#

---------------  S U M M A R Y ------------

Command Line: org.jetbrains.kotlin.cli.jvm.K2JVMCompiler @D:\WebStormProjects\Ixueto\app\build\20220707_10578404649762636046.compiler.options

Host: Intel(R) Core(TM) i7-10700 CPU @ 2.90GHz, 16 cores, 15G,  Windows 10 , 64 bit Build 22000 (10.0.22000.120)
Time: Thu Jul  7 17:24:16 2022 中国标准时间 elapsed time: 3.202808 seconds (0d 0h 0m 3s)

---------------  T H R E A D  ---------------

Current thread (0x000001e4947ce800):  JavaThread "C2 CompilerThread1" daemon [_thread_in_native, id=39656, stack(0x0000000d53000000,0x0000000d53100000)]


Current CompileTask:
C2:   3202 2437   !   4       jdk.internal.loader.URLClassPath$JarLoader::getResource (65 bytes)

Stack: [0x0000000d53000000,0x0000000d53100000]
Native frames: (J=compiled Java code, j=interpreted, Vv=VM code, C=native code)
V  [jvm.dll+0x5fbcea]
V  [jvm.dll+0x731905]
V  [jvm.dll+0x732f1d]
V  [jvm.dll+0x7335d3]
V  [jvm.dll+0x247bf8]
V  [jvm.dll+0xc018c]
V  [jvm.dll+0xc06cc]
V  [jvm.dll+0x2bcc04]
V  [jvm.dll+0x5113a8]
V  [jvm.dll+0x208303]
V  [jvm.dll+0x201fe0]
V  [jvm.dll+0x1ff71f]
V  [jvm.dll+0x18868c]
V  [jvm.dll+0x20e0d7]
V  [jvm.dll+0x20c901]
V  [jvm.dll+0x6f9b7f]
V  [jvm.dll+0x6f26a5]
V  [jvm.dll+0x5fabf6]
C  [ucrtbase.dll+0x26c0c]
C  [KERNEL32.DLL+0x154e0]
C  [ntdll.dll+0x485b]


---------------  P R O C E S S  ---------------

Threads class SMR info:
_java_thread_list=0x000001e4949338b0, length=15, elements={
0x000001e4f36eb800, 0x000001e494879000, 0x000001e49487d000, 0x000001e494a97000,
0x000001e494a9a000, 0x000001e494a9f800, 0x000001e494aa2800, 0x000001e494aab000,
0x000001e494abe800, 0x000001e494e2f000, 0x000001e494f0c800, 0x000001e494914000,
0x000001e4954ce000, 0x000001e4947ce800, 0x000001e495f6f000
}

Java Threads: ( => current thread )
  0x000001e4f36eb800 JavaThread "main" [_thread_in_native, id=21804, stack(0x0000000d51500000,0x0000000d51600000)]
  0x000001e494879000 JavaThread "Reference Handler" daemon [_thread_blocked, id=35912, stack(0x0000000d51c00000,0x0000000d51d00000)]
  0x000001e49487d000 JavaThread "Finalizer" daemon [_thread_blocked, id=39120, stack(0x0000000d51d00000,0x0000000d51e00000)]
  0x000001e494a97000 JavaThread "Signal Dispatcher" daemon [_thread_blocked, id=1928, stack(0x0000000d51e00000,0x0000000d51f00000)]
  0x000001e494a9a000 JavaThread "Attach Listener" daemon [_thread_blocked, id=38560, stack(0x0000000d51f00000,0x0000000d52000000)]
  0x000001e494a9f800 JavaThread "Service Thread" daemon [_thread_blocked, id=35084, stack(0x0000000d52000000,0x0000000d52100000)]
  0x000001e494aa2800 JavaThread "C2 CompilerThread0" daemon [_thread_in_native, id=36928, stack(0x0000000d52100000,0x0000000d52200000)]
  0x000001e494aab000 JavaThread "C1 CompilerThread0" daemon [_thread_blocked, id=7676, stack(0x0000000d52200000,0x0000000d52300000)]
  0x000001e494abe800 JavaThread "Sweeper thread" daemon [_thread_blocked, id=10732, stack(0x0000000d52300000,0x0000000d52400000)]
  0x000001e494e2f000 JavaThread "Common-Cleaner" daemon [_thread_blocked, id=27744, stack(0x0000000d52500000,0x0000000d52600000)]
  0x000001e494f0c800 JavaThread "C1 CompilerThread1" daemon [_thread_blocked, id=22932, stack(0x0000000d52600000,0x0000000d52700000)]
  0x000001e494914000 JavaThread "C1 CompilerThread2" daemon [_thread_blocked, id=23044, stack(0x0000000d52a00000,0x0000000d52b00000)]
  0x000001e4954ce000 JavaThread "C1 CompilerThread3" daemon [_thread_blocked, id=5716, stack(0x0000000d52b00000,0x0000000d52c00000)]
=>0x000001e4947ce800 JavaThread "C2 CompilerThread1" daemon [_thread_in_native, id=39656, stack(0x0000000d53000000,0x0000000d53100000)]
  0x000001e495f6f000 JavaThread "C2 CompilerThread2" daemon [_thread_in_native, id=31312, stack(0x0000000d53100000,0x0000000d53200000)]

Other Threads:
  0x000001e494837000 VMThread "VM Thread" [stack: 0x0000000d51b00000,0x0000000d51c00000] [id=11364]
  0x000001e494dbb000 WatcherThread [stack: 0x0000000d52400000,0x0000000d52500000] [id=12144]
  0x000001e4f3711000 GCTaskThread "GC Thread#0" [stack: 0x0000000d51600000,0x0000000d51700000] [id=14204]
  0x000001e495a9d000 GCTaskThread "GC Thread#1" [stack: 0x0000000d52900000,0x0000000d52a00000] [id=24768]
  0x000001e495a9d800 GCTaskThread "GC Thread#2" [stack: 0x0000000d52c00000,0x0000000d52d00000] [id=36564]
  0x000001e495a9e800 GCTaskThread "GC Thread#3" [stack: 0x0000000d52d00000,0x0000000d52e00000] [id=31092]
  0x000001e495aa7000 GCTaskThread "GC Thread#4" [stack: 0x0000000d52e00000,0x0000000d52f00000] [id=8784]
  0x000001e495aa8000 GCTaskThread "GC Thread#5" [stack: 0x0000000d52f00000,0x0000000d53000000] [id=32096]
  0x000001e4fdc73000 ConcurrentGCThread "G1 Main Marker" [stack: 0x0000000d51700000,0x0000000d51800000] [id=32440]
  0x000001e4fdc74000 ConcurrentGCThread "G1 Conc#0" [stack: 0x0000000d51800000,0x0000000d51900000] [id=39212]
  0x000001e494ee6800 ConcurrentGCThread "G1 Conc#1" [stack: 0x0000000d52700000,0x0000000d52800000] [id=1820]
  0x000001e494e9f800 ConcurrentGCThread "G1 Conc#2" [stack: 0x0000000d52800000,0x0000000d52900000] [id=19312]
  0x000001e4fdde4000 ConcurrentGCThread "G1 Refine#0" [stack: 0x0000000d51900000,0x0000000d51a00000] [id=21424]
  0x000001e4fdde5800 ConcurrentGCThread "G1 Young RemSet Sampling" [stack: 0x0000000d51a00000,0x0000000d51b00000] [id=36168]

Threads with active compile tasks:
C2 CompilerThread0   3227 2180   !   4       jdk.internal.loader.BuiltinClassLoader::loadClassOrNull (143 bytes)
C2 CompilerThread1   3227 2437   !   4       jdk.internal.loader.URLClassPath$JarLoader::getResource (65 bytes)
C2 CompilerThread2   3227 2451       4       java.lang.String::substring (68 bytes)

VM state:not at safepoint (normal execution)

VM Mutex/Monitor currently owned by a thread: None

Heap address: 0x0000000702400000, size: 4060 MB, Compressed Oops mode: Zero based, Oop shift amount: 3
Narrow klass base: 0x0000000800000000, Narrow klass shift: 0
Compressed class space size: 1073741824 Address: 0x0000000800000000

Heap:
 garbage-first heap   total 260096K, used 46340K [0x0000000702400000, 0x0000000800000000)
  region size 1024K, 41 young (41984K), 7 survivors (7168K)
 Metaspace       used 31352K, capacity 31804K, committed 32048K, reserved 1077248K
  class space    used 3756K, capacity 3941K, committed 3968K, reserved 1048576K
Heap Regions: E=young(eden), S=young(survivor), O=old, HS=humongous(starts), HC=humongous(continues), CS=collection set, F=free, A=archive, TAMS=top-at-mark-start (previous, next)
|   0|0x0000000702400000, 0x0000000702500000, 0x0000000702500000|100%|HS|  |TAMS 0x0000000702500000, 0x0000000702400000| Complete 
|   1|0x0000000702500000, 0x0000000702600000, 0x0000000702600000|100%|HC|  |TAMS 0x0000000702600000, 0x0000000702500000| Complete 
|   2|0x0000000702600000, 0x0000000702700000, 0x0000000702700000|100%|HC|  |TAMS 0x0000000702700000, 0x0000000702600000| Complete 
|   3|0x0000000702700000, 0x0000000702800000, 0x0000000702800000|100%|HS|  |TAMS 0x0000000702700000, 0x0000000702700000| Complete 
|   4|0x0000000702800000, 0x0000000702900000, 0x0000000702900000|100%|HC|  |TAMS 0x0000000702800000, 0x0000000702800000| Complete 
|   5|0x0000000702900000, 0x0000000702a00000, 0x0000000702a00000|100%|HC|  |TAMS 0x0000000702900000, 0x0000000702900000| Complete 
|   6|0x0000000702a00000, 0x0000000702a00000, 0x0000000702b00000|  0%| F|  |TAMS 0x0000000702a00000, 0x0000000702a00000| Untracked 
|   7|0x0000000702b00000, 0x0000000702b00000, 0x0000000702c00000|  0%| F|  |TAMS 0x0000000702b00000, 0x0000000702b00000| Untracked 
|   8|0x0000000702c00000, 0x0000000702c00000, 0x0000000702d00000|  0%| F|  |TAMS 0x0000000702c00000, 0x0000000702c00000| Untracked 
|   9|0x0000000702d00000, 0x0000000702d00000, 0x0000000702e00000|  0%| F|  |TAMS 0x0000000702d00000, 0x0000000702d00000| Untracked 
|  10|0x0000000702e00000, 0x0000000702e00000, 0x0000000702f00000|  0%| F|  |TAMS 0x0000000702e00000, 0x0000000702e00000| Untracked 
|  11|0x0000000702f00000, 0x0000000702f00000, 0x0000000703000000|  0%| F|  |TAMS 0x0000000702f00000, 0x0000000702f00000| Untracked 
|  12|0x0000000703000000, 0x0000000703000000, 0x0000000703100000|  0%| F|  |TAMS 0x0000000703000000, 0x0000000703000000| Untracked 
|  13|0x0000000703100000, 0x0000000703100000, 0x0000000703200000|  0%| F|  |TAMS 0x0000000703100000, 0x0000000703100000| Untracked 
|  14|0x0000000703200000, 0x0000000703200000, 0x0000000703300000|  0%| F|  |TAMS 0x0000000703200000, 0x0000000703200000| Untracked 
|  15|0x0000000703300000, 0x0000000703300000, 0x0000000703400000|  0%| F|  |TAMS 0x0000000703300000, 0x0000000703300000| Untracked 
|  16|0x0000000703400000, 0x0000000703400000, 0x0000000703500000|  0%| F|  |TAMS 0x0000000703400000, 0x0000000703400000| Untracked 
|  17|0x0000000703500000, 0x0000000703500000, 0x0000000703600000|  0%| F|  |TAMS 0x0000000703500000, 0x0000000703500000| Untracked 
|  18|0x0000000703600000, 0x0000000703600000, 0x0000000703700000|  0%| F|  |TAMS 0x0000000703600000, 0x0000000703600000| Untracked 
|  19|0x0000000703700000, 0x0000000703700000, 0x0000000703800000|  0%| F|  |TAMS 0x0000000703700000, 0x0000000703700000| Untracked 
|  20|0x0000000703800000, 0x0000000703800000, 0x0000000703900000|  0%| F|  |TAMS 0x0000000703800000, 0x0000000703800000| Untracked 
|  21|0x0000000703900000, 0x0000000703900000, 0x0000000703a00000|  0%| F|  |TAMS 0x0000000703900000, 0x0000000703900000| Untracked 
|  22|0x0000000703a00000, 0x0000000703a00000, 0x0000000703b00000|  0%| F|  |TAMS 0x0000000703a00000, 0x0000000703a00000| Untracked 
|  23|0x0000000703b00000, 0x0000000703b00000, 0x0000000703c00000|  0%| F|  |TAMS 0x0000000703b00000, 0x0000000703b00000| Untracked 
|  24|0x0000000703c00000, 0x0000000703c00000, 0x0000000703d00000|  0%| F|  |TAMS 0x0000000703c00000, 0x0000000703c00000| Untracked 
|  25|0x0000000703d00000, 0x0000000703d00000, 0x0000000703e00000|  0%| F|  |TAMS 0x0000000703d00000, 0x0000000703d00000| Untracked 
|  26|0x0000000703e00000, 0x0000000703e00000, 0x0000000703f00000|  0%| F|  |TAMS 0x0000000703e00000, 0x0000000703e00000| Untracked 
|  27|0x0000000703f00000, 0x0000000703f00000, 0x0000000704000000|  0%| F|  |TAMS 0x0000000703f00000, 0x0000000703f00000| Untracked 
|  28|0x0000000704000000, 0x0000000704000000, 0x0000000704100000|  0%| F|  |TAMS 0x0000000704000000, 0x0000000704000000| Untracked 
|  29|0x0000000704100000, 0x0000000704100000, 0x0000000704200000|  0%| F|  |TAMS 0x0000000704100000, 0x0000000704100000| Untracked 
|  30|0x0000000704200000, 0x0000000704200000, 0x0000000704300000|  0%| F|  |TAMS 0x0000000704200000, 0x0000000704200000| Untracked 
|  31|0x0000000704300000, 0x0000000704300000, 0x0000000704400000|  0%| F|  |TAMS 0x0000000704300000, 0x0000000704300000| Untracked 
|  32|0x0000000704400000, 0x0000000704400000, 0x0000000704500000|  0%| F|  |TAMS 0x0000000704400000, 0x0000000704400000| Untracked 
|  33|0x0000000704500000, 0x0000000704500000, 0x0000000704600000|  0%| F|  |TAMS 0x0000000704500000, 0x0000000704500000| Untracked 
|  34|0x0000000704600000, 0x0000000704600000, 0x0000000704700000|  0%| F|  |TAMS 0x0000000704600000, 0x0000000704600000| Untracked 
|  35|0x0000000704700000, 0x0000000704700000, 0x0000000704800000|  0%| F|  |TAMS 0x0000000704700000, 0x0000000704700000| Untracked 
|  36|0x0000000704800000, 0x0000000704800000, 0x0000000704900000|  0%| F|  |TAMS 0x0000000704800000, 0x0000000704800000| Untracked 
|  37|0x0000000704900000, 0x0000000704900000, 0x0000000704a00000|  0%| F|  |TAMS 0x0000000704900000, 0x0000000704900000| Untracked 
|  38|0x0000000704a00000, 0x0000000704a00000, 0x0000000704b00000|  0%| F|  |TAMS 0x0000000704a00000, 0x0000000704a00000| Untracked 
|  39|0x0000000704b00000, 0x0000000704b00000, 0x0000000704c00000|  0%| F|  |TAMS 0x0000000704b00000, 0x0000000704b00000| Untracked 
|  40|0x0000000704c00000, 0x0000000704c00000, 0x0000000704d00000|  0%| F|  |TAMS 0x0000000704c00000, 0x0000000704c00000| Untracked 
|  41|0x0000000704d00000, 0x0000000704d00000, 0x0000000704e00000|  0%| F|  |TAMS 0x0000000704d00000, 0x0000000704d00000| Untracked 
|  42|0x0000000704e00000, 0x0000000704e00000, 0x0000000704f00000|  0%| F|  |TAMS 0x0000000704e00000, 0x0000000704e00000| Untracked 
|  43|0x0000000704f00000, 0x0000000704f00000, 0x0000000705000000|  0%| F|  |TAMS 0x0000000704f00000, 0x0000000704f00000| Untracked 
|  44|0x0000000705000000, 0x0000000705000000, 0x0000000705100000|  0%| F|  |TAMS 0x0000000705000000, 0x0000000705000000| Untracked 
|  45|0x0000000705100000, 0x0000000705100000, 0x0000000705200000|  0%| F|  |TAMS 0x0000000705100000, 0x0000000705100000| Untracked 
|  46|0x0000000705200000, 0x0000000705200000, 0x0000000705300000|  0%| F|  |TAMS 0x0000000705200000, 0x0000000705200000| Untracked 
|  47|0x0000000705300000, 0x0000000705300000, 0x0000000705400000|  0%| F|  |TAMS 0x0000000705300000, 0x0000000705300000| Untracked 
|  48|0x0000000705400000, 0x0000000705400000, 0x0000000705500000|  0%| F|  |TAMS 0x0000000705400000, 0x0000000705400000| Untracked 
|  49|0x0000000705500000, 0x0000000705500000, 0x0000000705600000|  0%| F|  |TAMS 0x0000000705500000, 0x0000000705500000| Untracked 
|  50|0x0000000705600000, 0x0000000705600000, 0x0000000705700000|  0%| F|  |TAMS 0x0000000705600000, 0x0000000705600000| Untracked 
|  51|0x0000000705700000, 0x0000000705700000, 0x0000000705800000|  0%| F|  |TAMS 0x0000000705700000, 0x0000000705700000| Untracked 
|  52|0x0000000705800000, 0x0000000705800000, 0x0000000705900000|  0%| F|  |TAMS 0x0000000705800000, 0x0000000705800000| Untracked 
|  53|0x0000000705900000, 0x0000000705900000, 0x0000000705a00000|  0%| F|  |TAMS 0x0000000705900000, 0x0000000705900000| Untracked 
|  54|0x0000000705a00000, 0x0000000705a00000, 0x0000000705b00000|  0%| F|  |TAMS 0x0000000705a00000, 0x0000000705a00000| Untracked 
|  55|0x0000000705b00000, 0x0000000705b00000, 0x0000000705c00000|  0%| F|  |TAMS 0x0000000705b00000, 0x0000000705b00000| Untracked 
|  56|0x0000000705c00000, 0x0000000705c00000, 0x0000000705d00000|  0%| F|  |TAMS 0x0000000705c00000, 0x0000000705c00000| Untracked 
|  57|0x0000000705d00000, 0x0000000705d00000, 0x0000000705e00000|  0%| F|  |TAMS 0x0000000705d00000, 0x0000000705d00000| Untracked 
|  58|0x0000000705e00000, 0x0000000705e00000, 0x0000000705f00000|  0%| F|  |TAMS 0x0000000705e00000, 0x0000000705e00000| Untracked 
|  59|0x0000000705f00000, 0x0000000705f00000, 0x0000000706000000|  0%| F|  |TAMS 0x0000000705f00000, 0x0000000705f00000| Untracked 
|  60|0x0000000706000000, 0x0000000706000000, 0x0000000706100000|  0%| F|  |TAMS 0x0000000706000000, 0x0000000706000000| Untracked 
|  61|0x0000000706100000, 0x0000000706100000, 0x0000000706200000|  0%| F|  |TAMS 0x0000000706100000, 0x0000000706100000| Untracked 
|  62|0x0000000706200000, 0x0000000706200000, 0x0000000706300000|  0%| F|  |TAMS 0x0000000706200000, 0x0000000706200000| Untracked 
|  63|0x0000000706300000, 0x0000000706300000, 0x0000000706400000|  0%| F|  |TAMS 0x0000000706300000, 0x0000000706300000| Untracked 
|  64|0x0000000706400000, 0x0000000706400000, 0x0000000706500000|  0%| F|  |TAMS 0x0000000706400000, 0x0000000706400000| Untracked 
|  65|0x0000000706500000, 0x0000000706500000, 0x0000000706600000|  0%| F|  |TAMS 0x0000000706500000, 0x0000000706500000| Untracked 
|  66|0x0000000706600000, 0x0000000706600000, 0x0000000706700000|  0%| F|  |TAMS 0x0000000706600000, 0x0000000706600000| Untracked 
|  67|0x0000000706700000, 0x0000000706700000, 0x0000000706800000|  0%| F|  |TAMS 0x0000000706700000, 0x0000000706700000| Untracked 
|  68|0x0000000706800000, 0x0000000706800000, 0x0000000706900000|  0%| F|  |TAMS 0x0000000706800000, 0x0000000706800000| Untracked 
|  69|0x0000000706900000, 0x0000000706900000, 0x0000000706a00000|  0%| F|  |TAMS 0x0000000706900000, 0x0000000706900000| Untracked 
|  70|0x0000000706a00000, 0x0000000706a00000, 0x0000000706b00000|  0%| F|  |TAMS 0x0000000706a00000, 0x0000000706a00000| Untracked 
|  71|0x0000000706b00000, 0x0000000706b00000, 0x0000000706c00000|  0%| F|  |TAMS 0x0000000706b00000, 0x0000000706b00000| Untracked 
|  72|0x0000000706c00000, 0x0000000706c00000, 0x0000000706d00000|  0%| F|  |TAMS 0x0000000706c00000, 0x0000000706c00000| Untracked 
|  73|0x0000000706d00000, 0x0000000706d00000, 0x0000000706e00000|  0%| F|  |TAMS 0x0000000706d00000, 0x0000000706d00000| Untracked 
|  74|0x0000000706e00000, 0x0000000706e00000, 0x0000000706f00000|  0%| F|  |TAMS 0x0000000706e00000, 0x0000000706e00000| Untracked 
|  75|0x0000000706f00000, 0x0000000706f00000, 0x0000000707000000|  0%| F|  |TAMS 0x0000000706f00000, 0x0000000706f00000| Untracked 
|  76|0x0000000707000000, 0x0000000707000000, 0x0000000707100000|  0%| F|  |TAMS 0x0000000707000000, 0x0000000707000000| Untracked 
|  77|0x0000000707100000, 0x0000000707100000, 0x0000000707200000|  0%| F|  |TAMS 0x0000000707100000, 0x0000000707100000| Untracked 
|  78|0x0000000707200000, 0x0000000707200000, 0x0000000707300000|  0%| F|  |TAMS 0x0000000707200000, 0x0000000707200000| Untracked 
|  79|0x0000000707300000, 0x0000000707300000, 0x0000000707400000|  0%| F|  |TAMS 0x0000000707300000, 0x0000000707300000| Untracked 
|  80|0x0000000707400000, 0x0000000707400000, 0x0000000707500000|  0%| F|  |TAMS 0x0000000707400000, 0x0000000707400000| Untracked 
|  81|0x0000000707500000, 0x0000000707500000, 0x0000000707600000|  0%| F|  |TAMS 0x0000000707500000, 0x0000000707500000| Untracked 
|  82|0x0000000707600000, 0x0000000707600000, 0x0000000707700000|  0%| F|  |TAMS 0x0000000707600000, 0x0000000707600000| Untracked 
|  83|0x0000000707700000, 0x0000000707700000, 0x0000000707800000|  0%| F|  |TAMS 0x0000000707700000, 0x0000000707700000| Untracked 
|  84|0x0000000707800000, 0x0000000707800000, 0x0000000707900000|  0%| F|  |TAMS 0x0000000707800000, 0x0000000707800000| Untracked 
|  85|0x0000000707900000, 0x0000000707900000, 0x0000000707a00000|  0%| F|  |TAMS 0x0000000707900000, 0x0000000707900000| Untracked 
|  86|0x0000000707a00000, 0x0000000707a00000, 0x0000000707b00000|  0%| F|  |TAMS 0x0000000707a00000, 0x0000000707a00000| Untracked 
|  87|0x0000000707b00000, 0x0000000707b00000, 0x0000000707c00000|  0%| F|  |TAMS 0x0000000707b00000, 0x0000000707b00000| Untracked 
|  88|0x0000000707c00000, 0x0000000707c00000, 0x0000000707d00000|  0%| F|  |TAMS 0x0000000707c00000, 0x0000000707c00000| Untracked 
|  89|0x0000000707d00000, 0x0000000707d00000, 0x0000000707e00000|  0%| F|  |TAMS 0x0000000707d00000, 0x0000000707d00000| Untracked 
|  90|0x0000000707e00000, 0x0000000707e00000, 0x0000000707f00000|  0%| F|  |TAMS 0x0000000707e00000, 0x0000000707e00000| Untracked 
|  91|0x0000000707f00000, 0x0000000707f00000, 0x0000000708000000|  0%| F|  |TAMS 0x0000000707f00000, 0x0000000707f00000| Untracked 
|  92|0x0000000708000000, 0x0000000708000000, 0x0000000708100000|  0%| F|  |TAMS 0x0000000708000000, 0x0000000708000000| Untracked 
|  93|0x0000000708100000, 0x0000000708100000, 0x0000000708200000|  0%| F|  |TAMS 0x0000000708100000, 0x0000000708100000| Untracked 
|  94|0x0000000708200000, 0x0000000708200000, 0x0000000708300000|  0%| F|  |TAMS 0x0000000708200000, 0x0000000708200000| Untracked 
|  95|0x0000000708300000, 0x0000000708300000, 0x0000000708400000|  0%| F|  |TAMS 0x0000000708300000, 0x0000000708300000| Untracked 
|  96|0x0000000708400000, 0x0000000708400000, 0x0000000708500000|  0%| F|  |TAMS 0x0000000708400000, 0x0000000708400000| Untracked 
|  97|0x0000000708500000, 0x0000000708500000, 0x0000000708600000|  0%| F|  |TAMS 0x0000000708500000, 0x0000000708500000| Untracked 
|  98|0x0000000708600000, 0x0000000708600000, 0x0000000708700000|  0%| F|  |TAMS 0x0000000708600000, 0x0000000708600000| Untracked 
|  99|0x0000000708700000, 0x0000000708700000, 0x0000000708800000|  0%| F|  |TAMS 0x0000000708700000, 0x0000000708700000| Untracked 
| 100|0x0000000708800000, 0x0000000708800000, 0x0000000708900000|  0%| F|  |TAMS 0x0000000708800000, 0x0000000708800000| Untracked 
| 101|0x0000000708900000, 0x0000000708900000, 0x0000000708a00000|  0%| F|  |TAMS 0x0000000708900000, 0x0000000708900000| Untracked 
| 102|0x0000000708a00000, 0x0000000708a00000, 0x0000000708b00000|  0%| F|  |TAMS 0x0000000708a00000, 0x0000000708a00000| Untracked 
| 103|0x0000000708b00000, 0x0000000708b00000, 0x0000000708c00000|  0%| F|  |TAMS 0x0000000708b00000, 0x0000000708b00000| Untracked 
| 104|0x0000000708c00000, 0x0000000708c00000, 0x0000000708d00000|  0%| F|  |TAMS 0x0000000708c00000, 0x0000000708c00000| Untracked 
| 105|0x0000000708d00000, 0x0000000708d00000, 0x0000000708e00000|  0%| F|  |TAMS 0x0000000708d00000, 0x0000000708d00000| Untracked 
| 106|0x0000000708e00000, 0x0000000708e00000, 0x0000000708f00000|  0%| F|  |TAMS 0x0000000708e00000, 0x0000000708e00000| Untracked 
| 107|0x0000000708f00000, 0x0000000708f00000, 0x0000000709000000|  0%| F|  |TAMS 0x0000000708f00000, 0x0000000708f00000| Untracked 
| 108|0x0000000709000000, 0x0000000709000000, 0x0000000709100000|  0%| F|  |TAMS 0x0000000709000000, 0x0000000709000000| Untracked 
| 109|0x0000000709100000, 0x0000000709100000, 0x0000000709200000|  0%| F|  |TAMS 0x0000000709100000, 0x0000000709100000| Untracked 
| 110|0x0000000709200000, 0x0000000709200000, 0x0000000709300000|  0%| F|  |TAMS 0x0000000709200000, 0x0000000709200000| Untracked 
| 111|0x0000000709300000, 0x0000000709300000, 0x0000000709400000|  0%| F|  |TAMS 0x0000000709300000, 0x0000000709300000| Untracked 
| 112|0x0000000709400000, 0x0000000709400000, 0x0000000709500000|  0%| F|  |TAMS 0x0000000709400000, 0x0000000709400000| Untracked 
| 113|0x0000000709500000, 0x0000000709500000, 0x0000000709600000|  0%| F|  |TAMS 0x0000000709500000, 0x0000000709500000| Untracked 
| 114|0x0000000709600000, 0x0000000709600000, 0x0000000709700000|  0%| F|  |TAMS 0x0000000709600000, 0x0000000709600000| Untracked 
| 115|0x0000000709700000, 0x0000000709700000, 0x0000000709800000|  0%| F|  |TAMS 0x0000000709700000, 0x0000000709700000| Untracked 
| 116|0x0000000709800000, 0x0000000709800000, 0x0000000709900000|  0%| F|  |TAMS 0x0000000709800000, 0x0000000709800000| Untracked 
| 117|0x0000000709900000, 0x0000000709900000, 0x0000000709a00000|  0%| F|  |TAMS 0x0000000709900000, 0x0000000709900000| Untracked 
| 118|0x0000000709a00000, 0x0000000709a00000, 0x0000000709b00000|  0%| F|  |TAMS 0x0000000709a00000, 0x0000000709a00000| Untracked 
| 119|0x0000000709b00000, 0x0000000709b00000, 0x0000000709c00000|  0%| F|  |TAMS 0x0000000709b00000, 0x0000000709b00000| Untracked 
| 120|0x0000000709c00000, 0x0000000709c00000, 0x0000000709d00000|  0%| F|  |TAMS 0x0000000709c00000, 0x0000000709c00000| Untracked 
| 121|0x0000000709d00000, 0x0000000709d00000, 0x0000000709e00000|  0%| F|  |TAMS 0x0000000709d00000, 0x0000000709d00000| Untracked 
| 122|0x0000000709e00000, 0x0000000709e00000, 0x0000000709f00000|  0%| F|  |TAMS 0x0000000709e00000, 0x0000000709e00000| Untracked 
| 123|0x0000000709f00000, 0x0000000709f00000, 0x000000070a000000|  0%| F|  |TAMS 0x0000000709f00000, 0x0000000709f00000| Untracked 
| 124|0x000000070a000000, 0x000000070a000000, 0x000000070a100000|  0%| F|  |TAMS 0x000000070a000000, 0x000000070a000000| Untracked 
| 125|0x000000070a100000, 0x000000070a100000, 0x000000070a200000|  0%| F|  |TAMS 0x000000070a100000, 0x000000070a100000| Untracked 
| 126|0x000000070a200000, 0x000000070a200000, 0x000000070a300000|  0%| F|  |TAMS 0x000000070a200000, 0x000000070a200000| Untracked 
| 127|0x000000070a300000, 0x000000070a300000, 0x000000070a400000|  0%| F|  |TAMS 0x000000070a300000, 0x000000070a300000| Untracked 
| 128|0x000000070a400000, 0x000000070a400000, 0x000000070a500000|  0%| F|  |TAMS 0x000000070a400000, 0x000000070a400000| Untracked 
| 129|0x000000070a500000, 0x000000070a500000, 0x000000070a600000|  0%| F|  |TAMS 0x000000070a500000, 0x000000070a500000| Untracked 
| 130|0x000000070a600000, 0x000000070a600000, 0x000000070a700000|  0%| F|  |TAMS 0x000000070a600000, 0x000000070a600000| Untracked 
| 131|0x000000070a700000, 0x000000070a700000, 0x000000070a800000|  0%| F|  |TAMS 0x000000070a700000, 0x000000070a700000| Untracked 
| 132|0x000000070a800000, 0x000000070a800000, 0x000000070a900000|  0%| F|  |TAMS 0x000000070a800000, 0x000000070a800000| Untracked 
| 133|0x000000070a900000, 0x000000070a900000, 0x000000070aa00000|  0%| F|  |TAMS 0x000000070a900000, 0x000000070a900000| Untracked 
| 134|0x000000070aa00000, 0x000000070aa00000, 0x000000070ab00000|  0%| F|  |TAMS 0x000000070aa00000, 0x000000070aa00000| Untracked 
| 135|0x000000070ab00000, 0x000000070ab00000, 0x000000070ac00000|  0%| F|  |TAMS 0x000000070ab00000, 0x000000070ab00000| Untracked 
| 136|0x000000070ac00000, 0x000000070ac00000, 0x000000070ad00000|  0%| F|  |TAMS 0x000000070ac00000, 0x000000070ac00000| Untracked 
| 137|0x000000070ad00000, 0x000000070ad00000, 0x000000070ae00000|  0%| F|  |TAMS 0x000000070ad00000, 0x000000070ad00000| Untracked 
| 138|0x000000070ae00000, 0x000000070ae00000, 0x000000070af00000|  0%| F|  |TAMS 0x000000070ae00000, 0x000000070ae00000| Untracked 
| 139|0x000000070af00000, 0x000000070af00000, 0x000000070b000000|  0%| F|  |TAMS 0x000000070af00000, 0x000000070af00000| Untracked 
| 140|0x000000070b000000, 0x000000070b000000, 0x000000070b100000|  0%| F|  |TAMS 0x000000070b000000, 0x000000070b000000| Untracked 
| 141|0x000000070b100000, 0x000000070b100000, 0x000000070b200000|  0%| F|  |TAMS 0x000000070b100000, 0x000000070b100000| Untracked 
| 142|0x000000070b200000, 0x000000070b200000, 0x000000070b300000|  0%| F|  |TAMS 0x000000070b200000, 0x000000070b200000| Untracked 
| 143|0x000000070b300000, 0x000000070b300000, 0x000000070b400000|  0%| F|  |TAMS 0x000000070b300000, 0x000000070b300000| Untracked 
| 144|0x000000070b400000, 0x000000070b400000, 0x000000070b500000|  0%| F|  |TAMS 0x000000070b400000, 0x000000070b400000| Untracked 
| 145|0x000000070b500000, 0x000000070b500000, 0x000000070b600000|  0%| F|  |TAMS 0x000000070b500000, 0x000000070b500000| Untracked 
| 146|0x000000070b600000, 0x000000070b600000, 0x000000070b700000|  0%| F|  |TAMS 0x000000070b600000, 0x000000070b600000| Untracked 
| 147|0x000000070b700000, 0x000000070b700000, 0x000000070b800000|  0%| F|  |TAMS 0x000000070b700000, 0x000000070b700000| Untracked 
| 148|0x000000070b800000, 0x000000070b800000, 0x000000070b900000|  0%| F|  |TAMS 0x000000070b800000, 0x000000070b800000| Untracked 
| 149|0x000000070b900000, 0x000000070b900000, 0x000000070ba00000|  0%| F|  |TAMS 0x000000070b900000, 0x000000070b900000| Untracked 
| 150|0x000000070ba00000, 0x000000070ba00000, 0x000000070bb00000|  0%| F|  |TAMS 0x000000070ba00000, 0x000000070ba00000| Untracked 
| 151|0x000000070bb00000, 0x000000070bb00000, 0x000000070bc00000|  0%| F|  |TAMS 0x000000070bb00000, 0x000000070bb00000| Untracked 
| 152|0x000000070bc00000, 0x000000070bc00000, 0x000000070bd00000|  0%| F|  |TAMS 0x000000070bc00000, 0x000000070bc00000| Untracked 
| 153|0x000000070bd00000, 0x000000070bd00000, 0x000000070be00000|  0%| F|  |TAMS 0x000000070bd00000, 0x000000070bd00000| Untracked 
| 154|0x000000070be00000, 0x000000070be00000, 0x000000070bf00000|  0%| F|  |TAMS 0x000000070be00000, 0x000000070be00000| Untracked 
| 155|0x000000070bf00000, 0x000000070bf00000, 0x000000070c000000|  0%| F|  |TAMS 0x000000070bf00000, 0x000000070bf00000| Untracked 
| 156|0x000000070c000000, 0x000000070c000000, 0x000000070c100000|  0%| F|  |TAMS 0x000000070c000000, 0x000000070c000000| Untracked 
| 157|0x000000070c100000, 0x000000070c100000, 0x000000070c200000|  0%| F|  |TAMS 0x000000070c100000, 0x000000070c100000| Untracked 
| 158|0x000000070c200000, 0x000000070c200000, 0x000000070c300000|  0%| F|  |TAMS 0x000000070c200000, 0x000000070c200000| Untracked 
| 159|0x000000070c300000, 0x000000070c300000, 0x000000070c400000|  0%| F|  |TAMS 0x000000070c300000, 0x000000070c300000| Untracked 
| 160|0x000000070c400000, 0x000000070c400000, 0x000000070c500000|  0%| F|  |TAMS 0x000000070c400000, 0x000000070c400000| Untracked 
| 161|0x000000070c500000, 0x000000070c500000, 0x000000070c600000|  0%| F|  |TAMS 0x000000070c500000, 0x000000070c500000| Untracked 
| 162|0x000000070c600000, 0x000000070c600000, 0x000000070c700000|  0%| F|  |TAMS 0x000000070c600000, 0x000000070c600000| Untracked 
| 163|0x000000070c700000, 0x000000070c700000, 0x000000070c800000|  0%| F|  |TAMS 0x000000070c700000, 0x000000070c700000| Untracked 
| 164|0x000000070c800000, 0x000000070c800000, 0x000000070c900000|  0%| F|  |TAMS 0x000000070c800000, 0x000000070c800000| Untracked 
| 165|0x000000070c900000, 0x000000070c900000, 0x000000070ca00000|  0%| F|  |TAMS 0x000000070c900000, 0x000000070c900000| Untracked 
| 166|0x000000070ca00000, 0x000000070ca00000, 0x000000070cb00000|  0%| F|  |TAMS 0x000000070ca00000, 0x000000070ca00000| Untracked 
| 167|0x000000070cb00000, 0x000000070cb00000, 0x000000070cc00000|  0%| F|  |TAMS 0x000000070cb00000, 0x000000070cb00000| Untracked 
| 168|0x000000070cc00000, 0x000000070cc00000, 0x000000070cd00000|  0%| F|  |TAMS 0x000000070cc00000, 0x000000070cc00000| Untracked 
| 169|0x000000070cd00000, 0x000000070cd00000, 0x000000070ce00000|  0%| F|  |TAMS 0x000000070cd00000, 0x000000070cd00000| Untracked 
| 170|0x000000070ce00000, 0x000000070ce00000, 0x000000070cf00000|  0%| F|  |TAMS 0x000000070ce00000, 0x000000070ce00000| Untracked 
| 171|0x000000070cf00000, 0x000000070cf00000, 0x000000070d000000|  0%| F|  |TAMS 0x000000070cf00000, 0x000000070cf00000| Untracked 
| 172|0x000000070d000000, 0x000000070d000000, 0x000000070d100000|  0%| F|  |TAMS 0x000000070d000000, 0x000000070d000000| Untracked 
| 173|0x000000070d100000, 0x000000070d100000, 0x000000070d200000|  0%| F|  |TAMS 0x000000070d100000, 0x000000070d100000| Untracked 
| 174|0x000000070d200000, 0x000000070d200000, 0x000000070d300000|  0%| F|  |TAMS 0x000000070d200000, 0x000000070d200000| Untracked 
| 175|0x000000070d300000, 0x000000070d300000, 0x000000070d400000|  0%| F|  |TAMS 0x000000070d300000, 0x000000070d300000| Untracked 
| 176|0x000000070d400000, 0x000000070d400000, 0x000000070d500000|  0%| F|  |TAMS 0x000000070d400000, 0x000000070d400000| Untracked 
| 177|0x000000070d500000, 0x000000070d500000, 0x000000070d600000|  0%| F|  |TAMS 0x000000070d500000, 0x000000070d500000| Untracked 
| 178|0x000000070d600000, 0x000000070d600000, 0x000000070d700000|  0%| F|  |TAMS 0x000000070d600000, 0x000000070d600000| Untracked 
| 179|0x000000070d700000, 0x000000070d700000, 0x000000070d800000|  0%| F|  |TAMS 0x000000070d700000, 0x000000070d700000| Untracked 
| 180|0x000000070d800000, 0x000000070d800000, 0x000000070d900000|  0%| F|  |TAMS 0x000000070d800000, 0x000000070d800000| Untracked 
| 181|0x000000070d900000, 0x000000070d900000, 0x000000070da00000|  0%| F|  |TAMS 0x000000070d900000, 0x000000070d900000| Untracked 
| 182|0x000000070da00000, 0x000000070da00000, 0x000000070db00000|  0%| F|  |TAMS 0x000000070da00000, 0x000000070da00000| Untracked 
| 183|0x000000070db00000, 0x000000070db00000, 0x000000070dc00000|  0%| F|  |TAMS 0x000000070db00000, 0x000000070db00000| Untracked 
| 184|0x000000070dc00000, 0x000000070dc00000, 0x000000070dd00000|  0%| F|  |TAMS 0x000000070dc00000, 0x000000070dc00000| Untracked 
| 185|0x000000070dd00000, 0x000000070dd00000, 0x000000070de00000|  0%| F|  |TAMS 0x000000070dd00000, 0x000000070dd00000| Untracked 
| 186|0x000000070de00000, 0x000000070de00000, 0x000000070df00000|  0%| F|  |TAMS 0x000000070de00000, 0x000000070de00000| Untracked 
| 187|0x000000070df00000, 0x000000070df00000, 0x000000070e000000|  0%| F|  |TAMS 0x000000070df00000, 0x000000070df00000| Untracked 
| 188|0x000000070e000000, 0x000000070e000000, 0x000000070e100000|  0%| F|  |TAMS 0x000000070e000000, 0x000000070e000000| Untracked 
| 189|0x000000070e100000, 0x000000070e100000, 0x000000070e200000|  0%| F|  |TAMS 0x000000070e100000, 0x000000070e100000| Untracked 
| 190|0x000000070e200000, 0x000000070e200000, 0x000000070e300000|  0%| F|  |TAMS 0x000000070e200000, 0x000000070e200000| Untracked 
| 191|0x000000070e300000, 0x000000070e300000, 0x000000070e400000|  0%| F|  |TAMS 0x000000070e300000, 0x000000070e300000| Untracked 
| 192|0x000000070e400000, 0x000000070e400000, 0x000000070e500000|  0%| F|  |TAMS 0x000000070e400000, 0x000000070e400000| Untracked 
| 193|0x000000070e500000, 0x000000070e500000, 0x000000070e600000|  0%| F|  |TAMS 0x000000070e500000, 0x000000070e500000| Untracked 
| 194|0x000000070e600000, 0x000000070e600000, 0x000000070e700000|  0%| F|  |TAMS 0x000000070e600000, 0x000000070e600000| Untracked 
| 195|0x000000070e700000, 0x000000070e700000, 0x000000070e800000|  0%| F|  |TAMS 0x000000070e700000, 0x000000070e700000| Untracked 
| 196|0x000000070e800000, 0x000000070e800000, 0x000000070e900000|  0%| F|  |TAMS 0x000000070e800000, 0x000000070e800000| Untracked 
| 197|0x000000070e900000, 0x000000070e900000, 0x000000070ea00000|  0%| F|  |TAMS 0x000000070e900000, 0x000000070e900000| Untracked 
| 198|0x000000070ea00000, 0x000000070ea00000, 0x000000070eb00000|  0%| F|  |TAMS 0x000000070ea00000, 0x000000070ea00000| Untracked 
| 199|0x000000070eb00000, 0x000000070eb00000, 0x000000070ec00000|  0%| F|  |TAMS 0x000000070eb00000, 0x000000070eb00000| Untracked 
| 200|0x000000070ec00000, 0x000000070ec00000, 0x000000070ed00000|  0%| F|  |TAMS 0x000000070ec00000, 0x000000070ec00000| Untracked 
| 201|0x000000070ed00000, 0x000000070ed00000, 0x000000070ee00000|  0%| F|  |TAMS 0x000000070ed00000, 0x000000070ed00000| Untracked 
| 202|0x000000070ee00000, 0x000000070ee00000, 0x000000070ef00000|  0%| F|  |TAMS 0x000000070ee00000, 0x000000070ee00000| Untracked 
| 203|0x000000070ef00000, 0x000000070ef00000, 0x000000070f000000|  0%| F|  |TAMS 0x000000070ef00000, 0x000000070ef00000| Untracked 
| 204|0x000000070f000000, 0x000000070f0411b8, 0x000000070f100000| 25%| S|CS|TAMS 0x000000070f000000, 0x000000070f000000| Complete 
| 205|0x000000070f100000, 0x000000070f200000, 0x000000070f200000|100%| S|CS|TAMS 0x000000070f100000, 0x000000070f100000| Complete 
| 206|0x000000070f200000, 0x000000070f300000, 0x000000070f300000|100%| S|CS|TAMS 0x000000070f200000, 0x000000070f200000| Complete 
| 207|0x000000070f300000, 0x000000070f400000, 0x000000070f400000|100%| S|CS|TAMS 0x000000070f300000, 0x000000070f300000| Complete 
| 208|0x000000070f400000, 0x000000070f500000, 0x000000070f500000|100%| S|CS|TAMS 0x000000070f400000, 0x000000070f400000| Complete 
| 209|0x000000070f500000, 0x000000070f600000, 0x000000070f600000|100%| S|CS|TAMS 0x000000070f500000, 0x000000070f500000| Complete 
| 210|0x000000070f600000, 0x000000070f700000, 0x000000070f700000|100%| S|CS|TAMS 0x000000070f600000, 0x000000070f600000| Complete 
| 211|0x000000070f700000, 0x000000070f700000, 0x000000070f800000|  0%| F|  |TAMS 0x000000070f700000, 0x000000070f700000| Untracked 
| 212|0x000000070f800000, 0x000000070f800000, 0x000000070f900000|  0%| F|  |TAMS 0x000000070f800000, 0x000000070f800000| Untracked 
| 213|0x000000070f900000, 0x000000070f900000, 0x000000070fa00000|  0%| F|  |TAMS 0x000000070f900000, 0x000000070f900000| Untracked 
| 214|0x000000070fa00000, 0x000000070fa00000, 0x000000070fb00000|  0%| F|  |TAMS 0x000000070fa00000, 0x000000070fa00000| Untracked 
| 215|0x000000070fb00000, 0x000000070fb00000, 0x000000070fc00000|  0%| F|  |TAMS 0x000000070fb00000, 0x000000070fb00000| Untracked 
| 216|0x000000070fc00000, 0x000000070fc00000, 0x000000070fd00000|  0%| F|  |TAMS 0x000000070fc00000, 0x000000070fc00000| Untracked 
| 217|0x000000070fd00000, 0x000000070fd00000, 0x000000070fe00000|  0%| F|  |TAMS 0x000000070fd00000, 0x000000070fd00000| Untracked 
| 218|0x000000070fe00000, 0x000000070fe00000, 0x000000070ff00000|  0%| F|  |TAMS 0x000000070fe00000, 0x000000070fe00000| Untracked 
| 219|0x000000070ff00000, 0x000000070ff00000, 0x0000000710000000|  0%| F|  |TAMS 0x000000070ff00000, 0x000000070ff00000| Untracked 
| 220|0x0000000710000000, 0x0000000710100000, 0x0000000710100000|100%| E|  |TAMS 0x0000000710000000, 0x0000000710000000| Complete 
| 221|0x0000000710100000, 0x0000000710200000, 0x0000000710200000|100%| E|CS|TAMS 0x0000000710100000, 0x0000000710100000| Complete 
| 222|0x0000000710200000, 0x0000000710300000, 0x0000000710300000|100%| E|CS|TAMS 0x0000000710200000, 0x0000000710200000| Complete 
| 223|0x0000000710300000, 0x0000000710400000, 0x0000000710400000|100%| E|CS|TAMS 0x0000000710300000, 0x0000000710300000| Complete 
| 224|0x0000000710400000, 0x0000000710500000, 0x0000000710500000|100%| E|CS|TAMS 0x0000000710400000, 0x0000000710400000| Complete 
| 225|0x0000000710500000, 0x0000000710600000, 0x0000000710600000|100%| E|CS|TAMS 0x0000000710500000, 0x0000000710500000| Complete 
| 226|0x0000000710600000, 0x0000000710700000, 0x0000000710700000|100%| E|CS|TAMS 0x0000000710600000, 0x0000000710600000| Complete 
| 227|0x0000000710700000, 0x0000000710800000, 0x0000000710800000|100%| E|CS|TAMS 0x0000000710700000, 0x0000000710700000| Complete 
| 228|0x0000000710800000, 0x0000000710900000, 0x0000000710900000|100%| E|CS|TAMS 0x0000000710800000, 0x0000000710800000| Complete 
| 229|0x0000000710900000, 0x0000000710a00000, 0x0000000710a00000|100%| E|CS|TAMS 0x0000000710900000, 0x0000000710900000| Complete 
| 230|0x0000000710a00000, 0x0000000710b00000, 0x0000000710b00000|100%| E|CS|TAMS 0x0000000710a00000, 0x0000000710a00000| Complete 
| 231|0x0000000710b00000, 0x0000000710c00000, 0x0000000710c00000|100%| E|CS|TAMS 0x0000000710b00000, 0x0000000710b00000| Complete 
| 232|0x0000000710c00000, 0x0000000710d00000, 0x0000000710d00000|100%| E|CS|TAMS 0x0000000710c00000, 0x0000000710c00000| Complete 
| 233|0x0000000710d00000, 0x0000000710e00000, 0x0000000710e00000|100%| E|CS|TAMS 0x0000000710d00000, 0x0000000710d00000| Complete 
| 234|0x0000000710e00000, 0x0000000710f00000, 0x0000000710f00000|100%| E|CS|TAMS 0x0000000710e00000, 0x0000000710e00000| Complete 
| 235|0x0000000710f00000, 0x0000000711000000, 0x0000000711000000|100%| E|CS|TAMS 0x0000000710f00000, 0x0000000710f00000| Complete 
| 236|0x0000000711000000, 0x0000000711100000, 0x0000000711100000|100%| E|CS|TAMS 0x0000000711000000, 0x0000000711000000| Complete 
| 237|0x0000000711100000, 0x0000000711200000, 0x0000000711200000|100%| E|CS|TAMS 0x0000000711100000, 0x0000000711100000| Complete 
| 238|0x0000000711200000, 0x0000000711300000, 0x0000000711300000|100%| E|CS|TAMS 0x0000000711200000, 0x0000000711200000| Complete 
| 239|0x0000000711300000, 0x0000000711400000, 0x0000000711400000|100%| E|CS|TAMS 0x0000000711300000, 0x0000000711300000| Complete 
| 240|0x0000000711400000, 0x0000000711500000, 0x0000000711500000|100%| E|CS|TAMS 0x0000000711400000, 0x0000000711400000| Complete 
| 241|0x0000000711500000, 0x0000000711600000, 0x0000000711600000|100%| E|CS|TAMS 0x0000000711500000, 0x0000000711500000| Complete 
| 242|0x0000000711600000, 0x0000000711700000, 0x0000000711700000|100%| E|CS|TAMS 0x0000000711600000, 0x0000000711600000| Complete 
| 243|0x0000000711700000, 0x0000000711800000, 0x0000000711800000|100%| E|CS|TAMS 0x0000000711700000, 0x0000000711700000| Complete 
| 244|0x0000000711800000, 0x0000000711900000, 0x0000000711900000|100%| E|CS|TAMS 0x0000000711800000, 0x0000000711800000| Complete 
| 245|0x0000000711900000, 0x0000000711a00000, 0x0000000711a00000|100%| E|CS|TAMS 0x0000000711900000, 0x0000000711900000| Complete 
| 246|0x0000000711a00000, 0x0000000711b00000, 0x0000000711b00000|100%| E|CS|TAMS 0x0000000711a00000, 0x0000000711a00000| Complete 
| 247|0x0000000711b00000, 0x0000000711c00000, 0x0000000711c00000|100%| E|CS|TAMS 0x0000000711b00000, 0x0000000711b00000| Complete 
| 248|0x0000000711c00000, 0x0000000711d00000, 0x0000000711d00000|100%| E|CS|TAMS 0x0000000711c00000, 0x0000000711c00000| Complete 
| 249|0x0000000711d00000, 0x0000000711e00000, 0x0000000711e00000|100%| E|CS|TAMS 0x0000000711d00000, 0x0000000711d00000| Complete 
| 250|0x0000000711e00000, 0x0000000711f00000, 0x0000000711f00000|100%| E|CS|TAMS 0x0000000711e00000, 0x0000000711e00000| Complete 
| 251|0x0000000711f00000, 0x0000000712000000, 0x0000000712000000|100%| E|CS|TAMS 0x0000000711f00000, 0x0000000711f00000| Complete 
| 252|0x0000000712000000, 0x0000000712100000, 0x0000000712100000|100%| E|CS|TAMS 0x0000000712000000, 0x0000000712000000| Complete 
| 253|0x0000000712100000, 0x0000000712200000, 0x0000000712200000|100%| E|CS|TAMS 0x0000000712100000, 0x0000000712100000| Complete 

Card table byte_map: [0x000001e4f8cf0000,0x000001e4f94e0000] _byte_map_base: 0x000001e4f54de000

Marking Bits (Prev, Next): (CMBitMap*) 0x000001e4f373e750, (CMBitMap*) 0x000001e4f373e718
 Prev Bits: [0x000001e48f000000, 0x000001e492f70000)
 Next Bits: [0x000001e4f9cd0000, 0x000001e4fdc40000)

Polling page: 0x000001e4f1b10000

Metaspace:

Usage:
  Non-class:     27.21 MB capacity,    26.96 MB (>99%) used,   213.61 KB ( <1%) free+waste,    49.00 KB ( <1%) overhead. 
      Class:      3.85 MB capacity,     3.67 MB ( 95%) used,   161.11 KB (  4%) free+waste,    23.75 KB ( <1%) overhead. 
       Both:     31.06 MB capacity,    30.62 MB ( 99%) used,   374.72 KB (  1%) free+waste,    72.75 KB ( <1%) overhead. 

Virtual space:
  Non-class space:       28.00 MB reserved,      27.42 MB ( 98%) committed 
      Class space:        1.00 GB reserved,       3.88 MB ( <1%) committed 
             Both:        1.03 GB reserved,      31.30 MB (  3%) committed 

Chunk freelists:
   Non-Class:  23.00 KB
       Class:  27.00 KB
        Both:  50.00 KB

MaxMetaspaceSize: 17179869184.00 GB
CompressedClassSpaceSize: 1.00 GB
Initial GC threshold: 20.80 MB
Current GC threshold: 35.08 MB
CDS: off

CodeHeap 'non-profiled nmethods': size=119168Kb used=838Kb max_used=838Kb free=118330Kb
 bounds [0x000001e487ba0000, 0x000001e487e10000, 0x000001e48f000000]
CodeHeap 'profiled nmethods': size=119168Kb used=5009Kb max_used=5009Kb free=114158Kb
 bounds [0x000001e480740000, 0x000001e480c30000, 0x000001e487ba0000]
CodeHeap 'non-nmethods': size=7424Kb used=2936Kb max_used=2951Kb free=4487Kb
 bounds [0x000001e480000000, 0x000001e4802f0000, 0x000001e480740000]
 total_blobs=2973 nmethods=2455 adapters=427
 compilation: enabled
              stopped_count=0, restarted_count=0
 full_count=0

Compilation events (20 events):
Event: 3.145 Thread 0x000001e494aab000 2428       3       java.lang.invoke.MemberName::isVarargs (23 bytes)
Event: 3.145 Thread 0x000001e494aab000 nmethod 2428 0x000001e480c1c510 code [0x000001e480c1c700, 0x000001e480c1cb98]
Event: 3.145 Thread 0x000001e494914000 nmethod 2427 0x000001e480c1cd10 code [0x000001e480c1cf20, 0x000001e480c1d5b8]
Event: 3.147 Thread 0x000001e4947ce800 2429  s!   4       jdk.internal.loader.URLClassPath::getLoader (194 bytes)
Event: 3.155 Thread 0x000001e4947ce800 nmethod 2429 0x000001e487c6a990 code [0x000001e487c6abe0, 0x000001e487c6b810]
Event: 3.162 Thread 0x000001e4954ce000 2431       3       java.util.concurrent.ConcurrentHashMap::resizeStamp (8 bytes)
Event: 3.162 Thread 0x000001e4954ce000 nmethod 2431 0x000001e480c1d810 code [0x000001e480c1d9c0, 0x000001e480c1dac8]
Event: 3.162 Thread 0x000001e495f6f000 2432   !   4       java.util.jar.JarFile::checkForSpecialAttributes (163 bytes)
Event: 3.173 Thread 0x000001e495f6f000 nmethod 2432 0x000001e487c6c190 code [0x000001e487c6c400, 0x000001e487c6d2b0]
Event: 3.180 Thread 0x000001e494aab000 2434       3       java.lang.reflect.ReflectAccess::getExecutableSharedParameterTypes (5 bytes)
Event: 3.180 Thread 0x000001e494f0c800 2433       3       jdk.internal.reflect.ReflectionFactory::getExecutableSharedParameterTypes (10 bytes)
Event: 3.181 Thread 0x000001e494aab000 nmethod 2434 0x000001e480c1db90 code [0x000001e480c1dd40, 0x000001e480c1df08]
Event: 3.181 Thread 0x000001e494f0c800 nmethod 2433 0x000001e480c1e010 code [0x000001e480c1e200, 0x000001e480c1e5a8]
Event: 3.186 Thread 0x000001e4947ce800 2435   !   4       jdk.internal.loader.URLClassPath$JarLoader::ensureOpen (36 bytes)
Event: 3.187 Thread 0x000001e4947ce800 nmethod 2435 0x000001e487c6d990 code [0x000001e487c6db40, 0x000001e487c6dc88]
Event: 3.189 Thread 0x000001e495f6f000 2436       4       java.util.jar.JarFile::getEntry (22 bytes)
Event: 3.193 Thread 0x000001e4947ce800 2437   !   4       jdk.internal.loader.URLClassPath$JarLoader::getResource (65 bytes)
Event: 3.194 Thread 0x000001e494914000 2438       1       java.lang.reflect.Constructor::getSharedParameterTypes (5 bytes)
Event: 3.194 Thread 0x000001e494914000 nmethod 2438 0x000001e487c6dd90 code [0x000001e487c6df40, 0x000001e487c6dff8]
Event: 3.201 Thread 0x000001e495f6f000 nmethod 2436 0x000001e487c6e090 code [0x000001e487c6e2a0, 0x000001e487c6edb0]

GC Heap History (4 events):
Event: 0.439 GC heap before
{Heap before GC invocations=0 (full 0):
 garbage-first heap   total 260096K, used 27648K [0x0000000702400000, 0x0000000800000000)
  region size 1024K, 24 young (24576K), 0 survivors (0K)
 Metaspace       used 11734K, capacity 11826K, committed 11904K, reserved 1060864K
  class space    used 1085K, capacity 1109K, committed 1152K, reserved 1048576K
}
Event: 0.442 GC heap after
{Heap after GC invocations=1 (full 0):
 garbage-first heap   total 260096K, used 5751K [0x0000000702400000, 0x0000000800000000)
  region size 1024K, 3 young (3072K), 3 survivors (3072K)
 Metaspace       used 11734K, capacity 11826K, committed 11904K, reserved 1060864K
  class space    used 1085K, capacity 1109K, committed 1152K, reserved 1048576K
}
Event: 2.593 GC heap before
{Heap before GC invocations=1 (full 0):
 garbage-first heap   total 260096K, used 45687K [0x0000000702400000, 0x0000000800000000)
  region size 1024K, 43 young (44032K), 3 survivors (3072K)
 Metaspace       used 20872K, capacity 21114K, committed 21296K, reserved 1069056K
  class space    used 2230K, capacity 2315K, committed 2432K, reserved 1048576K
}
Event: 2.602 GC heap after
{Heap after GC invocations=2 (full 0):
 garbage-first heap   total 260096K, used 9476K [0x0000000702400000, 0x0000000800000000)
  region size 1024K, 7 young (7168K), 7 survivors (7168K)
 Metaspace       used 20872K, capacity 21114K, committed 21296K, reserved 1069056K
  class space    used 2230K, capacity 2315K, committed 2432K, reserved 1048576K
}

Deoptimization events (20 events):
Event: 2.889 Thread 0x000001e4f36eb800 Uncommon trap: trap_request=0xffffff6e fr.pc=0x000001e487c3d72c relative=0x00000000000014ec
Event: 2.889 Thread 0x000001e4f36eb800 Uncommon trap: reason=speculate_class_check action=maybe_recompile pc=0x000001e487c3d72c method=java.util.zip.InflaterInputStream.read([BII)I @ 100 c2
Event: 2.889 Thread 0x000001e4f36eb800 DEOPT PACKING pc=0x000001e487c3d72c sp=0x0000000d515fe470
Event: 2.889 Thread 0x000001e4f36eb800 DEOPT UNPACKING pc=0x000001e48004a1af sp=0x0000000d515fe4d0 mode 2
Event: 2.923 Thread 0x000001e4f36eb800 Uncommon trap: trap_request=0xffffff4d fr.pc=0x000001e487c5dff8 relative=0x00000000000004d8
Event: 2.923 Thread 0x000001e4f36eb800 Uncommon trap: reason=unstable_if action=reinterpret pc=0x000001e487c5dff8 method=jdk.internal.org.objectweb.asm.Type.getArgumentsAndReturnSizes(Ljava/lang/String;)I @ 130 c2
Event: 2.923 Thread 0x000001e4f36eb800 DEOPT PACKING pc=0x000001e487c5dff8 sp=0x0000000d515fbfb0
Event: 2.923 Thread 0x000001e4f36eb800 DEOPT UNPACKING pc=0x000001e48004a1af sp=0x0000000d515fbf48 mode 2
Event: 2.970 Thread 0x000001e4f36eb800 Uncommon trap: trap_request=0xffffff4d fr.pc=0x000001e487c373d8 relative=0x0000000000000598
Event: 2.970 Thread 0x000001e4f36eb800 Uncommon trap: reason=unstable_if action=reinterpret pc=0x000001e487c373d8 method=java.lang.Integer.getChars(II[B)I @ 25 c2
Event: 2.970 Thread 0x000001e4f36eb800 DEOPT PACKING pc=0x000001e487c373d8 sp=0x0000000d515fe4c0
Event: 2.970 Thread 0x000001e4f36eb800 DEOPT UNPACKING pc=0x000001e48004a1af sp=0x0000000d515fe408 mode 2
Event: 2.988 Thread 0x000001e4f36eb800 Uncommon trap: trap_request=0xffffffcc fr.pc=0x000001e487c5fef0 relative=0x00000000000001b0
Event: 2.988 Thread 0x000001e4f36eb800 Uncommon trap: reason=intrinsic_or_type_checked_inlining action=make_not_entrant pc=0x000001e487c5fef0 method=java.util.Arrays.copyOf([Ljava/lang/Object;ILjava/lang/Class;)[Ljava/lang/Object; @ 35 c2
Event: 2.988 Thread 0x000001e4f36eb800 DEOPT PACKING pc=0x000001e487c5fef0 sp=0x0000000d515fd7d0
Event: 2.988 Thread 0x000001e4f36eb800 DEOPT UNPACKING pc=0x000001e48004a1af sp=0x0000000d515fd760 mode 2
Event: 3.036 Thread 0x000001e4f36eb800 Uncommon trap: trap_request=0xffffff4d fr.pc=0x000001e487c0a038 relative=0x0000000000000198
Event: 3.036 Thread 0x000001e4f36eb800 Uncommon trap: reason=unstable_if action=reinterpret pc=0x000001e487c0a038 method=java.lang.String.startsWith(Ljava/lang/String;I)Z @ 1 c2
Event: 3.037 Thread 0x000001e4f36eb800 DEOPT PACKING pc=0x000001e487c0a038 sp=0x0000000d515fdde0
Event: 3.037 Thread 0x000001e4f36eb800 DEOPT UNPACKING pc=0x000001e48004a1af sp=0x0000000d515fdd50 mode 2

Classes redefined (0 events):
No events

Internal exceptions (20 events):
Event: 2.648 Thread 0x000001e4f36eb800 Exception <a 'java/lang/NoSuchMethodError'{0x0000000711e054b0}: 'long java.lang.invoke.DirectMethodHandle$Holder.invokeStatic(java.lang.Object)'> (0x0000000711e054b0) thrown at [./src/hotspot/share/interpreter/linkResolver.cpp, line 773]
Event: 2.649 Thread 0x000001e4f36eb800 Exception <a 'java/lang/NoSuchMethodError'{0x0000000711e08308}: 'long java.lang.invoke.DirectMethodHandle$Holder.invokeStaticInit(java.lang.Object)'> (0x0000000711e08308) thrown at [./src/hotspot/share/interpreter/linkResolver.cpp, line 773]
Event: 2.698 Thread 0x000001e4f36eb800 Exception <a 'java/lang/NoSuchMethodError'{0x0000000711ab0de0}: 'int java.lang.invoke.DirectMethodHandle$Holder.invokeStaticInit(java.lang.Object, java.lang.Object, java.lang.Object)'> (0x0000000711ab0de0) thrown at [./src/hotspot/share/interpreter/linkResolver.cpp, line 773]
Event: 2.701 Thread 0x000001e4f36eb800 Exception <a 'java/lang/NoSuchMethodError'{0x0000000711adbd50}: 'int java.lang.invoke.DirectMethodHandle$Holder.invokeStaticInit(java.lang.Object, java.lang.Object)'> (0x0000000711adbd50) thrown at [./src/hotspot/share/interpreter/linkResolver.cpp, line 773]
Event: 2.744 Thread 0x000001e4f36eb800 Exception <a 'java/lang/NoSuchMethodError'{0x00000007118ef8d0}: 'void java.lang.invoke.DirectMethodHandle$Holder.invokeSpecial(java.lang.Object, java.lang.Object)'> (0x00000007118ef8d0) thrown at [./src/hotspot/share/interpreter/linkResolver.cpp, line 773]
Event: 2.917 Thread 0x000001e4f36eb800 Exception <a 'java/lang/NoSuchMethodError'{0x0000000710f59ff8}: 'java.lang.Object java.lang.invoke.DirectMethodHandle$Holder.invokeStatic(java.lang.Object, java.lang.Object, java.lang.Object, java.lang.Object, java.lang.Object, java.lang.Object, java.lang.Object, java.lang.Object, java.lang.Object, java.lang.Object, java.lang.Object, java.lang.Object, java.lang.Object, java.lang.Object, java.lang.Object)'> (0x0000000710f59ff8) thrown at [./src/hotspot/share/interpreter/linkResolver.cpp, line 773]
Event: 2.918 Thread 0x000001e4f36eb800 Exception <a 'java/lang/NoSuchMethodError'{0x0000000710f68000}: 'java.lang.Object java.lang.invoke.DirectMethodHandle$Holder.invokeStatic(java.lang.Object, java.lang.Object, java.lang.Object, java.lang.Object, java.lang.Object, java.lang.Object, java.lang.Object, java.lang.Object, java.lang.Object, java.lang.Object, java.lang.Object, java.lang.Object, java.lang.Object, java.lang.Object, java.lang.Object, java.lang.Object)'> (0x0000000710f68000) thrown at [./src/hotspot/share/interpreter/linkResolver.cpp, l
Event: 2.919 Thread 0x000001e4f36eb800 Exception <a 'java/lang/NoSuchMethodError'{0x0000000710f75f18}: 'java.lang.Object java.lang.invoke.DirectMethodHandle$Holder.invokeSpecial(java.lang.Object, java.lang.Object, int, int, java.lang.Object, java.lang.Object, java.lang.Object)'> (0x0000000710f75f18) thrown at [./src/hotspot/share/interpreter/linkResolver.cpp, line 773]
Event: 2.919 Thread 0x000001e4f36eb800 Exception <a 'java/lang/NoSuchMethodError'{0x0000000710f79750}: 'java.lang.Object java.lang.invoke.DelegatingMethodHandle$Holder.reinvoke_L(java.lang.Object, int, int, java.lang.Object, java.lang.Object, java.lang.Object)'> (0x0000000710f79750) thrown at [./src/hotspot/share/interpreter/linkResolver.cpp, line 773]
Event: 2.920 Thread 0x000001e4f36eb800 Exception <a 'java/lang/NoSuchMethodError'{0x0000000710f7dad8}: 'java.lang.Object java.lang.invoke.DirectMethodHandle$Holder.invokeStatic(java.lang.Object, java.lang.Object, java.lang.Object, java.lang.Object, int)'> (0x0000000710f7dad8) thrown at [./src/hotspot/share/interpreter/linkResolver.cpp, line 773]
Event: 2.969 Thread 0x000001e4f36eb800 Exception <a 'sun/nio/fs/WindowsException'{0x0000000710ebe168}> (0x0000000710ebe168) thrown at [./src/hotspot/share/prims/jni.cpp, line 615]
Event: 2.969 Thread 0x000001e4f36eb800 Exception <a 'sun/nio/fs/WindowsException'{0x0000000710ebea10}> (0x0000000710ebea10) thrown at [./src/hotspot/share/prims/jni.cpp, line 615]
Event: 2.970 Thread 0x000001e4f36eb800 Exception <a 'sun/nio/fs/WindowsException'{0x0000000710ebf2c8}> (0x0000000710ebf2c8) thrown at [./src/hotspot/share/prims/jni.cpp, line 615]
Event: 2.970 Thread 0x000001e4f36eb800 Exception <a 'sun/nio/fs/WindowsException'{0x0000000710ebfd00}> (0x0000000710ebfd00) thrown at [./src/hotspot/share/prims/jni.cpp, line 615]
Event: 2.970 Thread 0x000001e4f36eb800 Exception <a 'sun/nio/fs/WindowsException'{0x0000000710ec0648}> (0x0000000710ec0648) thrown at [./src/hotspot/share/prims/jni.cpp, line 615]
Event: 2.970 Thread 0x000001e4f36eb800 Exception <a 'sun/nio/fs/WindowsException'{0x0000000710ec0fc0}> (0x0000000710ec0fc0) thrown at [./src/hotspot/share/prims/jni.cpp, line 615]
Event: 2.972 Thread 0x000001e4f36eb800 Exception <a 'java/lang/NoSuchMethodError'{0x0000000710ec7a68}: 'void java.lang.invoke.DirectMethodHandle$Holder.invokeStatic(java.lang.Object, java.lang.Object, java.lang.Object, java.lang.Object)'> (0x0000000710ec7a68) thrown at [./src/hotspot/share/interpreter/linkResolver.cpp, line 773]
Event: 3.022 Thread 0x000001e4f36eb800 Exception <a 'java/lang/NoSuchMethodError'{0x0000000710aa7f70}: 'void java.lang.invoke.DirectMethodHandle$Holder.invokeStaticInit(java.lang.Object, java.lang.Object)'> (0x0000000710aa7f70) thrown at [./src/hotspot/share/interpreter/linkResolver.cpp, line 773]
Event: 3.120 Thread 0x000001e4f36eb800 Exception <a 'java/lang/NoSuchMethodError'{0x0000000710441450}: 'void java.lang.invoke.DirectMethodHandle$Holder.invokeVirtual(java.lang.Object, java.lang.Object)'> (0x0000000710441450) thrown at [./src/hotspot/share/interpreter/linkResolver.cpp, line 773]
Event: 3.129 Thread 0x000001e4f36eb800 Exception <a 'java/lang/NoSuchMethodError'{0x00000007104b6ba0}: 'int java.lang.invoke.DirectMethodHandle$Holder.invokeVirtual(java.lang.Object, java.lang.Object)'> (0x00000007104b6ba0) thrown at [./src/hotspot/share/interpreter/linkResolver.cpp, line 773]

Events (20 events):
Event: 3.196 loading class org/jetbrains/kotlin/psi/KtTypeElement
Event: 3.196 loading class org/jetbrains/kotlin/psi/KtTypeElement done
Event: 3.197 loading class org/jetbrains/kotlin/psi/KtIntersectionType
Event: 3.197 loading class org/jetbrains/kotlin/psi/KtIntersectionType done
Event: 3.197 loading class org/jetbrains/kotlin/psi/KtTypeReference
Event: 3.197 loading class org/jetbrains/kotlin/psi/KtTypeReference done
Event: 3.198 loading class org/jetbrains/kotlin/psi/stubs/elements/KtUserTypeElementType
Event: 3.198 loading class org/jetbrains/kotlin/psi/stubs/elements/KtUserTypeElementType done
Event: 3.198 loading class org/jetbrains/kotlin/psi/stubs/KotlinUserTypeStub
Event: 3.198 loading class org/jetbrains/kotlin/psi/stubs/KotlinUserTypeStub done
Event: 3.198 loading class org/jetbrains/kotlin/psi/KtUserType
Event: 3.198 loading class org/jetbrains/kotlin/psi/KtUserType done
Event: 3.199 loading class org/jetbrains/kotlin/psi/KtSimpleNameExpression
Event: 3.199 loading class org/jetbrains/kotlin/psi/KtSimpleNameExpression done
Event: 3.199 loading class org/jetbrains/kotlin/psi/KtReferenceExpression
Event: 3.199 loading class org/jetbrains/kotlin/psi/KtReferenceExpression done
Event: 3.200 loading class org/jetbrains/kotlin/psi/stubs/elements/KtEnumEntrySuperClassReferenceExpressionElementType
Event: 3.200 loading class org/jetbrains/kotlin/psi/stubs/elements/KtEnumEntrySuperClassReferenceExpressionElementType done
Event: 3.201 loading class org/jetbrains/kotlin/psi/KtDynamicType
Event: 3.201 loading class org/jetbrains/kotlin/psi/KtDynamicType done


Dynamic libraries:
0x00007ff672f00000 - 0x00007ff672f0a000 	E:\SoftWare\Android\Android Studio\jre\bin\java.exe
0x00007ff94a220000 - 0x00007ff94a427000 	C:\Windows\SYSTEM32\ntdll.dll
0x00007ff948c60000 - 0x00007ff948d1d000 	C:\Windows\System32\KERNEL32.DLL
0x00007ff947b50000 - 0x00007ff947ec4000 	C:\Windows\System32\KERNELBASE.dll
0x00007ff944c70000 - 0x00007ff944d01000 	C:\Windows\SYSTEM32\apphelp.dll
0x00007ff8e2670000 - 0x00007ff8e2b0c000 	C:\Windows\SYSTEM32\AcLayers.DLL
0x00007ff949f20000 - 0x00007ff949fc3000 	C:\Windows\System32\msvcrt.dll
0x00007ff9480b0000 - 0x00007ff94810d000 	C:\Windows\System32\SHLWAPI.dll
0x00007ff944460000 - 0x00007ff944471000 	C:\Windows\SYSTEM32\SortWindows61.dll
0x00007ff947f90000 - 0x00007ff9480a1000 	C:\Windows\System32\ucrtbase.dll
0x00007ff92af30000 - 0x00007ff92af49000 	E:\SoftWare\Android\Android Studio\jre\bin\jli.dll
0x00007ff928250000 - 0x00007ff928267000 	E:\SoftWare\Android\Android Studio\jre\bin\VCRUNTIME140.dll
0x00007ff949540000 - 0x00007ff9496ec000 	C:\Windows\System32\USER32.dll
0x00007ff947ab0000 - 0x00007ff947ad6000 	C:\Windows\System32\win32u.dll
0x00007ff9496f0000 - 0x00007ff949719000 	C:\Windows\System32\GDI32.dll
0x00007ff947990000 - 0x00007ff947aa2000 	C:\Windows\System32\gdi32full.dll
0x00007ff947780000 - 0x00007ff94781d000 	C:\Windows\System32\msvcp_win.dll
0x00007ff935800000 - 0x00007ff935aa5000 	C:\Windows\WinSxS\amd64_microsoft.windows.common-controls_6595b64144ccf1df_6.0.22000.120_none_9d947278b86cc467\COMCTL32.dll
0x00007ff948c20000 - 0x00007ff948c51000 	C:\Windows\System32\IMM32.DLL
0x0000000059420000 - 0x000000005942c000 	C:\Program Files (x86)\360\360Safe\safemon\SafeWrapper.dll
0x00007ff949b90000 - 0x00007ff949c3c000 	C:\Windows\System32\ADVAPI32.dll
0x00007ff948240000 - 0x00007ff9482dd000 	C:\Windows\System32\sechost.dll
0x00007ff948110000 - 0x00007ff948231000 	C:\Windows\System32\RPCRT4.dll
0x00007ff938420000 - 0x00007ff9384b6000 	C:\Program Files (x86)\360\360Safe\safemon\libzdtp64.dll
0x00007ff948d20000 - 0x00007ff9494c9000 	C:\Windows\System32\SHELL32.dll
0x00007ff947140000 - 0x00007ff94714a000 	C:\Windows\SYSTEM32\VERSION.dll
0x00007ff91f0d0000 - 0x00007ff91f16d000 	E:\SoftWare\Android\Android Studio\jre\bin\msvcp140.dll
0x00007ff904050000 - 0x00007ff904b35000 	E:\SoftWare\Android\Android Studio\jre\bin\server\jvm.dll
0x00007ff948890000 - 0x00007ff948898000 	C:\Windows\System32\PSAPI.DLL
0x00007ff9418f0000 - 0x00007ff941923000 	C:\Windows\SYSTEM32\WINMM.dll
0x00007ff942180000 - 0x00007ff942189000 	C:\Windows\SYSTEM32\WSOCK32.dll
0x00007ff9494d0000 - 0x00007ff94953f000 	C:\Windows\System32\WS2_32.dll
0x00007ff9467c0000 - 0x00007ff9467d8000 	C:\Windows\SYSTEM32\kernel.appcore.dll
0x00007ff942190000 - 0x00007ff9421a1000 	E:\SoftWare\Android\Android Studio\jre\bin\verify.dll
0x00007ff93e6e0000 - 0x00007ff93e901000 	C:\Windows\SYSTEM32\DBGHELP.DLL
0x00007ff93dd80000 - 0x00007ff93ddb1000 	C:\Windows\SYSTEM32\dbgcore.DLL
0x00007ff947700000 - 0x00007ff947780000 	C:\Windows\System32\bcryptPrimitives.dll
0x00007ff936d30000 - 0x00007ff936d59000 	E:\SoftWare\Android\Android Studio\jre\bin\java.dll
0x00007ff942170000 - 0x00007ff94217b000 	E:\SoftWare\Android\Android Studio\jre\bin\jimage.dll
0x00007ff93eea0000 - 0x00007ff93eeb8000 	E:\SoftWare\Android\Android Studio\jre\bin\zip.dll
0x00007ff945840000 - 0x00007ff9460a2000 	C:\Windows\SYSTEM32\windows.storage.dll
0x00007ff948300000 - 0x00007ff948678000 	C:\Windows\System32\combase.dll
0x00007ff9456d0000 - 0x00007ff945836000 	C:\Windows\SYSTEM32\wintypes.dll
0x00007ff948b20000 - 0x00007ff948c0a000 	C:\Windows\System32\SHCORE.dll
0x00007ff947630000 - 0x00007ff947651000 	C:\Windows\SYSTEM32\profapi.dll
0x00007ff936d10000 - 0x00007ff936d2a000 	E:\SoftWare\Android\Android Studio\jre\bin\net.dll
0x00007ff9415a0000 - 0x00007ff9416ac000 	C:\Windows\SYSTEM32\WINHTTP.dll
0x00007ff946bd0000 - 0x00007ff946c37000 	C:\Windows\system32\mswsock.dll
0x00007ff936cf0000 - 0x00007ff936d04000 	E:\SoftWare\Android\Android Studio\jre\bin\nio.dll

dbghelp: loaded successfully - version: 4.0.5 - missing functions: none
symbol engine: initialized successfully - sym options: 0x614 - pdb path: .;E:\SoftWare\Android\Android Studio\jre\bin;C:\Windows\SYSTEM32;C:\Windows\WinSxS\amd64_microsoft.windows.common-controls_6595b64144ccf1df_6.0.22000.120_none_9d947278b86cc467;C:\Program Files (x86)\360\360Safe\safemon;E:\SoftWare\Android\Android Studio\jre\bin\server

VM Arguments:
java_command: org.jetbrains.kotlin.cli.jvm.K2JVMCompiler @D:\WebStormProjects\Ixueto\app\build\20220707_10578404649762636046.compiler.options
java_class_path (initial): C:\Users\Administrator\.gradle\caches\modules-2\files-2.1\org.jetbrains.kotlin\kotlin-compiler-embeddable\1.6.10\88f2073f4020cdb83132cfe940ceb9a60aba54ea\kotlin-compiler-embeddable-1.6.10.jar;C:\Users\Administrator\.gradle\caches\modules-2\files-2.1\org.jetbrains.kotlin\kotlin-reflect\1.6.10\1cbe9c92c12a94eea200d23c2bbaedaf3daf5132\kotlin-reflect-1.6.10.jar;C:\Users\Administrator\.gradle\caches\modules-2\files-2.1\org.jetbrains.kotlin\kotlin-stdlib\1.6.10\b8af3fe6f1ca88526914929add63cf5e7c5049af\kotlin-stdlib-1.6.10.jar;C:\Users\Administrator\.gradle\caches\modules-2\files-2.1\org.jetbrains.kotlin\kotlin-script-runtime\1.6.10\d0a7ff2e2500ef497ed0214ae40ad3c8387a6164\kotlin-script-runtime-1.6.10.jar;C:\Users\Administrator\.gradle\caches\modules-2\files-2.1\org.jetbrains.kotlin\kotlin-daemon-embeddable\1.6.10\a56d79bcbea411fa6058e4ecffc2de73e742bd2a\kotlin-daemon-embeddable-1.6.10.jar;C:\Users\Administrator\.gradle\caches\modules-2\files-2.1\org.jetbrains.intellij.deps\trove4j\1.0.20181211\216c2e14b070f334479d800987affe4054cd563f\trove4j-1.0.20181211.jar;C:\Users\Administrator\.gradle\caches\modules-2\files-2.1\net.java.dev.jna\jna\5.6.0\330f2244e9030119ab3030fc3fededc86713d9cc\jna-5.6.0.jar;C:\Users\Administrator\.gradle\caches\modules-2\files-2.1\org.jetbrains\annotations\13.0\919f0dfe192fb4e063e7dacadee7f8bb9a2672a9\annotations-13.0.jar;C:\Users\Administrator\.gradle\caches\modules-2\files-2.1\org.jetbrains.kotlin\kotlin-stdlib-common\1.6.10\c118700e3a33c8a0d9adc920e9dec0831171925\kotlin-stdlib-common-1.6.10.jar
Launcher Type: SUN_STANDARD

[Global flags]
     intx CICompilerCount                          = 12                                        {product} {ergonomic}
     uint ConcGCThreads                            = 3                                         {product} {ergonomic}
     uint G1ConcRefinementThreads                  = 13                                        {product} {ergonomic}
   size_t G1HeapRegionSize                         = 1048576                                   {product} {ergonomic}
    uintx GCDrainStackTargetSize                   = 64                                        {product} {ergonomic}
   size_t InitialHeapSize                          = 266338304                                 {product} {ergonomic}
   size_t MarkStackSize                            = 4194304                                   {product} {ergonomic}
   size_t MaxHeapSize                              = 4257218560                                {product} {ergonomic}
   size_t MaxNewSize                               = 2554331136                                {product} {ergonomic}
   size_t MinHeapDeltaBytes                        = 1048576                                   {product} {ergonomic}
    uintx NonNMethodCodeHeapSize                   = 7594288                                {pd product} {ergonomic}
    uintx NonProfiledCodeHeapSize                  = 122031976                              {pd product} {ergonomic}
    uintx ProfiledCodeHeapSize                     = 122031976                              {pd product} {ergonomic}
    uintx ReservedCodeCacheSize                    = 251658240                              {pd product} {ergonomic}
     bool SegmentedCodeCache                       = true                                      {product} {ergonomic}
     bool UseCompressedClassPointers               = true                                 {lp64_product} {ergonomic}
     bool UseCompressedOops                        = true                                 {lp64_product} {ergonomic}
     bool UseG1GC                                  = true                                      {product} {ergonomic}
     bool UseLargePagesIndividualAllocation        = false                                  {pd product} {ergonomic}

Logging:
Log output configuration:
 #0: stdout all=warning uptime,level,tags
 #1: stderr all=off uptime,level,tags

Environment Variables:
JAVA_HOME=C:\Program Files\Java\jdk-15
CLASSPATH=.;C:\Program Files\Java\jdk-15\lib\tools.jar;
PATH=C:\Windows\system32;C:\Windows;C:\Windows\System32\Wbem;C:\Windows\System32\WindowsPowerShell\v1.0\;C:\Windows\System32\OpenSSH\;C:\Program Files\Microsoft SQL Server\Client SDK\ODBC\170\Tools\Binn\;C:\Program Files\Microsoft SQL Server\150\Tools\Binn\;C:\Program Files\TortoiseSVN\bin;C:\Program Files\Microsoft SQL Server\Client SDK\ODBC\130\Tools\Binn\;C:\Program Files (x86)\Microsoft SQL Server\140\Tools\Binn\;C:\Program Files\Microsoft SQL Server\140\Tools\Binn\;C:\Program Files\Microsoft SQL Server\140\DTS\Binn\;C:\Program Files (x86)\Microsoft SQL Server\150\DTS\Binn\;C:\Program Files\Azure Data Studio\bin;D:\ffmpeg-N-104865-g571e8ca2dd-win64-gpl\bin;E:\SoftWare\OpenSSL-Win64\bin;C:\Program Files\Java\jdk-15\bin;C:\Program Files\nodejs\;E:\SoftWare\Git\cmd;D:\phantomjs-2.1.1-windows\bin;D:\flutter\bin;C:\Program Files\Java\jdk-15\jre\bin;D:\Android\platform-tools;C:\Program Files\dotnet\;C:\Users\Administrator\AppData\Local\Microsoft\WindowsApps;C:\Users\Administrator\AppData\Roaming\npm;E:\SoftWare\Microsoft VS Code\bin;C:\Users\Administrator\.dotnet\tools
USERNAME=Administrator
OS=Windows_NT
PROCESSOR_IDENTIFIER=Intel64 Family 6 Model 165 Stepping 5, GenuineIntel



---------------  S Y S T E M  ---------------

OS: Windows 10 , 64 bit Build 22000 (10.0.22000.120)
OS uptime: 3 days 8:46 hours

CPU:total 16 (initial active 16) (8 cores per cpu, 2 threads per core) family 6 model 165 stepping 5 microcode 0xe0, cmov, cx8, fxsr, mmx, sse, sse2, sse3, ssse3, sse4.1, sse4.2, popcnt, avx, avx2, aes, clmul, erms, 3dnowpref, lzcnt, ht, tsc, tscinvbit, bmi1, bmi2, adx, fma

Memory: 4k page, system-wide physical 16233M (1539M free)
TotalPageFile size 46632M (AvailPageFile size 2M)
current process WorkingSet (physical memory assigned to process): 208M, peak: 208M
current process commit charge ("private bytes"): 452M, peak: 452M

vm_info: OpenJDK 64-Bit Server VM (11.0.12+7-b1504.28-7817840) for windows-amd64 JRE (11.0.12+7-b1504.28-7817840), built on Oct 13 2021 22:12:33 by "builder" with MS VC++ 14.0 (VS2015)

END.
