#
# There is insufficient memory for the Java Runtime Environment to continue.
# Native memory allocation (malloc) failed to allocate 2047056 bytes for Chunk::new
# Possible reasons:
#   The system is out of physical RAM or swap space
#   The process is running with CompressedOops enabled, and the Java Heap may be blocking the growth of the native heap
# Possible solutions:
#   Reduce memory load on the system
#   Increase physical memory or swap space
#   Check if swap backing store is full
#   Decrease Java heap size (-Xmx/-Xms)
#   Decrease number of Java threads
#   Decrease Java thread stack sizes (-Xss)
#   Set larger code cache with -XX:ReservedCodeCacheSize=
#   JVM is running with Unscaled Compressed Oops mode in which the Java heap is
#     placed in the first 4GB address space. The Java Heap base address is the
#     maximum limit for the native heap growth. Please use -XX:HeapBaseMinAddress
#     to set the Java Heap base and to place the Java Heap above 4GB virtual address.
# This output file may be truncated or incomplete.
#
#  Out of Memory Error (./src/hotspot/share/memory/arena.cpp:197), pid=36652, tid=7568
#
# JRE version: OpenJDK Runtime Environment (11.0.12+7) (build 11.0.12+7-b1504.28-7817840)
# Java VM: OpenJDK 64-Bit Server VM (11.0.12+7-b1504.28-7817840, mixed mode, tiered, compressed oops, g1 gc, windows-amd64)
# No core dump will be written. Minidumps are not enabled by default on client versions of Windows
#

---------------  S U M M A R Y ------------

Command Line: --add-opens=java.base/java.util=ALL-UNNAMED --add-opens=java.base/java.lang=ALL-UNNAMED --add-opens=java.base/java.lang.invoke=ALL-UNNAMED --add-opens=java.base/java.util=ALL-UNNAMED --add-opens=java.prefs/java.util.prefs=ALL-UNNAMED --add-opens=java.prefs/java.util.prefs=ALL-UNNAMED --add-opens=java.base/java.nio.charset=ALL-UNNAMED --add-opens=java.base/java.net=ALL-UNNAMED --add-opens=java.base/java.util.concurrent.atomic=ALL-UNNAMED -Xmx2048m -Dfile.encoding=UTF-8 -Duser.country=CN -Duser.language=zh -Duser.variant org.gradle.launcher.daemon.bootstrap.GradleDaemon 7.3.3

Host: Intel(R) Core(TM) i7-10700 CPU @ 2.90GHz, 16 cores, 15G,  Windows 10 , 64 bit Build 22000 (10.0.22000.120)
Time: Fri Jul  8 09:12:12 2022 中国标准时间 elapsed time: 3.530411 seconds (0d 0h 0m 3s)

---------------  T H R E A D  ---------------

Current thread (0x0000024bc96d9000):  JavaThread "C2 CompilerThread2" daemon [_thread_in_native, id=7568, stack(0x0000006b69e00000,0x0000006b69f00000)]


Current CompileTask:
C2:   3530 2823       4       jdk.internal.loader.URLClassPath::getResource (74 bytes)

Stack: [0x0000006b69e00000,0x0000006b69f00000]
Native frames: (J=compiled Java code, j=interpreted, Vv=VM code, C=native code)
V  [jvm.dll+0x5fbcea]
V  [jvm.dll+0x731905]
V  [jvm.dll+0x732f1d]
V  [jvm.dll+0x7335d3]
V  [jvm.dll+0x247bf8]
V  [jvm.dll+0xc018c]
V  [jvm.dll+0xc06cc]
V  [jvm.dll+0x35b2db]
V  [jvm.dll+0x19d0bc]
V  [jvm.dll+0x20070e]
V  [jvm.dll+0x1ff794]
V  [jvm.dll+0x18868c]
V  [jvm.dll+0x20e0d7]
V  [jvm.dll+0x20c901]
V  [jvm.dll+0x6f9b7f]
V  [jvm.dll+0x6f26a5]
V  [jvm.dll+0x5fabf6]
C  [ucrtbase.dll+0x26c0c]
C  [KERNEL32.DLL+0x154e0]
C  [ntdll.dll+0x485b]


---------------  P R O C E S S  ---------------

Threads class SMR info:
_java_thread_list=0x0000024bc7cd0dd0, length=36, elements={
0x0000024bab4d1800, 0x0000024bc7a9b800, 0x0000024bc7aaa800, 0x0000024bc7ceb000,
0x0000024bc7cec800, 0x0000024bc7cf1000, 0x0000024bc7cfa000, 0x0000024bc7d01000,
0x0000024bc7d18000, 0x0000024bc80ca800, 0x0000024bc8152000, 0x0000024bc812e000,
0x0000024bc96d6000, 0x0000024bc80ee000, 0x0000024bc795b000, 0x0000024bc846e800,
0x0000024bcb061800, 0x0000024bc41ed800, 0x0000024bc8572000, 0x0000024bc93ea800,
0x0000024bc7a40000, 0x0000024bc84d4800, 0x0000024bc8539800, 0x0000024bc96dc000,
0x0000024bcb550000, 0x0000024bcb54e000, 0x0000024bcb54c800, 0x0000024bcb54c000,
0x0000024bc96d9000, 0x0000024bcd8e7000, 0x0000024bcd8e7800, 0x0000024bcd8e4800,
0x0000024bcd8e3000, 0x0000024bcd8e3800, 0x0000024bcd8ed800, 0x0000024bc96d8000
}

Java Threads: ( => current thread )
  0x0000024bab4d1800 JavaThread "main" [_thread_blocked, id=35312, stack(0x0000006b66d00000,0x0000006b66e00000)]
  0x0000024bc7a9b800 JavaThread "Reference Handler" daemon [_thread_blocked, id=22384, stack(0x0000006b67400000,0x0000006b67500000)]
  0x0000024bc7aaa800 JavaThread "Finalizer" daemon [_thread_blocked, id=39224, stack(0x0000006b67500000,0x0000006b67600000)]
  0x0000024bc7ceb000 JavaThread "Signal Dispatcher" daemon [_thread_blocked, id=22432, stack(0x0000006b67600000,0x0000006b67700000)]
  0x0000024bc7cec800 JavaThread "Attach Listener" daemon [_thread_blocked, id=31152, stack(0x0000006b67700000,0x0000006b67800000)]
  0x0000024bc7cf1000 JavaThread "Service Thread" daemon [_thread_blocked, id=29824, stack(0x0000006b67800000,0x0000006b67900000)]
  0x0000024bc7cfa000 JavaThread "C2 CompilerThread0" daemon [_thread_in_native, id=14820, stack(0x0000006b67900000,0x0000006b67a00000)]
  0x0000024bc7d01000 JavaThread "C1 CompilerThread0" daemon [_thread_blocked, id=24004, stack(0x0000006b67a00000,0x0000006b67b00000)]
  0x0000024bc7d18000 JavaThread "Sweeper thread" daemon [_thread_blocked, id=26144, stack(0x0000006b67b00000,0x0000006b67c00000)]
  0x0000024bc80ca800 JavaThread "Common-Cleaner" daemon [_thread_blocked, id=5148, stack(0x0000006b67c00000,0x0000006b67d00000)]
  0x0000024bc8152000 JavaThread "C1 CompilerThread1" daemon [_thread_blocked, id=39472, stack(0x0000006b67d00000,0x0000006b67e00000)]
  0x0000024bc812e000 JavaThread "C1 CompilerThread2" daemon [_thread_blocked, id=36008, stack(0x0000006b67e00000,0x0000006b67f00000)]
  0x0000024bc96d6000 JavaThread "C1 CompilerThread3" daemon [_thread_blocked, id=9868, stack(0x0000006b68800000,0x0000006b68900000)]
  0x0000024bc80ee000 JavaThread "Daemon health stats" [_thread_blocked, id=1876, stack(0x0000006b68900000,0x0000006b68a00000)]
  0x0000024bc795b000 JavaThread "Incoming local TCP Connector on port 54226" [_thread_in_native, id=10028, stack(0x0000006b68000000,0x0000006b68100000)]
  0x0000024bc846e800 JavaThread "Daemon periodic checks" [_thread_blocked, id=32376, stack(0x0000006b68600000,0x0000006b68700000)]
  0x0000024bcb061800 JavaThread "Daemon" [_thread_blocked, id=37300, stack(0x0000006b68700000,0x0000006b68800000)]
  0x0000024bc41ed800 JavaThread "Handler for socket connection from /127.0.0.1:54226 to /127.0.0.1:54227" [_thread_in_native, id=23992, stack(0x0000006b68a00000,0x0000006b68b00000)]
  0x0000024bc8572000 JavaThread "Cancel handler" [_thread_blocked, id=21744, stack(0x0000006b68b00000,0x0000006b68c00000)]
  0x0000024bc93ea800 JavaThread "Daemon worker" [_thread_in_Java, id=37176, stack(0x0000006b68c00000,0x0000006b68d00000)]
  0x0000024bc7a40000 JavaThread "Asynchronous log dispatcher for DefaultDaemonConnection: socket connection from /127.0.0.1:54226 to /127.0.0.1:54227" [_thread_blocked, id=30688, stack(0x0000006b68d00000,0x0000006b68e00000)]
  0x0000024bc84d4800 JavaThread "Stdin handler" [_thread_blocked, id=33252, stack(0x0000006b68e00000,0x0000006b68f00000)]
  0x0000024bc8539800 JavaThread "Daemon client event forwarder" [_thread_blocked, id=33088, stack(0x0000006b68f00000,0x0000006b69000000)]
  0x0000024bc96dc000 JavaThread "C2 CompilerThread1" daemon [_thread_in_native, id=37948, stack(0x0000006b69000000,0x0000006b69100000)]
  0x0000024bcb550000 JavaThread "Cache worker for journal cache (C:\Users\Administrator\.gradle\caches\journal-1)" [_thread_blocked, id=25732, stack(0x0000006b69100000,0x0000006b69200000)]
  0x0000024bcb54e000 JavaThread "File lock request listener" [_thread_in_native, id=29684, stack(0x0000006b69200000,0x0000006b69300000)]
  0x0000024bcb54c800 JavaThread "Cache worker for file hash cache (C:\Users\Administrator\.gradle\caches\7.3.3\fileHashes)" [_thread_blocked, id=30172, stack(0x0000006b69300000,0x0000006b69400000)]
  0x0000024bcb54c000 JavaThread "Cache worker for file hash cache (D:\WebStormProjects\Ixueto\.gradle\7.3.3\fileHashes)" [_thread_blocked, id=14116, stack(0x0000006b69d00000,0x0000006b69e00000)]
=>0x0000024bc96d9000 JavaThread "C2 CompilerThread2" daemon [_thread_in_native, id=7568, stack(0x0000006b69e00000,0x0000006b69f00000)]
  0x0000024bcd8e7000 JavaThread "File watcher server" daemon [_thread_in_native, id=39764, stack(0x0000006b69f00000,0x0000006b6a000000)]
  0x0000024bcd8e7800 JavaThread "File watcher consumer" daemon [_thread_blocked, id=30072, stack(0x0000006b6a000000,0x0000006b6a100000)]
  0x0000024bcd8e4800 JavaThread "Cache worker for checksums cache (D:\WebStormProjects\Ixueto\.gradle\7.3.3\checksums)" [_thread_blocked, id=3120, stack(0x0000006b6a100000,0x0000006b6a200000)]
  0x0000024bcd8e3000 JavaThread "Cache worker for cache directory md-supplier (C:\Users\Administrator\.gradle\caches\7.3.3\md-supplier)" [_thread_blocked, id=12804, stack(0x0000006b6a200000,0x0000006b6a300000)]
  0x0000024bcd8e3800 JavaThread "Cache worker for cache directory md-rule (C:\Users\Administrator\.gradle\caches\7.3.3\md-rule)" [_thread_blocked, id=22392, stack(0x0000006b6a300000,0x0000006b6a400000)]
  0x0000024bcd8ed800 JavaThread "Cache worker for execution history cache (C:\Users\Administrator\.gradle\caches\7.3.3\executionHistory)" [_thread_blocked, id=11128, stack(0x0000006b6a400000,0x0000006b6a500000)]
  0x0000024bc96d8000 JavaThread "C2 CompilerThread3" daemon [_thread_in_native, id=22404, stack(0x0000006b6a500000,0x0000006b6a600000)]

Other Threads:
  0x0000024bc7a2e800 VMThread "VM Thread" [stack: 0x0000006b67300000,0x0000006b67400000] [id=26628]
  0x0000024bc818d800 WatcherThread [stack: 0x0000006b67f00000,0x0000006b68000000] [id=31680]
  0x0000024bab4e5000 GCTaskThread "GC Thread#0" [stack: 0x0000006b66e00000,0x0000006b66f00000] [id=38556]
  0x0000024bab4ce000 GCTaskThread "GC Thread#1" [stack: 0x0000006b68100000,0x0000006b68200000] [id=38228]
  0x0000024ba977c800 GCTaskThread "GC Thread#2" [stack: 0x0000006b68200000,0x0000006b68300000] [id=13192]
  0x0000024bc910b800 GCTaskThread "GC Thread#3" [stack: 0x0000006b68300000,0x0000006b68400000] [id=30880]
  0x0000024bc910c000 GCTaskThread "GC Thread#4" [stack: 0x0000006b68400000,0x0000006b68500000] [id=39760]
  0x0000024bc910d000 GCTaskThread "GC Thread#5" [stack: 0x0000006b68500000,0x0000006b68600000] [id=904]
  0x0000024bca389800 GCTaskThread "GC Thread#6" [stack: 0x0000006b69400000,0x0000006b69500000] [id=31440]
  0x0000024bc9d5e800 GCTaskThread "GC Thread#7" [stack: 0x0000006b69500000,0x0000006b69600000] [id=38372]
  0x0000024bc9d5f800 GCTaskThread "GC Thread#8" [stack: 0x0000006b69600000,0x0000006b69700000] [id=36876]
  0x0000024bc83fb800 GCTaskThread "GC Thread#9" [stack: 0x0000006b69700000,0x0000006b69800000] [id=21656]
  0x0000024bc83fc000 GCTaskThread "GC Thread#10" [stack: 0x0000006b69800000,0x0000006b69900000] [id=25136]
  0x0000024bc83fd000 GCTaskThread "GC Thread#11" [stack: 0x0000006b69900000,0x0000006b69a00000] [id=39180]
  0x0000024bc83fd800 GCTaskThread "GC Thread#12" [stack: 0x0000006b69a00000,0x0000006b69b00000] [id=38460]
  0x0000024bab51e800 ConcurrentGCThread "G1 Main Marker" [stack: 0x0000006b66f00000,0x0000006b67000000] [id=28276]
  0x0000024bc3ff8800 ConcurrentGCThread "G1 Conc#0" [stack: 0x0000006b67000000,0x0000006b67100000] [id=31108]
  0x0000024bc94d5000 ConcurrentGCThread "G1 Conc#1" [stack: 0x0000006b69b00000,0x0000006b69c00000] [id=25892]
  0x0000024bcb31d800 ConcurrentGCThread "G1 Conc#2" [stack: 0x0000006b69c00000,0x0000006b69d00000] [id=9740]
  0x0000024bc412f800 ConcurrentGCThread "G1 Refine#0" [stack: 0x0000006b67100000,0x0000006b67200000] [id=1204]
  0x0000024bc4130800 ConcurrentGCThread "G1 Young RemSet Sampling" [stack: 0x0000006b67200000,0x0000006b67300000] [id=38464]

Threads with active compile tasks:
C2 CompilerThread0   3581 3493       4       jdk.internal.jimage.BasicImageReader::getString (48 bytes)
C2 CompilerThread1   3581 3490       4       java.util.regex.Pattern::compile (498 bytes)
C2 CompilerThread2   3581 2823       4       jdk.internal.loader.URLClassPath::getResource (74 bytes)
C2 CompilerThread3   3581 3496       4       jdk.internal.jimage.ImageLocation::getAttributeString (54 bytes)

VM state:not at safepoint (normal execution)

VM Mutex/Monitor currently owned by a thread: None

Heap address: 0x0000000080000000, size: 2048 MB, Compressed Oops mode: 32-bit
Narrow klass base: 0x0000000000000000, Narrow klass shift: 3
Compressed class space size: 1073741824 Address: 0x0000000100000000

Heap:
 garbage-first heap   total 260096K, used 50435K [0x0000000080000000, 0x0000000100000000)
  region size 1024K, 35 young (35840K), 6 survivors (6144K)
 Metaspace       used 37235K, capacity 38001K, committed 38064K, reserved 1083392K
  class space    used 4772K, capacity 5083K, committed 5120K, reserved 1048576K
Heap Regions: E=young(eden), S=young(survivor), O=old, HS=humongous(starts), HC=humongous(continues), CS=collection set, F=free, A=archive, TAMS=top-at-mark-start (previous, next)
|   0|0x0000000080000000, 0x0000000080100000, 0x0000000080100000|100%| O|  |TAMS 0x0000000080100000, 0x0000000080000000| Untracked 
|   1|0x0000000080100000, 0x0000000080200000, 0x0000000080200000|100%| O|  |TAMS 0x0000000080200000, 0x0000000080100000| Untracked 
|   2|0x0000000080200000, 0x0000000080300000, 0x0000000080300000|100%| O|  |TAMS 0x0000000080300000, 0x0000000080200000| Untracked 
|   3|0x0000000080300000, 0x0000000080400000, 0x0000000080400000|100%|HS|  |TAMS 0x0000000080400000, 0x0000000080300000| Complete 
|   4|0x0000000080400000, 0x0000000080500000, 0x0000000080500000|100%|HC|  |TAMS 0x0000000080500000, 0x0000000080400000| Complete 
|   5|0x0000000080500000, 0x0000000080600000, 0x0000000080600000|100%|HC|  |TAMS 0x0000000080600000, 0x0000000080500000| Complete 
|   6|0x0000000080600000, 0x0000000080700000, 0x0000000080700000|100%| O|  |TAMS 0x0000000080700000, 0x0000000080600000| Untracked 
|   7|0x0000000080700000, 0x0000000080800000, 0x0000000080800000|100%| O|  |TAMS 0x0000000080800000, 0x0000000080700000| Untracked 
|   8|0x0000000080800000, 0x0000000080900000, 0x0000000080900000|100%| O|  |TAMS 0x0000000080900000, 0x0000000080800000| Untracked 
|   9|0x0000000080900000, 0x0000000080a00000, 0x0000000080a00000|100%| O|  |TAMS 0x0000000080a00000, 0x0000000080900000| Untracked 
|  10|0x0000000080a00000, 0x0000000080b00000, 0x0000000080b00000|100%| O|  |TAMS 0x0000000080b00000, 0x0000000080a00000| Untracked 
|  11|0x0000000080b00000, 0x0000000080c00000, 0x0000000080c00000|100%| O|  |TAMS 0x0000000080c00000, 0x0000000080b00000| Untracked 
|  12|0x0000000080c00000, 0x0000000080d00000, 0x0000000080d00000|100%| O|  |TAMS 0x0000000080d00000, 0x0000000080c00000| Untracked 
|  13|0x0000000080d00000, 0x0000000080e00000, 0x0000000080e00000|100%| O|  |TAMS 0x0000000080e00000, 0x0000000080d00000| Untracked 
|  14|0x0000000080e00000, 0x0000000080f00000, 0x0000000080f00000|100%| O|  |TAMS 0x0000000080f00000, 0x0000000080e00000| Untracked 
|  15|0x0000000080f00000, 0x0000000081000000, 0x0000000081000000|100%| O|  |TAMS 0x0000000081000000, 0x0000000080f00000| Untracked 
|  16|0x0000000081000000, 0x000000008100d200, 0x0000000081100000|  5%| O|  |TAMS 0x000000008100d200, 0x0000000081000000| Untracked 
|  17|0x0000000081100000, 0x0000000081100000, 0x0000000081200000|  0%| F|  |TAMS 0x0000000081100000, 0x0000000081100000| Untracked 
|  18|0x0000000081200000, 0x0000000081200000, 0x0000000081300000|  0%| F|  |TAMS 0x0000000081200000, 0x0000000081200000| Untracked 
|  19|0x0000000081300000, 0x0000000081300000, 0x0000000081400000|  0%| F|  |TAMS 0x0000000081300000, 0x0000000081300000| Untracked 
|  20|0x0000000081400000, 0x0000000081400000, 0x0000000081500000|  0%| F|  |TAMS 0x0000000081400000, 0x0000000081400000| Untracked 
|  21|0x0000000081500000, 0x0000000081500000, 0x0000000081600000|  0%| F|  |TAMS 0x0000000081500000, 0x0000000081500000| Untracked 
|  22|0x0000000081600000, 0x0000000081600000, 0x0000000081700000|  0%| F|  |TAMS 0x0000000081600000, 0x0000000081600000| Untracked 
|  23|0x0000000081700000, 0x0000000081700000, 0x0000000081800000|  0%| F|  |TAMS 0x0000000081700000, 0x0000000081700000| Untracked 
|  24|0x0000000081800000, 0x0000000081800000, 0x0000000081900000|  0%| F|  |TAMS 0x0000000081800000, 0x0000000081800000| Untracked 
|  25|0x0000000081900000, 0x0000000081900000, 0x0000000081a00000|  0%| F|  |TAMS 0x0000000081900000, 0x0000000081900000| Untracked 
|  26|0x0000000081a00000, 0x0000000081a00000, 0x0000000081b00000|  0%| F|  |TAMS 0x0000000081a00000, 0x0000000081a00000| Untracked 
|  27|0x0000000081b00000, 0x0000000081b00000, 0x0000000081c00000|  0%| F|  |TAMS 0x0000000081b00000, 0x0000000081b00000| Untracked 
|  28|0x0000000081c00000, 0x0000000081c00000, 0x0000000081d00000|  0%| F|  |TAMS 0x0000000081c00000, 0x0000000081c00000| Untracked 
|  29|0x0000000081d00000, 0x0000000081d00000, 0x0000000081e00000|  0%| F|  |TAMS 0x0000000081d00000, 0x0000000081d00000| Untracked 
|  30|0x0000000081e00000, 0x0000000081e00000, 0x0000000081f00000|  0%| F|  |TAMS 0x0000000081e00000, 0x0000000081e00000| Untracked 
|  31|0x0000000081f00000, 0x0000000081f00000, 0x0000000082000000|  0%| F|  |TAMS 0x0000000081f00000, 0x0000000081f00000| Untracked 
|  32|0x0000000082000000, 0x0000000082000000, 0x0000000082100000|  0%| F|  |TAMS 0x0000000082000000, 0x0000000082000000| Untracked 
|  33|0x0000000082100000, 0x0000000082100000, 0x0000000082200000|  0%| F|  |TAMS 0x0000000082100000, 0x0000000082100000| Untracked 
|  34|0x0000000082200000, 0x0000000082200000, 0x0000000082300000|  0%| F|  |TAMS 0x0000000082200000, 0x0000000082200000| Untracked 
|  35|0x0000000082300000, 0x0000000082300000, 0x0000000082400000|  0%| F|  |TAMS 0x0000000082300000, 0x0000000082300000| Untracked 
|  36|0x0000000082400000, 0x0000000082400000, 0x0000000082500000|  0%| F|  |TAMS 0x0000000082400000, 0x0000000082400000| Untracked 
|  37|0x0000000082500000, 0x0000000082500000, 0x0000000082600000|  0%| F|  |TAMS 0x0000000082500000, 0x0000000082500000| Untracked 
|  38|0x0000000082600000, 0x0000000082600000, 0x0000000082700000|  0%| F|  |TAMS 0x0000000082600000, 0x0000000082600000| Untracked 
|  39|0x0000000082700000, 0x0000000082700000, 0x0000000082800000|  0%| F|  |TAMS 0x0000000082700000, 0x0000000082700000| Untracked 
|  40|0x0000000082800000, 0x0000000082800000, 0x0000000082900000|  0%| F|  |TAMS 0x0000000082800000, 0x0000000082800000| Untracked 
|  41|0x0000000082900000, 0x0000000082900000, 0x0000000082a00000|  0%| F|  |TAMS 0x0000000082900000, 0x0000000082900000| Untracked 
|  42|0x0000000082a00000, 0x0000000082a00000, 0x0000000082b00000|  0%| F|  |TAMS 0x0000000082a00000, 0x0000000082a00000| Untracked 
|  43|0x0000000082b00000, 0x0000000082b00000, 0x0000000082c00000|  0%| F|  |TAMS 0x0000000082b00000, 0x0000000082b00000| Untracked 
|  44|0x0000000082c00000, 0x0000000082c00000, 0x0000000082d00000|  0%| F|  |TAMS 0x0000000082c00000, 0x0000000082c00000| Untracked 
|  45|0x0000000082d00000, 0x0000000082d00000, 0x0000000082e00000|  0%| F|  |TAMS 0x0000000082d00000, 0x0000000082d00000| Untracked 
|  46|0x0000000082e00000, 0x0000000082e00000, 0x0000000082f00000|  0%| F|  |TAMS 0x0000000082e00000, 0x0000000082e00000| Untracked 
|  47|0x0000000082f00000, 0x0000000082f00000, 0x0000000083000000|  0%| F|  |TAMS 0x0000000082f00000, 0x0000000082f00000| Untracked 
|  48|0x0000000083000000, 0x0000000083000000, 0x0000000083100000|  0%| F|  |TAMS 0x0000000083000000, 0x0000000083000000| Untracked 
|  49|0x0000000083100000, 0x0000000083100000, 0x0000000083200000|  0%| F|  |TAMS 0x0000000083100000, 0x0000000083100000| Untracked 
|  50|0x0000000083200000, 0x0000000083200000, 0x0000000083300000|  0%| F|  |TAMS 0x0000000083200000, 0x0000000083200000| Untracked 
|  51|0x0000000083300000, 0x0000000083300000, 0x0000000083400000|  0%| F|  |TAMS 0x0000000083300000, 0x0000000083300000| Untracked 
|  52|0x0000000083400000, 0x0000000083400000, 0x0000000083500000|  0%| F|  |TAMS 0x0000000083400000, 0x0000000083400000| Untracked 
|  53|0x0000000083500000, 0x0000000083500000, 0x0000000083600000|  0%| F|  |TAMS 0x0000000083500000, 0x0000000083500000| Untracked 
|  54|0x0000000083600000, 0x0000000083600000, 0x0000000083700000|  0%| F|  |TAMS 0x0000000083600000, 0x0000000083600000| Untracked 
|  55|0x0000000083700000, 0x0000000083700000, 0x0000000083800000|  0%| F|  |TAMS 0x0000000083700000, 0x0000000083700000| Untracked 
|  56|0x0000000083800000, 0x0000000083800000, 0x0000000083900000|  0%| F|  |TAMS 0x0000000083800000, 0x0000000083800000| Untracked 
|  57|0x0000000083900000, 0x0000000083900000, 0x0000000083a00000|  0%| F|  |TAMS 0x0000000083900000, 0x0000000083900000| Untracked 
|  58|0x0000000083a00000, 0x0000000083a00000, 0x0000000083b00000|  0%| F|  |TAMS 0x0000000083a00000, 0x0000000083a00000| Untracked 
|  59|0x0000000083b00000, 0x0000000083b00000, 0x0000000083c00000|  0%| F|  |TAMS 0x0000000083b00000, 0x0000000083b00000| Untracked 
|  60|0x0000000083c00000, 0x0000000083c00000, 0x0000000083d00000|  0%| F|  |TAMS 0x0000000083c00000, 0x0000000083c00000| Untracked 
|  61|0x0000000083d00000, 0x0000000083d00000, 0x0000000083e00000|  0%| F|  |TAMS 0x0000000083d00000, 0x0000000083d00000| Untracked 
|  62|0x0000000083e00000, 0x0000000083e00000, 0x0000000083f00000|  0%| F|  |TAMS 0x0000000083e00000, 0x0000000083e00000| Untracked 
|  63|0x0000000083f00000, 0x0000000083f00000, 0x0000000084000000|  0%| F|  |TAMS 0x0000000083f00000, 0x0000000083f00000| Untracked 
|  64|0x0000000084000000, 0x0000000084000000, 0x0000000084100000|  0%| F|  |TAMS 0x0000000084000000, 0x0000000084000000| Untracked 
|  65|0x0000000084100000, 0x0000000084100000, 0x0000000084200000|  0%| F|  |TAMS 0x0000000084100000, 0x0000000084100000| Untracked 
|  66|0x0000000084200000, 0x0000000084200000, 0x0000000084300000|  0%| F|  |TAMS 0x0000000084200000, 0x0000000084200000| Untracked 
|  67|0x0000000084300000, 0x0000000084300000, 0x0000000084400000|  0%| F|  |TAMS 0x0000000084300000, 0x0000000084300000| Untracked 
|  68|0x0000000084400000, 0x0000000084400000, 0x0000000084500000|  0%| F|  |TAMS 0x0000000084400000, 0x0000000084400000| Untracked 
|  69|0x0000000084500000, 0x0000000084500000, 0x0000000084600000|  0%| F|  |TAMS 0x0000000084500000, 0x0000000084500000| Untracked 
|  70|0x0000000084600000, 0x0000000084600000, 0x0000000084700000|  0%| F|  |TAMS 0x0000000084600000, 0x0000000084600000| Untracked 
|  71|0x0000000084700000, 0x0000000084700000, 0x0000000084800000|  0%| F|  |TAMS 0x0000000084700000, 0x0000000084700000| Untracked 
|  72|0x0000000084800000, 0x0000000084800000, 0x0000000084900000|  0%| F|  |TAMS 0x0000000084800000, 0x0000000084800000| Untracked 
|  73|0x0000000084900000, 0x0000000084900000, 0x0000000084a00000|  0%| F|  |TAMS 0x0000000084900000, 0x0000000084900000| Untracked 
|  74|0x0000000084a00000, 0x0000000084a00000, 0x0000000084b00000|  0%| F|  |TAMS 0x0000000084a00000, 0x0000000084a00000| Untracked 
|  75|0x0000000084b00000, 0x0000000084b00000, 0x0000000084c00000|  0%| F|  |TAMS 0x0000000084b00000, 0x0000000084b00000| Untracked 
|  76|0x0000000084c00000, 0x0000000084c00000, 0x0000000084d00000|  0%| F|  |TAMS 0x0000000084c00000, 0x0000000084c00000| Untracked 
|  77|0x0000000084d00000, 0x0000000084d00000, 0x0000000084e00000|  0%| F|  |TAMS 0x0000000084d00000, 0x0000000084d00000| Untracked 
|  78|0x0000000084e00000, 0x0000000084e00000, 0x0000000084f00000|  0%| F|  |TAMS 0x0000000084e00000, 0x0000000084e00000| Untracked 
|  79|0x0000000084f00000, 0x0000000084f00000, 0x0000000085000000|  0%| F|  |TAMS 0x0000000084f00000, 0x0000000084f00000| Untracked 
|  80|0x0000000085000000, 0x0000000085000000, 0x0000000085100000|  0%| F|  |TAMS 0x0000000085000000, 0x0000000085000000| Untracked 
|  81|0x0000000085100000, 0x0000000085100000, 0x0000000085200000|  0%| F|  |TAMS 0x0000000085100000, 0x0000000085100000| Untracked 
|  82|0x0000000085200000, 0x0000000085200000, 0x0000000085300000|  0%| F|  |TAMS 0x0000000085200000, 0x0000000085200000| Untracked 
|  83|0x0000000085300000, 0x0000000085300000, 0x0000000085400000|  0%| F|  |TAMS 0x0000000085300000, 0x0000000085300000| Untracked 
|  84|0x0000000085400000, 0x0000000085400000, 0x0000000085500000|  0%| F|  |TAMS 0x0000000085400000, 0x0000000085400000| Untracked 
|  85|0x0000000085500000, 0x0000000085500000, 0x0000000085600000|  0%| F|  |TAMS 0x0000000085500000, 0x0000000085500000| Untracked 
|  86|0x0000000085600000, 0x0000000085600000, 0x0000000085700000|  0%| F|  |TAMS 0x0000000085600000, 0x0000000085600000| Untracked 
|  87|0x0000000085700000, 0x0000000085700000, 0x0000000085800000|  0%| F|  |TAMS 0x0000000085700000, 0x0000000085700000| Untracked 
|  88|0x0000000085800000, 0x0000000085800000, 0x0000000085900000|  0%| F|  |TAMS 0x0000000085800000, 0x0000000085800000| Untracked 
|  89|0x0000000085900000, 0x0000000085900000, 0x0000000085a00000|  0%| F|  |TAMS 0x0000000085900000, 0x0000000085900000| Untracked 
|  90|0x0000000085a00000, 0x0000000085a00000, 0x0000000085b00000|  0%| F|  |TAMS 0x0000000085a00000, 0x0000000085a00000| Untracked 
|  91|0x0000000085b00000, 0x0000000085b00000, 0x0000000085c00000|  0%| F|  |TAMS 0x0000000085b00000, 0x0000000085b00000| Untracked 
|  92|0x0000000085c00000, 0x0000000085c00000, 0x0000000085d00000|  0%| F|  |TAMS 0x0000000085c00000, 0x0000000085c00000| Untracked 
|  93|0x0000000085d00000, 0x0000000085d00000, 0x0000000085e00000|  0%| F|  |TAMS 0x0000000085d00000, 0x0000000085d00000| Untracked 
|  94|0x0000000085e00000, 0x0000000085e00000, 0x0000000085f00000|  0%| F|  |TAMS 0x0000000085e00000, 0x0000000085e00000| Untracked 
|  95|0x0000000085f00000, 0x0000000085f00000, 0x0000000086000000|  0%| F|  |TAMS 0x0000000085f00000, 0x0000000085f00000| Untracked 
|  96|0x0000000086000000, 0x0000000086000000, 0x0000000086100000|  0%| F|  |TAMS 0x0000000086000000, 0x0000000086000000| Untracked 
|  97|0x0000000086100000, 0x0000000086100000, 0x0000000086200000|  0%| F|  |TAMS 0x0000000086100000, 0x0000000086100000| Untracked 
|  98|0x0000000086200000, 0x0000000086200000, 0x0000000086300000|  0%| F|  |TAMS 0x0000000086200000, 0x0000000086200000| Untracked 
|  99|0x0000000086300000, 0x0000000086300000, 0x0000000086400000|  0%| F|  |TAMS 0x0000000086300000, 0x0000000086300000| Untracked 
| 100|0x0000000086400000, 0x0000000086400000, 0x0000000086500000|  0%| F|  |TAMS 0x0000000086400000, 0x0000000086400000| Untracked 
| 101|0x0000000086500000, 0x0000000086500000, 0x0000000086600000|  0%| F|  |TAMS 0x0000000086500000, 0x0000000086500000| Untracked 
| 102|0x0000000086600000, 0x0000000086600000, 0x0000000086700000|  0%| F|  |TAMS 0x0000000086600000, 0x0000000086600000| Untracked 
| 103|0x0000000086700000, 0x0000000086700000, 0x0000000086800000|  0%| F|  |TAMS 0x0000000086700000, 0x0000000086700000| Untracked 
| 104|0x0000000086800000, 0x0000000086800000, 0x0000000086900000|  0%| F|  |TAMS 0x0000000086800000, 0x0000000086800000| Untracked 
| 105|0x0000000086900000, 0x0000000086900000, 0x0000000086a00000|  0%| F|  |TAMS 0x0000000086900000, 0x0000000086900000| Untracked 
| 106|0x0000000086a00000, 0x0000000086a00000, 0x0000000086b00000|  0%| F|  |TAMS 0x0000000086a00000, 0x0000000086a00000| Untracked 
| 107|0x0000000086b00000, 0x0000000086b00000, 0x0000000086c00000|  0%| F|  |TAMS 0x0000000086b00000, 0x0000000086b00000| Untracked 
| 108|0x0000000086c00000, 0x0000000086c00000, 0x0000000086d00000|  0%| F|  |TAMS 0x0000000086c00000, 0x0000000086c00000| Untracked 
| 109|0x0000000086d00000, 0x0000000086d00000, 0x0000000086e00000|  0%| F|  |TAMS 0x0000000086d00000, 0x0000000086d00000| Untracked 
| 110|0x0000000086e00000, 0x0000000086e00000, 0x0000000086f00000|  0%| F|  |TAMS 0x0000000086e00000, 0x0000000086e00000| Untracked 
| 111|0x0000000086f00000, 0x0000000086f00000, 0x0000000087000000|  0%| F|  |TAMS 0x0000000086f00000, 0x0000000086f00000| Untracked 
| 112|0x0000000087000000, 0x0000000087000000, 0x0000000087100000|  0%| F|  |TAMS 0x0000000087000000, 0x0000000087000000| Untracked 
| 113|0x0000000087100000, 0x0000000087100000, 0x0000000087200000|  0%| F|  |TAMS 0x0000000087100000, 0x0000000087100000| Untracked 
| 114|0x0000000087200000, 0x0000000087200000, 0x0000000087300000|  0%| F|  |TAMS 0x0000000087200000, 0x0000000087200000| Untracked 
| 115|0x0000000087300000, 0x0000000087300000, 0x0000000087400000|  0%| F|  |TAMS 0x0000000087300000, 0x0000000087300000| Untracked 
| 116|0x0000000087400000, 0x0000000087400000, 0x0000000087500000|  0%| F|  |TAMS 0x0000000087400000, 0x0000000087400000| Untracked 
| 117|0x0000000087500000, 0x0000000087500000, 0x0000000087600000|  0%| F|  |TAMS 0x0000000087500000, 0x0000000087500000| Untracked 
| 118|0x0000000087600000, 0x0000000087600000, 0x0000000087700000|  0%| F|  |TAMS 0x0000000087600000, 0x0000000087600000| Untracked 
| 119|0x0000000087700000, 0x0000000087700000, 0x0000000087800000|  0%| F|  |TAMS 0x0000000087700000, 0x0000000087700000| Untracked 
| 120|0x0000000087800000, 0x0000000087800000, 0x0000000087900000|  0%| F|  |TAMS 0x0000000087800000, 0x0000000087800000| Untracked 
| 121|0x0000000087900000, 0x0000000087900000, 0x0000000087a00000|  0%| F|  |TAMS 0x0000000087900000, 0x0000000087900000| Untracked 
| 122|0x0000000087a00000, 0x0000000087a00000, 0x0000000087b00000|  0%| F|  |TAMS 0x0000000087a00000, 0x0000000087a00000| Untracked 
| 123|0x0000000087b00000, 0x0000000087b00000, 0x0000000087c00000|  0%| F|  |TAMS 0x0000000087b00000, 0x0000000087b00000| Untracked 
| 124|0x0000000087c00000, 0x0000000087c00000, 0x0000000087d00000|  0%| F|  |TAMS 0x0000000087c00000, 0x0000000087c00000| Untracked 
| 125|0x0000000087d00000, 0x0000000087d00000, 0x0000000087e00000|  0%| F|  |TAMS 0x0000000087d00000, 0x0000000087d00000| Untracked 
| 126|0x0000000087e00000, 0x0000000087e00000, 0x0000000087f00000|  0%| F|  |TAMS 0x0000000087e00000, 0x0000000087e00000| Untracked 
| 127|0x0000000087f00000, 0x0000000087f00000, 0x0000000088000000|  0%| F|  |TAMS 0x0000000087f00000, 0x0000000087f00000| Untracked 
| 128|0x0000000088000000, 0x0000000088000000, 0x0000000088100000|  0%| F|  |TAMS 0x0000000088000000, 0x0000000088000000| Untracked 
| 129|0x0000000088100000, 0x0000000088100000, 0x0000000088200000|  0%| F|  |TAMS 0x0000000088100000, 0x0000000088100000| Untracked 
| 130|0x0000000088200000, 0x0000000088200000, 0x0000000088300000|  0%| F|  |TAMS 0x0000000088200000, 0x0000000088200000| Untracked 
| 131|0x0000000088300000, 0x0000000088300000, 0x0000000088400000|  0%| F|  |TAMS 0x0000000088300000, 0x0000000088300000| Untracked 
| 132|0x0000000088400000, 0x0000000088400000, 0x0000000088500000|  0%| F|  |TAMS 0x0000000088400000, 0x0000000088400000| Untracked 
| 133|0x0000000088500000, 0x0000000088500000, 0x0000000088600000|  0%| F|  |TAMS 0x0000000088500000, 0x0000000088500000| Untracked 
| 134|0x0000000088600000, 0x0000000088600000, 0x0000000088700000|  0%| F|  |TAMS 0x0000000088600000, 0x0000000088600000| Untracked 
| 135|0x0000000088700000, 0x0000000088700000, 0x0000000088800000|  0%| F|  |TAMS 0x0000000088700000, 0x0000000088700000| Untracked 
| 136|0x0000000088800000, 0x0000000088800000, 0x0000000088900000|  0%| F|  |TAMS 0x0000000088800000, 0x0000000088800000| Untracked 
| 137|0x0000000088900000, 0x0000000088900000, 0x0000000088a00000|  0%| F|  |TAMS 0x0000000088900000, 0x0000000088900000| Untracked 
| 138|0x0000000088a00000, 0x0000000088a00000, 0x0000000088b00000|  0%| F|  |TAMS 0x0000000088a00000, 0x0000000088a00000| Untracked 
| 139|0x0000000088b00000, 0x0000000088b00000, 0x0000000088c00000|  0%| F|  |TAMS 0x0000000088b00000, 0x0000000088b00000| Untracked 
| 140|0x0000000088c00000, 0x0000000088c00000, 0x0000000088d00000|  0%| F|  |TAMS 0x0000000088c00000, 0x0000000088c00000| Untracked 
| 141|0x0000000088d00000, 0x0000000088d00000, 0x0000000088e00000|  0%| F|  |TAMS 0x0000000088d00000, 0x0000000088d00000| Untracked 
| 142|0x0000000088e00000, 0x0000000088e00000, 0x0000000088f00000|  0%| F|  |TAMS 0x0000000088e00000, 0x0000000088e00000| Untracked 
| 143|0x0000000088f00000, 0x0000000088f00000, 0x0000000089000000|  0%| F|  |TAMS 0x0000000088f00000, 0x0000000088f00000| Untracked 
| 144|0x0000000089000000, 0x0000000089000000, 0x0000000089100000|  0%| F|  |TAMS 0x0000000089000000, 0x0000000089000000| Untracked 
| 145|0x0000000089100000, 0x0000000089100000, 0x0000000089200000|  0%| F|  |TAMS 0x0000000089100000, 0x0000000089100000| Untracked 
| 146|0x0000000089200000, 0x0000000089200000, 0x0000000089300000|  0%| F|  |TAMS 0x0000000089200000, 0x0000000089200000| Untracked 
| 147|0x0000000089300000, 0x0000000089300000, 0x0000000089400000|  0%| F|  |TAMS 0x0000000089300000, 0x0000000089300000| Untracked 
| 148|0x0000000089400000, 0x0000000089400000, 0x0000000089500000|  0%| F|  |TAMS 0x0000000089400000, 0x0000000089400000| Untracked 
| 149|0x0000000089500000, 0x0000000089500000, 0x0000000089600000|  0%| F|  |TAMS 0x0000000089500000, 0x0000000089500000| Untracked 
| 150|0x0000000089600000, 0x0000000089600000, 0x0000000089700000|  0%| F|  |TAMS 0x0000000089600000, 0x0000000089600000| Untracked 
| 151|0x0000000089700000, 0x0000000089700000, 0x0000000089800000|  0%| F|  |TAMS 0x0000000089700000, 0x0000000089700000| Untracked 
| 152|0x0000000089800000, 0x0000000089800000, 0x0000000089900000|  0%| F|  |TAMS 0x0000000089800000, 0x0000000089800000| Untracked 
| 153|0x0000000089900000, 0x0000000089900000, 0x0000000089a00000|  0%| F|  |TAMS 0x0000000089900000, 0x0000000089900000| Untracked 
| 154|0x0000000089a00000, 0x0000000089a00000, 0x0000000089b00000|  0%| F|  |TAMS 0x0000000089a00000, 0x0000000089a00000| Untracked 
| 155|0x0000000089b00000, 0x0000000089b00000, 0x0000000089c00000|  0%| F|  |TAMS 0x0000000089b00000, 0x0000000089b00000| Untracked 
| 156|0x0000000089c00000, 0x0000000089c00000, 0x0000000089d00000|  0%| F|  |TAMS 0x0000000089c00000, 0x0000000089c00000| Untracked 
| 157|0x0000000089d00000, 0x0000000089d00000, 0x0000000089e00000|  0%| F|  |TAMS 0x0000000089d00000, 0x0000000089d00000| Untracked 
| 158|0x0000000089e00000, 0x0000000089e00000, 0x0000000089f00000|  0%| F|  |TAMS 0x0000000089e00000, 0x0000000089e00000| Untracked 
| 159|0x0000000089f00000, 0x0000000089f00000, 0x000000008a000000|  0%| F|  |TAMS 0x0000000089f00000, 0x0000000089f00000| Untracked 
| 160|0x000000008a000000, 0x000000008a000000, 0x000000008a100000|  0%| F|  |TAMS 0x000000008a000000, 0x000000008a000000| Untracked 
| 161|0x000000008a100000, 0x000000008a100000, 0x000000008a200000|  0%| F|  |TAMS 0x000000008a100000, 0x000000008a100000| Untracked 
| 162|0x000000008a200000, 0x000000008a200000, 0x000000008a300000|  0%| F|  |TAMS 0x000000008a200000, 0x000000008a200000| Untracked 
| 163|0x000000008a300000, 0x000000008a300000, 0x000000008a400000|  0%| F|  |TAMS 0x000000008a300000, 0x000000008a300000| Untracked 
| 164|0x000000008a400000, 0x000000008a400000, 0x000000008a500000|  0%| F|  |TAMS 0x000000008a400000, 0x000000008a400000| Untracked 
| 165|0x000000008a500000, 0x000000008a533c68, 0x000000008a600000| 20%| S|CS|TAMS 0x000000008a500000, 0x000000008a500000| Complete 
| 166|0x000000008a600000, 0x000000008a700000, 0x000000008a700000|100%| S|CS|TAMS 0x000000008a600000, 0x000000008a600000| Complete 
| 167|0x000000008a700000, 0x000000008a800000, 0x000000008a800000|100%| S|CS|TAMS 0x000000008a700000, 0x000000008a700000| Complete 
| 168|0x000000008a800000, 0x000000008a900000, 0x000000008a900000|100%| S|CS|TAMS 0x000000008a800000, 0x000000008a800000| Complete 
| 169|0x000000008a900000, 0x000000008aa00000, 0x000000008aa00000|100%| S|CS|TAMS 0x000000008a900000, 0x000000008a900000| Complete 
| 170|0x000000008aa00000, 0x000000008ab00000, 0x000000008ab00000|100%| S|CS|TAMS 0x000000008aa00000, 0x000000008aa00000| Complete 
| 171|0x000000008ab00000, 0x000000008ab00000, 0x000000008ac00000|  0%| F|  |TAMS 0x000000008ab00000, 0x000000008ab00000| Untracked 
| 172|0x000000008ac00000, 0x000000008ac00000, 0x000000008ad00000|  0%| F|  |TAMS 0x000000008ac00000, 0x000000008ac00000| Untracked 
| 173|0x000000008ad00000, 0x000000008ad00000, 0x000000008ae00000|  0%| F|  |TAMS 0x000000008ad00000, 0x000000008ad00000| Untracked 
| 174|0x000000008ae00000, 0x000000008ae00000, 0x000000008af00000|  0%| F|  |TAMS 0x000000008ae00000, 0x000000008ae00000| Untracked 
| 175|0x000000008af00000, 0x000000008af00000, 0x000000008b000000|  0%| F|  |TAMS 0x000000008af00000, 0x000000008af00000| Untracked 
| 176|0x000000008b000000, 0x000000008b000000, 0x000000008b100000|  0%| F|  |TAMS 0x000000008b000000, 0x000000008b000000| Untracked 
| 177|0x000000008b100000, 0x000000008b100000, 0x000000008b200000|  0%| F|  |TAMS 0x000000008b100000, 0x000000008b100000| Untracked 
| 178|0x000000008b200000, 0x000000008b200000, 0x000000008b300000|  0%| F|  |TAMS 0x000000008b200000, 0x000000008b200000| Untracked 
| 179|0x000000008b300000, 0x000000008b300000, 0x000000008b400000|  0%| F|  |TAMS 0x000000008b300000, 0x000000008b300000| Untracked 
| 180|0x000000008b400000, 0x000000008b400000, 0x000000008b500000|  0%| F|  |TAMS 0x000000008b400000, 0x000000008b400000| Untracked 
| 181|0x000000008b500000, 0x000000008b500000, 0x000000008b600000|  0%| F|  |TAMS 0x000000008b500000, 0x000000008b500000| Untracked 
| 182|0x000000008b600000, 0x000000008b600000, 0x000000008b700000|  0%| F|  |TAMS 0x000000008b600000, 0x000000008b600000| Untracked 
| 183|0x000000008b700000, 0x000000008b700000, 0x000000008b800000|  0%| F|  |TAMS 0x000000008b700000, 0x000000008b700000| Untracked 
| 184|0x000000008b800000, 0x000000008b800000, 0x000000008b900000|  0%| F|  |TAMS 0x000000008b800000, 0x000000008b800000| Untracked 
| 185|0x000000008b900000, 0x000000008b900000, 0x000000008ba00000|  0%| F|  |TAMS 0x000000008b900000, 0x000000008b900000| Untracked 
| 186|0x000000008ba00000, 0x000000008ba00000, 0x000000008bb00000|  0%| F|  |TAMS 0x000000008ba00000, 0x000000008ba00000| Untracked 
| 187|0x000000008bb00000, 0x000000008bb00000, 0x000000008bc00000|  0%| F|  |TAMS 0x000000008bb00000, 0x000000008bb00000| Untracked 
| 188|0x000000008bc00000, 0x000000008bc00000, 0x000000008bd00000|  0%| F|  |TAMS 0x000000008bc00000, 0x000000008bc00000| Untracked 
| 189|0x000000008bd00000, 0x000000008bd00000, 0x000000008be00000|  0%| F|  |TAMS 0x000000008bd00000, 0x000000008bd00000| Untracked 
| 190|0x000000008be00000, 0x000000008be00000, 0x000000008bf00000|  0%| F|  |TAMS 0x000000008be00000, 0x000000008be00000| Untracked 
| 191|0x000000008bf00000, 0x000000008bf00000, 0x000000008c000000|  0%| F|  |TAMS 0x000000008bf00000, 0x000000008bf00000| Untracked 
| 192|0x000000008c000000, 0x000000008c000000, 0x000000008c100000|  0%| F|  |TAMS 0x000000008c000000, 0x000000008c000000| Untracked 
| 193|0x000000008c100000, 0x000000008c100000, 0x000000008c200000|  0%| F|  |TAMS 0x000000008c100000, 0x000000008c100000| Untracked 
| 194|0x000000008c200000, 0x000000008c200000, 0x000000008c300000|  0%| F|  |TAMS 0x000000008c200000, 0x000000008c200000| Untracked 
| 195|0x000000008c300000, 0x000000008c300000, 0x000000008c400000|  0%| F|  |TAMS 0x000000008c300000, 0x000000008c300000| Untracked 
| 196|0x000000008c400000, 0x000000008c400000, 0x000000008c500000|  0%| F|  |TAMS 0x000000008c400000, 0x000000008c400000| Untracked 
| 197|0x000000008c500000, 0x000000008c500000, 0x000000008c600000|  0%| F|  |TAMS 0x000000008c500000, 0x000000008c500000| Untracked 
| 198|0x000000008c600000, 0x000000008c600000, 0x000000008c700000|  0%| F|  |TAMS 0x000000008c600000, 0x000000008c600000| Untracked 
| 199|0x000000008c700000, 0x000000008c700000, 0x000000008c800000|  0%| F|  |TAMS 0x000000008c700000, 0x000000008c700000| Untracked 
| 200|0x000000008c800000, 0x000000008c800000, 0x000000008c900000|  0%| F|  |TAMS 0x000000008c800000, 0x000000008c800000| Untracked 
| 201|0x000000008c900000, 0x000000008c900000, 0x000000008ca00000|  0%| F|  |TAMS 0x000000008c900000, 0x000000008c900000| Untracked 
| 202|0x000000008ca00000, 0x000000008ca00000, 0x000000008cb00000|  0%| F|  |TAMS 0x000000008ca00000, 0x000000008ca00000| Untracked 
| 203|0x000000008cb00000, 0x000000008cb00000, 0x000000008cc00000|  0%| F|  |TAMS 0x000000008cb00000, 0x000000008cb00000| Untracked 
| 204|0x000000008cc00000, 0x000000008cc00000, 0x000000008cd00000|  0%| F|  |TAMS 0x000000008cc00000, 0x000000008cc00000| Untracked 
| 205|0x000000008cd00000, 0x000000008cd00000, 0x000000008ce00000|  0%| F|  |TAMS 0x000000008cd00000, 0x000000008cd00000| Untracked 
| 206|0x000000008ce00000, 0x000000008ce00000, 0x000000008cf00000|  0%| F|  |TAMS 0x000000008ce00000, 0x000000008ce00000| Untracked 
| 207|0x000000008cf00000, 0x000000008cf00000, 0x000000008d000000|  0%| F|  |TAMS 0x000000008cf00000, 0x000000008cf00000| Untracked 
| 208|0x000000008d000000, 0x000000008d000000, 0x000000008d100000|  0%| F|  |TAMS 0x000000008d000000, 0x000000008d000000| Untracked 
| 209|0x000000008d100000, 0x000000008d100000, 0x000000008d200000|  0%| F|  |TAMS 0x000000008d100000, 0x000000008d100000| Untracked 
| 210|0x000000008d200000, 0x000000008d200000, 0x000000008d300000|  0%| F|  |TAMS 0x000000008d200000, 0x000000008d200000| Untracked 
| 211|0x000000008d300000, 0x000000008d300000, 0x000000008d400000|  0%| F|  |TAMS 0x000000008d300000, 0x000000008d300000| Untracked 
| 212|0x000000008d400000, 0x000000008d400000, 0x000000008d500000|  0%| F|  |TAMS 0x000000008d400000, 0x000000008d400000| Untracked 
| 213|0x000000008d500000, 0x000000008d500000, 0x000000008d600000|  0%| F|  |TAMS 0x000000008d500000, 0x000000008d500000| Untracked 
| 214|0x000000008d600000, 0x000000008d600000, 0x000000008d700000|  0%| F|  |TAMS 0x000000008d600000, 0x000000008d600000| Untracked 
| 215|0x000000008d700000, 0x000000008d700000, 0x000000008d800000|  0%| F|  |TAMS 0x000000008d700000, 0x000000008d700000| Untracked 
| 216|0x000000008d800000, 0x000000008d800000, 0x000000008d900000|  0%| F|  |TAMS 0x000000008d800000, 0x000000008d800000| Untracked 
| 217|0x000000008d900000, 0x000000008d900000, 0x000000008da00000|  0%| F|  |TAMS 0x000000008d900000, 0x000000008d900000| Untracked 
| 218|0x000000008da00000, 0x000000008da00000, 0x000000008db00000|  0%| F|  |TAMS 0x000000008da00000, 0x000000008da00000| Untracked 
| 219|0x000000008db00000, 0x000000008db00000, 0x000000008dc00000|  0%| F|  |TAMS 0x000000008db00000, 0x000000008db00000| Untracked 
| 220|0x000000008dc00000, 0x000000008dc00000, 0x000000008dd00000|  0%| F|  |TAMS 0x000000008dc00000, 0x000000008dc00000| Untracked 
| 221|0x000000008dd00000, 0x000000008dd00000, 0x000000008de00000|  0%| F|  |TAMS 0x000000008dd00000, 0x000000008dd00000| Untracked 
| 222|0x000000008de00000, 0x000000008de00000, 0x000000008df00000|  0%| F|  |TAMS 0x000000008de00000, 0x000000008de00000| Untracked 
| 223|0x000000008df00000, 0x000000008df00000, 0x000000008e000000|  0%| F|  |TAMS 0x000000008df00000, 0x000000008df00000| Untracked 
| 224|0x000000008e000000, 0x000000008e000000, 0x000000008e100000|  0%| F|  |TAMS 0x000000008e000000, 0x000000008e000000| Untracked 
| 225|0x000000008e100000, 0x000000008e200000, 0x000000008e200000|100%| E|  |TAMS 0x000000008e100000, 0x000000008e100000| Complete 
| 226|0x000000008e200000, 0x000000008e300000, 0x000000008e300000|100%| E|CS|TAMS 0x000000008e200000, 0x000000008e200000| Complete 
| 227|0x000000008e300000, 0x000000008e400000, 0x000000008e400000|100%| E|CS|TAMS 0x000000008e300000, 0x000000008e300000| Complete 
| 228|0x000000008e400000, 0x000000008e500000, 0x000000008e500000|100%| E|CS|TAMS 0x000000008e400000, 0x000000008e400000| Complete 
| 229|0x000000008e500000, 0x000000008e600000, 0x000000008e600000|100%| E|CS|TAMS 0x000000008e500000, 0x000000008e500000| Complete 
| 230|0x000000008e600000, 0x000000008e700000, 0x000000008e700000|100%| E|CS|TAMS 0x000000008e600000, 0x000000008e600000| Complete 
| 231|0x000000008e700000, 0x000000008e800000, 0x000000008e800000|100%| E|CS|TAMS 0x000000008e700000, 0x000000008e700000| Complete 
| 232|0x000000008e800000, 0x000000008e900000, 0x000000008e900000|100%| E|CS|TAMS 0x000000008e800000, 0x000000008e800000| Complete 
| 233|0x000000008e900000, 0x000000008ea00000, 0x000000008ea00000|100%| E|CS|TAMS 0x000000008e900000, 0x000000008e900000| Complete 
| 234|0x000000008ea00000, 0x000000008eb00000, 0x000000008eb00000|100%| E|CS|TAMS 0x000000008ea00000, 0x000000008ea00000| Complete 
| 235|0x000000008eb00000, 0x000000008ec00000, 0x000000008ec00000|100%| E|CS|TAMS 0x000000008eb00000, 0x000000008eb00000| Complete 
| 236|0x000000008ec00000, 0x000000008ed00000, 0x000000008ed00000|100%| E|CS|TAMS 0x000000008ec00000, 0x000000008ec00000| Complete 
| 237|0x000000008ed00000, 0x000000008ee00000, 0x000000008ee00000|100%| E|CS|TAMS 0x000000008ed00000, 0x000000008ed00000| Complete 
| 238|0x000000008ee00000, 0x000000008ef00000, 0x000000008ef00000|100%| E|CS|TAMS 0x000000008ee00000, 0x000000008ee00000| Complete 
| 239|0x000000008ef00000, 0x000000008f000000, 0x000000008f000000|100%| E|CS|TAMS 0x000000008ef00000, 0x000000008ef00000| Complete 
| 240|0x000000008f000000, 0x000000008f100000, 0x000000008f100000|100%| E|CS|TAMS 0x000000008f000000, 0x000000008f000000| Complete 
| 241|0x000000008f100000, 0x000000008f200000, 0x000000008f200000|100%| E|CS|TAMS 0x000000008f100000, 0x000000008f100000| Complete 
| 242|0x000000008f200000, 0x000000008f300000, 0x000000008f300000|100%| E|CS|TAMS 0x000000008f200000, 0x000000008f200000| Complete 
| 243|0x000000008f300000, 0x000000008f400000, 0x000000008f400000|100%| E|CS|TAMS 0x000000008f300000, 0x000000008f300000| Complete 
| 244|0x000000008f400000, 0x000000008f500000, 0x000000008f500000|100%| E|CS|TAMS 0x000000008f400000, 0x000000008f400000| Complete 
| 245|0x000000008f500000, 0x000000008f600000, 0x000000008f600000|100%| E|CS|TAMS 0x000000008f500000, 0x000000008f500000| Complete 
| 246|0x000000008f600000, 0x000000008f700000, 0x000000008f700000|100%| E|CS|TAMS 0x000000008f600000, 0x000000008f600000| Complete 
| 247|0x000000008f700000, 0x000000008f800000, 0x000000008f800000|100%| E|CS|TAMS 0x000000008f700000, 0x000000008f700000| Complete 
| 248|0x000000008f800000, 0x000000008f900000, 0x000000008f900000|100%| E|CS|TAMS 0x000000008f800000, 0x000000008f800000| Complete 
| 249|0x000000008f900000, 0x000000008fa00000, 0x000000008fa00000|100%| E|CS|TAMS 0x000000008f900000, 0x000000008f900000| Complete 
| 250|0x000000008fa00000, 0x000000008fb00000, 0x000000008fb00000|100%| E|CS|TAMS 0x000000008fa00000, 0x000000008fa00000| Complete 
| 251|0x000000008fb00000, 0x000000008fc00000, 0x000000008fc00000|100%| E|CS|TAMS 0x000000008fb00000, 0x000000008fb00000| Complete 
| 252|0x000000008fc00000, 0x000000008fd00000, 0x000000008fd00000|100%| E|CS|TAMS 0x000000008fc00000, 0x000000008fc00000| Complete 
| 253|0x000000008fd00000, 0x000000008fe00000, 0x000000008fe00000|100%| E|CS|TAMS 0x000000008fd00000, 0x000000008fd00000| Complete 

Card table byte_map: [0x0000024bbf720000,0x0000024bbfb20000] _byte_map_base: 0x0000024bbf320000

Marking Bits (Prev, Next): (CMBitMap*) 0x0000024bab51d718, (CMBitMap*) 0x0000024bab51d750
 Prev Bits: [0x0000024bbff20000, 0x0000024bc1f20000)
 Next Bits: [0x0000024bc1f20000, 0x0000024bc3f20000)

Polling page: 0x0000024bab520000

Metaspace:

Usage:
  Non-class:     32.27 MB capacity,    31.71 MB ( 98%) used,   496.13 KB (  2%) free+waste,    80.13 KB ( <1%) overhead. 
      Class:      4.96 MB capacity,     4.66 MB ( 94%) used,   270.48 KB (  5%) free+waste,    38.44 KB ( <1%) overhead. 
       Both:     37.24 MB capacity,    36.37 MB ( 98%) used,   766.61 KB (  2%) free+waste,   118.56 KB ( <1%) overhead. 

Virtual space:
  Non-class space:       34.00 MB reserved,      32.42 MB ( 95%) committed 
      Class space:        1.00 GB reserved,       5.00 MB ( <1%) committed 
             Both:        1.03 GB reserved,      37.42 MB (  4%) committed 

Chunk freelists:
   Non-Class:  25.00 KB
       Class:  4.00 KB
        Both:  29.00 KB

MaxMetaspaceSize: 17179869184.00 GB
CompressedClassSpaceSize: 1.00 GB
Initial GC threshold: 20.80 MB
Current GC threshold: 59.00 MB
CDS: off

CodeHeap 'non-profiled nmethods': size=119168Kb used=1746Kb max_used=1746Kb free=117422Kb
 bounds [0x0000024bb6f00000, 0x0000024bb7170000, 0x0000024bbe360000]
CodeHeap 'profiled nmethods': size=119168Kb used=7571Kb max_used=7571Kb free=111596Kb
 bounds [0x0000024bafaa0000, 0x0000024bb0210000, 0x0000024bb6f00000]
CodeHeap 'non-nmethods': size=7424Kb used=3292Kb max_used=3304Kb free=4131Kb
 bounds [0x0000024baf360000, 0x0000024baf6a0000, 0x0000024bafaa0000]
 total_blobs=4132 nmethods=3505 adapters=534
 compilation: enabled
              stopped_count=0, restarted_count=0
 full_count=0

Compilation events (20 events):
Event: 3.527 Thread 0x0000024bc96d6000 3367       3       org.codehaus.groovy.vmplugin.v9.Java9$$Lambda$313/0x00000001004cb840::get$Lambda (9 bytes)
Event: 3.527 Thread 0x0000024bc96dc000 nmethod 3349 0x0000024bb70a5a90 code [0x0000024bb70a5c20, 0x0000024bb70a5d58]
Event: 3.527 Thread 0x0000024bc96d6000 nmethod 3367 0x0000024bb01c0490 code [0x0000024bb01c0660, 0x0000024bb01c08b8]
Event: 3.527 Thread 0x0000024bc96d6000 3368       3       org.codehaus.groovy.vmplugin.v9.Java9$$Lambda$313/0x00000001004cb840::<init> (10 bytes)
Event: 3.527 Thread 0x0000024bc8152000 nmethod 3356 0x0000024bb01c0990 code [0x0000024bb01c0c40, 0x0000024bb01c1868]
Event: 3.527 Thread 0x0000024bc96d6000 nmethod 3368 0x0000024bb01c1c90 code [0x0000024bb01c1e40, 0x0000024bb01c1ff8]
Event: 3.527 Thread 0x0000024bc8152000 3369   !   3       jdk.internal.loader.URLClassPath$JarLoader::ensureOpen (36 bytes)
Event: 3.527 Thread 0x0000024bc812e000 nmethod 3366 0x0000024bb01c2090 code [0x0000024bb01c22e0, 0x0000024bb01c2d18]
Event: 3.528 Thread 0x0000024bc7d01000 nmethod 3365 0x0000024bb01c3010 code [0x0000024bb01c3280, 0x0000024bb01c3e38]
Event: 3.528 Thread 0x0000024bc96d6000 3359       3       java.util.stream.ReduceOps$3::getOpFlags (28 bytes)
Event: 3.528 Thread 0x0000024bc812e000 3360       3       java.util.stream.ReduceOps$3::makeSink (5 bytes)
Event: 3.528 Thread 0x0000024bc7d01000 3361       3       java.util.stream.ReduceOps$3::makeSink (20 bytes)
Event: 3.528 Thread 0x0000024bc96d6000 nmethod 3359 0x0000024bb01c4190 code [0x0000024bb01c4360, 0x0000024bb01c45e8]
Event: 3.528 Thread 0x0000024bc96d6000 3362       3       java.util.stream.ReduceOps$3ReducingSink::<init> (20 bytes)
Event: 3.528 Thread 0x0000024bc812e000 nmethod 3360 0x0000024bb01c4710 code [0x0000024bb01c48e0, 0x0000024bb01c4cf8]
Event: 3.528 Thread 0x0000024bc8152000 nmethod 3369 0x0000024bb01c4e90 code [0x0000024bb01c5080, 0x0000024bb01c5488]
Event: 3.528 Thread 0x0000024bc7d01000 nmethod 3361 0x0000024bb01c5610 code [0x0000024bb01c57e0, 0x0000024bb01c5b78]
Event: 3.528 Thread 0x0000024bc8152000 3363       3       java.util.stream.Collectors$CollectorImpl::<init> (13 bytes)
Event: 3.528 Thread 0x0000024bc96d6000 nmethod 3362 0x0000024bb01c5c90 code [0x0000024bb01c5e60, 0x0000024bb01c6138]
Event: 3.528 Thread 0x0000024bc8152000 nmethod 3363 0x0000024bb01c6210 code [0x0000024bb01c6400, 0x0000024bb01c6978]

GC Heap History (8 events):
Event: 0.620 GC heap before
{Heap before GC invocations=0 (full 0):
 garbage-first heap   total 260096K, used 29696K [0x0000000080000000, 0x0000000100000000)
  region size 1024K, 24 young (24576K), 0 survivors (0K)
 Metaspace       used 10147K, capacity 10403K, committed 10624K, reserved 1058816K
  class space    used 1048K, capacity 1106K, committed 1152K, reserved 1048576K
}
Event: 0.624 GC heap after
{Heap after GC invocations=1 (full 0):
 garbage-first heap   total 260096K, used 9369K [0x0000000080000000, 0x0000000100000000)
  region size 1024K, 3 young (3072K), 3 survivors (3072K)
 Metaspace       used 10147K, capacity 10403K, committed 10624K, reserved 1058816K
  class space    used 1048K, capacity 1106K, committed 1152K, reserved 1048576K
}
Event: 2.130 GC heap before
{Heap before GC invocations=1 (full 0):
 garbage-first heap   total 260096K, used 115865K [0x0000000080000000, 0x0000000100000000)
  region size 1024K, 108 young (110592K), 3 survivors (3072K)
 Metaspace       used 20723K, capacity 21181K, committed 21296K, reserved 1069056K
  class space    used 2535K, capacity 2680K, committed 2688K, reserved 1048576K
}
Event: 2.142 GC heap after
{Heap after GC invocations=2 (full 0):
 garbage-first heap   total 260096K, used 16686K [0x0000000080000000, 0x0000000100000000)
  region size 1024K, 11 young (11264K), 11 survivors (11264K)
 Metaspace       used 20723K, capacity 21181K, committed 21296K, reserved 1069056K
  class space    used 2535K, capacity 2680K, committed 2688K, reserved 1048576K
}
Event: 2.379 GC heap before
{Heap before GC invocations=3 (full 0):
 garbage-first heap   total 260096K, used 48430K [0x0000000080000000, 0x0000000100000000)
  region size 1024K, 42 young (43008K), 11 survivors (11264K)
 Metaspace       used 23835K, capacity 24335K, committed 24496K, reserved 1071104K
  class space    used 3014K, capacity 3202K, committed 3328K, reserved 1048576K
}
Event: 2.388 GC heap after
{Heap after GC invocations=4 (full 0):
 garbage-first heap   total 260096K, used 17953K [0x0000000080000000, 0x0000000100000000)
  region size 1024K, 2 young (2048K), 2 survivors (2048K)
 Metaspace       used 23835K, capacity 24335K, committed 24496K, reserved 1071104K
  class space    used 3014K, capacity 3202K, committed 3328K, reserved 1048576K
}
Event: 3.334 GC heap before
{Heap before GC invocations=4 (full 0):
 garbage-first heap   total 260096K, used 99873K [0x0000000080000000, 0x0000000100000000)
  region size 1024K, 83 young (84992K), 2 survivors (2048K)
 Metaspace       used 35048K, capacity 35854K, committed 35920K, reserved 1081344K
  class space    used 4532K, capacity 4839K, committed 4864K, reserved 1048576K
}
Event: 3.344 GC heap after
{Heap after GC invocations=5 (full 0):
 garbage-first heap   total 260096K, used 21763K [0x0000000080000000, 0x0000000100000000)
  region size 1024K, 6 young (6144K), 6 survivors (6144K)
 Metaspace       used 35048K, capacity 35854K, committed 35920K, reserved 1081344K
  class space    used 4532K, capacity 4839K, committed 4864K, reserved 1048576K
}

Deoptimization events (20 events):
Event: 3.447 Thread 0x0000024bc93ea800 Uncommon trap: trap_request=0xffffff4d fr.pc=0x0000024bb6f183dc relative=0x000000000000003c
Event: 3.447 Thread 0x0000024bc93ea800 Uncommon trap: reason=unstable_if action=reinterpret pc=0x0000024bb6f183dc method=sun.nio.fs.WindowsPathParser.isSlash(C)Z @ 9 c2
Event: 3.447 Thread 0x0000024bc93ea800 DEOPT PACKING pc=0x0000024bb6f183dc sp=0x0000006b68cf92b0
Event: 3.447 Thread 0x0000024bc93ea800 DEOPT UNPACKING pc=0x0000024baf3aa1af sp=0x0000006b68cf9238 mode 2
Event: 3.447 Thread 0x0000024bc93ea800 Uncommon trap: trap_request=0xffffff4d fr.pc=0x0000024bb6f97474 relative=0x0000000000001554
Event: 3.447 Thread 0x0000024bc93ea800 Uncommon trap: reason=unstable_if action=reinterpret pc=0x0000024bb6f97474 method=sun.nio.fs.WindowsPathParser.isSlash(C)Z @ 9 c2
Event: 3.447 Thread 0x0000024bc93ea800 DEOPT PACKING pc=0x0000024bb6f97474 sp=0x0000006b68cf91e0
Event: 3.447 Thread 0x0000024bc93ea800 DEOPT UNPACKING pc=0x0000024baf3aa1af sp=0x0000006b68cf9188 mode 2
Event: 3.456 Thread 0x0000024bc93ea800 Uncommon trap: trap_request=0xffffff4d fr.pc=0x0000024bb706abe0 relative=0x00000000000003a0
Event: 3.456 Thread 0x0000024bc93ea800 Uncommon trap: reason=unstable_if action=reinterpret pc=0x0000024bb706abe0 method=java.lang.String.equalsIgnoreCase(Ljava/lang/String;)Z @ 36 c2
Event: 3.456 Thread 0x0000024bc93ea800 DEOPT PACKING pc=0x0000024bb706abe0 sp=0x0000006b68cf7940
Event: 3.456 Thread 0x0000024bc93ea800 DEOPT UNPACKING pc=0x0000024baf3aa1af sp=0x0000006b68cf7900 mode 2
Event: 3.457 Thread 0x0000024bc93ea800 Uncommon trap: trap_request=0xffffffc6 fr.pc=0x0000024bb705a724 relative=0x0000000000005004
Event: 3.457 Thread 0x0000024bc93ea800 Uncommon trap: reason=bimorphic_or_optimized_type_check action=maybe_recompile pc=0x0000024bb705a724 method=java.net.URL.<init>(Ljava/net/URL;Ljava/lang/String;Ljava/net/URLStreamHandler;)V @ 504 c2
Event: 3.457 Thread 0x0000024bc93ea800 DEOPT PACKING pc=0x0000024bb705a724 sp=0x0000006b68cf73a0
Event: 3.458 Thread 0x0000024bc93ea800 DEOPT UNPACKING pc=0x0000024baf3aa1af sp=0x0000006b68cf7340 mode 2
Event: 3.524 Thread 0x0000024bc93ea800 Uncommon trap: trap_request=0xffffff7e fr.pc=0x0000024bb7072224 relative=0x0000000000000324
Event: 3.524 Thread 0x0000024bc93ea800 Uncommon trap: reason=predicate action=maybe_recompile pc=0x0000024bb7072224 method=java.util.stream.ReferencePipeline.forEachWithCancel(Ljava/util/Spliterator;Ljava/util/stream/Sink;)Z @ 8 c2
Event: 3.524 Thread 0x0000024bc93ea800 DEOPT PACKING pc=0x0000024bb7072224 sp=0x0000006b68cf8e50
Event: 3.524 Thread 0x0000024bc93ea800 DEOPT UNPACKING pc=0x0000024baf3aa1af sp=0x0000006b68cf8df0 mode 2

Classes redefined (0 events):
No events

Internal exceptions (20 events):
Event: 2.781 Thread 0x0000024bc93ea800 Exception <a 'java/lang/NoSuchMethodError'{0x000000008d631e70}: 'java.lang.Object java.lang.invoke.DirectMethodHandle$Holder.invokeStaticInit(java.lang.Object, java.lang.Object, java.lang.Object, java.lang.Object)'> (0x000000008d631e70) thrown at [./src/hotspot/share/interpreter/linkResolver.cpp, line 773]
Event: 2.854 Thread 0x0000024bc93ea800 Implicit null exception at 0x0000024bb6ff0ef5 to 0x0000024bb6ff10bc
Event: 2.854 Thread 0x0000024bc93ea800 Implicit null exception at 0x0000024bb6fc342f to 0x0000024bb6fc349d
Event: 2.954 Thread 0x0000024bc93ea800 Exception <a 'java/lang/NoSuchMethodError'{0x000000008c57fa10}: 'java.lang.Object java.lang.invoke.Invokers$Holder.linkToTargetMethod(java.lang.Object, java.lang.Object, java.lang.Object, java.lang.Object, java.lang.Object, java.lang.Object, java.lang.Object, java.lang.Object)'> (0x000000008c57fa10) thrown at [./src/hotspot/share/interpreter/linkResolver.cpp, line 773]
Event: 2.957 Thread 0x0000024bc93ea800 Exception <a 'java/lang/NoSuchMethodError'{0x000000008c5ce0c0}: 'java.lang.Object java.lang.invoke.Invokers$Holder.linkToTargetMethod(java.lang.Object, java.lang.Object, java.lang.Object, java.lang.Object, java.lang.Object, java.lang.Object, java.lang.Object)'> (0x000000008c5ce0c0) thrown at [./src/hotspot/share/interpreter/linkResolver.cpp, line 773]
Event: 2.960 Thread 0x0000024bc93ea800 Exception <a 'java/lang/IncompatibleClassChangeError'{0x000000008c40ebb8}: Found class java.lang.Object, but interface was expected> (0x000000008c40ebb8) thrown at [./src/hotspot/share/interpreter/linkResolver.cpp, line 839]
Event: 3.163 Thread 0x0000024bc93ea800 Exception <a 'java/lang/NoSuchMethodError'{0x000000008b1b29e8}: 'void java.lang.invoke.DirectMethodHandle$Holder.invokeStaticInit(java.lang.Object, java.lang.Object, java.lang.Object)'> (0x000000008b1b29e8) thrown at [./src/hotspot/share/interpreter/linkResolver.cpp, line 773]
Event: 3.163 Thread 0x0000024bc93ea800 Exception <a 'java/lang/NoSuchMethodError'{0x000000008b1b9b98}: 'void java.lang.invoke.DirectMethodHandle$Holder.invokeStaticInit(java.lang.Object, java.lang.Object, java.lang.Object, java.lang.Object)'> (0x000000008b1b9b98) thrown at [./src/hotspot/share/interpreter/linkResolver.cpp, line 773]
Event: 3.166 Thread 0x0000024bc93ea800 Exception <a 'java/lang/NoSuchMethodError'{0x000000008b1dc1f0}: 'void java.lang.invoke.DirectMethodHandle$Holder.invokeStaticInit(java.lang.Object, java.lang.Object, java.lang.Object, java.lang.Object, java.lang.Object)'> (0x000000008b1dc1f0) thrown at [./src/hotspot/share/interpreter/linkResolver.cpp, line 773]
Event: 3.186 Thread 0x0000024bc93ea800 Exception <a 'java/lang/NoSuchMethodError'{0x000000008b03add8}: 'int java.lang.invoke.DirectMethodHandle$Holder.invokeStaticInit(java.lang.Object, java.lang.Object, java.lang.Object, java.lang.Object)'> (0x000000008b03add8) thrown at [./src/hotspot/share/interpreter/linkResolver.cpp, line 773]
Event: 3.384 Thread 0x0000024bc93ea800 Exception <a 'java/lang/NoSuchMethodError'{0x000000008fb58420}: 'java.lang.Object java.lang.invoke.DirectMethodHandle$Holder.invokeStatic(java.lang.Object, java.lang.Object, java.lang.Object, java.lang.Object, java.lang.Object, java.lang.Object, java.lang.Object, java.lang.Object, java.lang.Object, java.lang.Object, java.lang.Object, int)'> (0x000000008fb58420) thrown at [./src/hotspot/share/interpreter/linkResolver.cpp, line 773]
Event: 3.386 Thread 0x0000024bc93ea800 Exception <a 'java/lang/NoSuchMethodError'{0x000000008fb76dc0}: 'java.lang.Object java.lang.invoke.DirectMethodHandle$Holder.invokeStatic(java.lang.Object, java.lang.Object, java.lang.Object, java.lang.Object, java.lang.Object, java.lang.Object, java.lang.Object, java.lang.Object, java.lang.Object, java.lang.Object, java.lang.Object, int, int)'> (0x000000008fb76dc0) thrown at [./src/hotspot/share/interpreter/linkResolver.cpp, line 773]
Event: 3.387 Thread 0x0000024bc93ea800 Exception <a 'java/lang/NoSuchMethodError'{0x000000008fbefd08}: 'java.lang.Object java.lang.invoke.DirectMethodHandle$Holder.invokeStatic(java.lang.Object, java.lang.Object, java.lang.Object, java.lang.Object, java.lang.Object, java.lang.Object, java.lang.Object, java.lang.Object, java.lang.Object, java.lang.Object, java.lang.Object, int, int, java.lang.Object)'> (0x000000008fbefd08) thrown at [./src/hotspot/share/interpreter/linkResolver.cpp, line 773]
Event: 3.388 Thread 0x0000024bc93ea800 Exception <a 'java/lang/NoSuchMethodError'{0x000000008fa112b8}: 'java.lang.Object java.lang.invoke.DirectMethodHandle$Holder.invokeStatic(java.lang.Object, java.lang.Object, java.lang.Object, java.lang.Object, java.lang.Object, java.lang.Object, java.lang.Object, java.lang.Object, java.lang.Object, java.lang.Object, java.lang.Object, int, int, java.lang.Object, java.lang.Object)'> (0x000000008fa112b8) thrown at [./src/hotspot/share/interpreter/linkResolver.cpp, line 773]
Event: 3.390 Thread 0x0000024bc93ea800 Exception <a 'java/lang/ClassNotFoundException'{0x000000008fa40fd0}: groovy/lang/ExpandoMetaClassBeanInfo> (0x000000008fa40fd0) thrown at [./src/hotspot/share/classfile/systemDictionary.cpp, line 231]
Event: 3.391 Thread 0x0000024bc93ea800 Exception <a 'java/lang/ClassNotFoundException'{0x000000008fa61160}: groovy/lang/MetaClassImplBeanInfo> (0x000000008fa61160) thrown at [./src/hotspot/share/classfile/systemDictionary.cpp, line 231]
Event: 3.391 Thread 0x0000024bc93ea800 Exception <a 'java/lang/ClassNotFoundException'{0x000000008fa6a418}: java/lang/ObjectBeanInfo> (0x000000008fa6a418) thrown at [./src/hotspot/share/classfile/systemDictionary.cpp, line 231]
Event: 3.392 Thread 0x0000024bc93ea800 Exception <a 'java/lang/ClassNotFoundException'{0x000000008fa75b10}: java/lang/ObjectCustomizer> (0x000000008fa75b10) thrown at [./src/hotspot/share/classfile/systemDictionary.cpp, line 231]
Event: 3.398 Thread 0x0000024bc93ea800 Exception <a 'java/lang/ClassNotFoundException'{0x000000008fa9cf60}: groovy/lang/MetaClassImplCustomizer> (0x000000008fa9cf60) thrown at [./src/hotspot/share/classfile/systemDictionary.cpp, line 231]
Event: 3.400 Thread 0x0000024bc93ea800 Exception <a 'java/lang/ClassNotFoundException'{0x000000008fadbb18}: groovy/lang/ExpandoMetaClassCustomizer> (0x000000008fadbb18) thrown at [./src/hotspot/share/classfile/systemDictionary.cpp, line 231]

Events (20 events):
Event: 3.503 loading class java/time/chrono/AbstractChronology done
Event: 3.503 loading class java/time/chrono/IsoChronology done
Event: 3.504 loading class java/nio/file/ClosedDirectoryStreamException
Event: 3.504 loading class java/nio/file/ClosedDirectoryStreamException done
Event: 3.504 loading class java/nio/file/DirectoryIteratorException
Event: 3.504 loading class java/nio/file/DirectoryIteratorException done
Event: 3.504 loading class java/nio/file/FileTreeWalker$DirectoryNode
Event: 3.504 loading class java/nio/file/FileTreeWalker$DirectoryNode done
Event: 3.505 loading class java/nio/file/FileTreeWalker$Event
Event: 3.505 loading class java/nio/file/FileTreeWalker$Event done
Event: 3.505 loading class java/nio/file/FileTreeWalker$EventType
Event: 3.505 loading class java/nio/file/FileTreeWalker$EventType done
Event: 3.505 loading class java/nio/file/Files$3
Event: 3.505 loading class java/nio/file/Files$3 done
Event: 3.505 loading class java/nio/file/FileVisitResult
Event: 3.505 loading class java/nio/file/FileVisitResult done
Event: 3.521 loading class jdk/nio/zipfs/ZipFileSystem
Event: 3.521 loading class jdk/nio/zipfs/ZipFileSystem done
Event: 3.527 loading class groovy/grape/GrapeIvy
Event: 3.527 loading class groovy/grape/GrapeIvy done


Dynamic libraries:
0x00007ff793ed0000 - 0x00007ff793eda000 	E:\SoftWare\Android\Android Studio\jre\bin\java.exe
0x00007ff94a220000 - 0x00007ff94a427000 	C:\Windows\SYSTEM32\ntdll.dll
0x00007ff948c60000 - 0x00007ff948d1d000 	C:\Windows\System32\KERNEL32.DLL
0x00007ff947b50000 - 0x00007ff947ec4000 	C:\Windows\System32\KERNELBASE.dll
0x00007ff944c70000 - 0x00007ff944d01000 	C:\Windows\SYSTEM32\apphelp.dll
0x00007ff8e2670000 - 0x00007ff8e2b0c000 	C:\Windows\SYSTEM32\AcLayers.DLL
0x00007ff949f20000 - 0x00007ff949fc3000 	C:\Windows\System32\msvcrt.dll
0x00007ff9480b0000 - 0x00007ff94810d000 	C:\Windows\System32\SHLWAPI.dll
0x00007ff944460000 - 0x00007ff944471000 	C:\Windows\SYSTEM32\SortWindows61.dll
0x00007ff947f90000 - 0x00007ff9480a1000 	C:\Windows\System32\ucrtbase.dll
0x00007ff935e40000 - 0x00007ff935e59000 	E:\SoftWare\Android\Android Studio\jre\bin\jli.dll
0x00007ff935e60000 - 0x00007ff935e77000 	E:\SoftWare\Android\Android Studio\jre\bin\VCRUNTIME140.dll
0x00007ff949540000 - 0x00007ff9496ec000 	C:\Windows\System32\USER32.dll
0x00007ff947ab0000 - 0x00007ff947ad6000 	C:\Windows\System32\win32u.dll
0x00007ff9496f0000 - 0x00007ff949719000 	C:\Windows\System32\GDI32.dll
0x00007ff947990000 - 0x00007ff947aa2000 	C:\Windows\System32\gdi32full.dll
0x00007ff947780000 - 0x00007ff94781d000 	C:\Windows\System32\msvcp_win.dll
0x00007ff935800000 - 0x00007ff935aa5000 	C:\Windows\WinSxS\amd64_microsoft.windows.common-controls_6595b64144ccf1df_6.0.22000.120_none_9d947278b86cc467\COMCTL32.dll
0x00007ff948c20000 - 0x00007ff948c51000 	C:\Windows\System32\IMM32.DLL
0x0000000059420000 - 0x000000005942c000 	C:\Program Files (x86)\360\360Safe\safemon\SafeWrapper.dll
0x00007ff949b90000 - 0x00007ff949c3c000 	C:\Windows\System32\ADVAPI32.dll
0x00007ff948240000 - 0x00007ff9482dd000 	C:\Windows\System32\sechost.dll
0x00007ff948110000 - 0x00007ff948231000 	C:\Windows\System32\RPCRT4.dll
0x00007ff938420000 - 0x00007ff9384b6000 	C:\Program Files (x86)\360\360Safe\safemon\libzdtp64.dll
0x00007ff948d20000 - 0x00007ff9494c9000 	C:\Windows\System32\SHELL32.dll
0x00007ff947140000 - 0x00007ff94714a000 	C:\Windows\SYSTEM32\VERSION.dll
0x00007ff904b40000 - 0x00007ff904bdd000 	E:\SoftWare\Android\Android Studio\jre\bin\msvcp140.dll
0x00007ff904050000 - 0x00007ff904b35000 	E:\SoftWare\Android\Android Studio\jre\bin\server\jvm.dll
0x00007ff948890000 - 0x00007ff948898000 	C:\Windows\System32\PSAPI.DLL
0x00007ff9418f0000 - 0x00007ff941923000 	C:\Windows\SYSTEM32\WINMM.dll
0x00007ff942180000 - 0x00007ff942189000 	C:\Windows\SYSTEM32\WSOCK32.dll
0x00007ff9494d0000 - 0x00007ff94953f000 	C:\Windows\System32\WS2_32.dll
0x00007ff9467c0000 - 0x00007ff9467d8000 	C:\Windows\SYSTEM32\kernel.appcore.dll
0x00007ff942190000 - 0x00007ff9421a1000 	E:\SoftWare\Android\Android Studio\jre\bin\verify.dll
0x00007ff93e6e0000 - 0x00007ff93e901000 	C:\Windows\SYSTEM32\DBGHELP.DLL
0x00007ff93dd80000 - 0x00007ff93ddb1000 	C:\Windows\SYSTEM32\dbgcore.DLL
0x00007ff947700000 - 0x00007ff947780000 	C:\Windows\System32\bcryptPrimitives.dll
0x00007ff936d30000 - 0x00007ff936d59000 	E:\SoftWare\Android\Android Studio\jre\bin\java.dll
0x00007ff942170000 - 0x00007ff94217b000 	E:\SoftWare\Android\Android Studio\jre\bin\jimage.dll
0x00007ff93eea0000 - 0x00007ff93eeb8000 	E:\SoftWare\Android\Android Studio\jre\bin\zip.dll
0x00007ff945840000 - 0x00007ff9460a2000 	C:\Windows\SYSTEM32\windows.storage.dll
0x00007ff948300000 - 0x00007ff948678000 	C:\Windows\System32\combase.dll
0x00007ff9456d0000 - 0x00007ff945836000 	C:\Windows\SYSTEM32\wintypes.dll
0x00007ff948b20000 - 0x00007ff948c0a000 	C:\Windows\System32\SHCORE.dll
0x00007ff947630000 - 0x00007ff947651000 	C:\Windows\SYSTEM32\profapi.dll
0x00007ff936d10000 - 0x00007ff936d2a000 	E:\SoftWare\Android\Android Studio\jre\bin\net.dll
0x00007ff9415a0000 - 0x00007ff9416ac000 	C:\Windows\SYSTEM32\WINHTTP.dll
0x00007ff946bd0000 - 0x00007ff946c37000 	C:\Windows\system32\mswsock.dll
0x00007ff936cf0000 - 0x00007ff936d04000 	E:\SoftWare\Android\Android Studio\jre\bin\nio.dll
0x00007ff92af70000 - 0x00007ff92af97000 	C:\Users\Administrator\.gradle\native\e1d6ef7f7dcc3fd88c89a11ec53ec762bb8ba0a96d01ffa2cd45eb1d1d8dd5c5\windows-amd64\native-platform.dll
0x00007ff900730000 - 0x00007ff900874000 	C:\Users\Administrator\.gradle\native\5664cfc778a61ccfe75a443a1ab52a65af34e5dc3c78e0209fed803814484fcb\windows-amd64\native-platform-file-events.dll
0x00007ff942160000 - 0x00007ff94216a000 	E:\SoftWare\Android\Android Studio\jre\bin\management.dll
0x00007ff93efb0000 - 0x00007ff93efbd000 	E:\SoftWare\Android\Android Studio\jre\bin\management_ext.dll
0x00007ff946e10000 - 0x00007ff946e28000 	C:\Windows\SYSTEM32\CRYPTSP.dll
0x00007ff946720000 - 0x00007ff946755000 	C:\Windows\system32\rsaenh.dll
0x00007ff946cc0000 - 0x00007ff946ce9000 	C:\Windows\SYSTEM32\USERENV.dll
0x00007ff947000000 - 0x00007ff947027000 	C:\Windows\SYSTEM32\bcrypt.dll
0x00007ff946e30000 - 0x00007ff946e3c000 	C:\Windows\SYSTEM32\CRYPTBASE.dll
0x00007ff9462f0000 - 0x00007ff94631d000 	C:\Windows\SYSTEM32\IPHLPAPI.DLL
0x00007ff948ab0000 - 0x00007ff948ab9000 	C:\Windows\System32\NSI.dll
0x00007ff9414c0000 - 0x00007ff9414d9000 	C:\Windows\SYSTEM32\dhcpcsvc6.DLL
0x00007ff9418d0000 - 0x00007ff9418ee000 	C:\Windows\SYSTEM32\dhcpcsvc.DLL
0x00007ff946320000 - 0x00007ff946407000 	C:\Windows\SYSTEM32\DNSAPI.dll

dbghelp: loaded successfully - version: 4.0.5 - missing functions: none
symbol engine: initialized successfully - sym options: 0x614 - pdb path: .;E:\SoftWare\Android\Android Studio\jre\bin;C:\Windows\SYSTEM32;C:\Windows\WinSxS\amd64_microsoft.windows.common-controls_6595b64144ccf1df_6.0.22000.120_none_9d947278b86cc467;C:\Program Files (x86)\360\360Safe\safemon;E:\SoftWare\Android\Android Studio\jre\bin\server;C:\Users\Administrator\.gradle\native\e1d6ef7f7dcc3fd88c89a11ec53ec762bb8ba0a96d01ffa2cd45eb1d1d8dd5c5\windows-amd64;C:\Users\Administrator\.gradle\native\5664cfc778a61ccfe75a443a1ab52a65af34e5dc3c78e0209fed803814484fcb\windows-amd64

VM Arguments:
jvm_args: --add-opens=java.base/java.util=ALL-UNNAMED --add-opens=java.base/java.lang=ALL-UNNAMED --add-opens=java.base/java.lang.invoke=ALL-UNNAMED --add-opens=java.base/java.util=ALL-UNNAMED --add-opens=java.prefs/java.util.prefs=ALL-UNNAMED --add-opens=java.prefs/java.util.prefs=ALL-UNNAMED --add-opens=java.base/java.nio.charset=ALL-UNNAMED --add-opens=java.base/java.net=ALL-UNNAMED --add-opens=java.base/java.util.concurrent.atomic=ALL-UNNAMED -Xmx2048m -Dfile.encoding=UTF-8 -Duser.country=CN -Duser.language=zh -Duser.variant 
java_command: org.gradle.launcher.daemon.bootstrap.GradleDaemon 7.3.3
java_class_path (initial): C:\Users\Administrator\.gradle\wrapper\dists\gradle-7.3.3-bin\6a41zxkdtcxs8rphpq6y0069z\gradle-7.3.3\lib\gradle-launcher-7.3.3.jar
Launcher Type: SUN_STANDARD

[Global flags]
     intx CICompilerCount                          = 12                                        {product} {ergonomic}
     uint ConcGCThreads                            = 3                                         {product} {ergonomic}
     uint G1ConcRefinementThreads                  = 13                                        {product} {ergonomic}
   size_t G1HeapRegionSize                         = 1048576                                   {product} {ergonomic}
    uintx GCDrainStackTargetSize                   = 64                                        {product} {ergonomic}
   size_t InitialHeapSize                          = 266338304                                 {product} {ergonomic}
   size_t MarkStackSize                            = 4194304                                   {product} {ergonomic}
   size_t MaxHeapSize                              = 2147483648                                {product} {command line}
   size_t MaxNewSize                               = 1287651328                                {product} {ergonomic}
   size_t MinHeapDeltaBytes                        = 1048576                                   {product} {ergonomic}
    uintx NonNMethodCodeHeapSize                   = 7594288                                {pd product} {ergonomic}
    uintx NonProfiledCodeHeapSize                  = 122031976                              {pd product} {ergonomic}
    uintx ProfiledCodeHeapSize                     = 122031976                              {pd product} {ergonomic}
    uintx ReservedCodeCacheSize                    = 251658240                              {pd product} {ergonomic}
     bool SegmentedCodeCache                       = true                                      {product} {ergonomic}
     bool UseCompressedClassPointers               = true                                 {lp64_product} {ergonomic}
     bool UseCompressedOops                        = true                                 {lp64_product} {ergonomic}
     bool UseG1GC                                  = true                                      {product} {ergonomic}
     bool UseLargePagesIndividualAllocation        = false                                  {pd product} {ergonomic}

Logging:
Log output configuration:
 #0: stdout all=warning uptime,level,tags
 #1: stderr all=off uptime,level,tags

Environment Variables:
JAVA_HOME=C:\Program Files\Java\jdk-15
CLASSPATH=.;C:\Program Files\Java\jdk-15\lib\tools.jar;
PATH=C:\Windows\system32;C:\Windows;C:\Windows\System32\Wbem;C:\Windows\System32\WindowsPowerShell\v1.0\;C:\Windows\System32\OpenSSH\;C:\Program Files\Microsoft SQL Server\Client SDK\ODBC\170\Tools\Binn\;C:\Program Files\Microsoft SQL Server\150\Tools\Binn\;C:\Program Files\TortoiseSVN\bin;C:\Program Files\Microsoft SQL Server\Client SDK\ODBC\130\Tools\Binn\;C:\Program Files (x86)\Microsoft SQL Server\140\Tools\Binn\;C:\Program Files\Microsoft SQL Server\140\Tools\Binn\;C:\Program Files\Microsoft SQL Server\140\DTS\Binn\;C:\Program Files (x86)\Microsoft SQL Server\150\DTS\Binn\;C:\Program Files\Azure Data Studio\bin;D:\ffmpeg-N-104865-g571e8ca2dd-win64-gpl\bin;E:\SoftWare\OpenSSL-Win64\bin;C:\Program Files\Java\jdk-15\bin;C:\Program Files\nodejs\;E:\SoftWare\Git\cmd;D:\phantomjs-2.1.1-windows\bin;D:\flutter\bin;C:\Program Files\Java\jdk-15\jre\bin;D:\Android\platform-tools;C:\Program Files\dotnet\;C:\Users\Administrator\AppData\Local\Microsoft\WindowsApps;C:\Users\Administrator\AppData\Roaming\npm;E:\SoftWare\Microsoft VS Code\bin;C:\Users\Administrator\.dotnet\tools
USERNAME=Administrator
OS=Windows_NT
PROCESSOR_IDENTIFIER=Intel64 Family 6 Model 165 Stepping 5, GenuineIntel



---------------  S Y S T E M  ---------------

OS: Windows 10 , 64 bit Build 22000 (10.0.22000.120)
OS uptime: 4 days 0:34 hours

CPU:total 16 (initial active 16) (8 cores per cpu, 2 threads per core) family 6 model 165 stepping 5 microcode 0xe0, cmov, cx8, fxsr, mmx, sse, sse2, sse3, ssse3, sse4.1, sse4.2, popcnt, avx, avx2, aes, clmul, erms, 3dnowpref, lzcnt, ht, tsc, tscinvbit, bmi1, bmi2, adx, fma

Memory: 4k page, system-wide physical 16233M (2710M free)
TotalPageFile size 46632M (AvailPageFile size 5M)
current process WorkingSet (physical memory assigned to process): 335M, peak: 338M
current process commit charge ("private bytes"): 498M, peak: 502M

vm_info: OpenJDK 64-Bit Server VM (11.0.12+7-b1504.28-7817840) for windows-amd64 JRE (11.0.12+7-b1504.28-7817840), built on Oct 13 2021 22:12:33 by "builder" with MS VC++ 14.0 (VS2015)

END.
