#
# There is insufficient memory for the Java Runtime Environment to continue.
# Native memory allocation (malloc) failed to allocate 1842416 bytes for Chunk::new
# Possible reasons:
#   The system is out of physical RAM or swap space
#   The process is running with CompressedOops enabled, and the Java Heap may be blocking the growth of the native heap
# Possible solutions:
#   Reduce memory load on the system
#   Increase physical memory or swap space
#   Check if swap backing store is full
#   Decrease Java heap size (-Xmx/-Xms)
#   Decrease number of Java threads
#   Decrease Java thread stack sizes (-Xss)
#   Set larger code cache with -XX:ReservedCodeCacheSize=
#   JVM is running with Unscaled Compressed Oops mode in which the Java heap is
#     placed in the first 4GB address space. The Java Heap base address is the
#     maximum limit for the native heap growth. Please use -XX:HeapBaseMinAddress
#     to set the Java Heap base and to place the Java Heap above 4GB virtual address.
# This output file may be truncated or incomplete.
#
#  Out of Memory Error (./src/hotspot/share/memory/arena.cpp:197), pid=19812, tid=37760
#
# JRE version: OpenJDK Runtime Environment (11.0.12+7) (build 11.0.12+7-b1504.28-7817840)
# Java VM: OpenJDK 64-Bit Server VM (11.0.12+7-b1504.28-7817840, mixed mode, tiered, compressed oops, g1 gc, windows-amd64)
# No core dump will be written. Minidumps are not enabled by default on client versions of Windows
#

---------------  S U M M A R Y ------------

Command Line: --add-opens=java.base/java.util=ALL-UNNAMED --add-opens=java.base/java.lang=ALL-UNNAMED --add-opens=java.base/java.lang.invoke=ALL-UNNAMED --add-opens=java.base/java.util=ALL-UNNAMED --add-opens=java.prefs/java.util.prefs=ALL-UNNAMED --add-opens=java.prefs/java.util.prefs=ALL-UNNAMED --add-opens=java.base/java.nio.charset=ALL-UNNAMED --add-opens=java.base/java.net=ALL-UNNAMED --add-opens=java.base/java.util.concurrent.atomic=ALL-UNNAMED -Xmx2048m -Dfile.encoding=UTF-8 -Duser.country=CN -Duser.language=zh -Duser.variant org.gradle.launcher.daemon.bootstrap.GradleDaemon 7.3.3

Host: Intel(R) Core(TM) i7-10700 CPU @ 2.90GHz, 16 cores, 15G,  Windows 10 , 64 bit Build 22000 (10.0.22000.120)
Time: Fri Jul  8 09:11:34 2022 中国标准时间 elapsed time: 4.632468 seconds (0d 0h 0m 4s)

---------------  T H R E A D  ---------------

Current thread (0x0000020cca30d000):  JavaThread "C2 CompilerThread2" daemon [_thread_in_native, id=37760, stack(0x000000464e000000,0x000000464e100000)]


Current CompileTask:
C2:   4632 4166       4       java.lang.invoke.MethodType::makeImpl (108 bytes)

Stack: [0x000000464e000000,0x000000464e100000]
Native frames: (J=compiled Java code, j=interpreted, Vv=VM code, C=native code)
V  [jvm.dll+0x5fbcea]
V  [jvm.dll+0x731905]
V  [jvm.dll+0x732f1d]
V  [jvm.dll+0x7335d3]
V  [jvm.dll+0x247bf8]
V  [jvm.dll+0xc018c]
V  [jvm.dll+0xc06cc]
V  [jvm.dll+0x35b31d]
V  [jvm.dll+0x328803]
V  [jvm.dll+0x327cfa]
V  [jvm.dll+0x200602]
V  [jvm.dll+0x1ff794]
V  [jvm.dll+0x18868c]
V  [jvm.dll+0x20e0d7]
V  [jvm.dll+0x20c901]
V  [jvm.dll+0x6f9b7f]
V  [jvm.dll+0x6f26a5]
V  [jvm.dll+0x5fabf6]
C  [ucrtbase.dll+0x26c0c]
C  [KERNEL32.DLL+0x154e0]
C  [ntdll.dll+0x485b]


---------------  P R O C E S S  ---------------

Threads class SMR info:
_java_thread_list=0x0000020ccc288b90, length=42, elements={
0x0000020ca92a3000, 0x0000020cc582c800, 0x0000020cc583b000, 0x0000020cc5a18800,
0x0000020cc5a1b800, 0x0000020cc5a20000, 0x0000020cc5a2d800, 0x0000020cc5a38000,
0x0000020cc5a51000, 0x0000020cc5c7a000, 0x0000020cc5e43800, 0x0000020cc56d5000,
0x0000020cc72a0800, 0x0000020cc919b800, 0x0000020cc627f800, 0x0000020cc6637000,
0x0000020cc7618000, 0x0000020cc6113800, 0x0000020cc5cd1000, 0x0000020cc589b000,
0x0000020cc56f3000, 0x0000020cc7b2d800, 0x0000020cc95fc000, 0x0000020cc612b800,
0x0000020cc7bbb000, 0x0000020cc7bb8800, 0x0000020cc7bb9800, 0x0000020cc953e800,
0x0000020cca30d000, 0x0000020cc7bba000, 0x0000020cc8fdc000, 0x0000020cc8fda800,
0x0000020cc8fe1000, 0x0000020cc8fe2800, 0x0000020cc8fde800, 0x0000020ccbf03800,
0x0000020cc9406800, 0x0000020cc8fe4800, 0x0000020cc8fe9000, 0x0000020cc9540000,
0x0000020cc9542000, 0x0000020cc8fe3800
}

Java Threads: ( => current thread )
  0x0000020ca92a3000 JavaThread "main" [_thread_blocked, id=29788, stack(0x000000464af00000,0x000000464b000000)]
  0x0000020cc582c800 JavaThread "Reference Handler" daemon [_thread_blocked, id=21048, stack(0x000000464b600000,0x000000464b700000)]
  0x0000020cc583b000 JavaThread "Finalizer" daemon [_thread_blocked, id=38364, stack(0x000000464b700000,0x000000464b800000)]
  0x0000020cc5a18800 JavaThread "Signal Dispatcher" daemon [_thread_blocked, id=27572, stack(0x000000464b800000,0x000000464b900000)]
  0x0000020cc5a1b800 JavaThread "Attach Listener" daemon [_thread_blocked, id=32480, stack(0x000000464b900000,0x000000464ba00000)]
  0x0000020cc5a20000 JavaThread "Service Thread" daemon [_thread_blocked, id=23376, stack(0x000000464ba00000,0x000000464bb00000)]
  0x0000020cc5a2d800 JavaThread "C2 CompilerThread0" daemon [_thread_blocked, id=30244, stack(0x000000464bb00000,0x000000464bc00000)]
  0x0000020cc5a38000 JavaThread "C1 CompilerThread0" daemon [_thread_blocked, id=24272, stack(0x000000464bc00000,0x000000464bd00000)]
  0x0000020cc5a51000 JavaThread "Sweeper thread" daemon [_thread_blocked, id=22028, stack(0x000000464bd00000,0x000000464be00000)]
  0x0000020cc5c7a000 JavaThread "C1 CompilerThread1" daemon [_thread_in_native, id=9244, stack(0x000000464be00000,0x000000464bf00000)]
  0x0000020cc5e43800 JavaThread "Common-Cleaner" daemon [_thread_blocked, id=37784, stack(0x000000464bf00000,0x000000464c000000)]
  0x0000020cc56d5000 JavaThread "C2 CompilerThread1" daemon [_thread_blocked, id=11156, stack(0x000000464c100000,0x000000464c200000)]
  0x0000020cc72a0800 JavaThread "C1 CompilerThread2" daemon [_thread_blocked, id=22712, stack(0x000000464c800000,0x000000464c900000)]
  0x0000020cc919b800 JavaThread "C1 CompilerThread3" daemon [_thread_blocked, id=39664, stack(0x000000464c900000,0x000000464ca00000)]
  0x0000020cc627f800 JavaThread "Daemon health stats" [_thread_blocked, id=31624, stack(0x000000464ca00000,0x000000464cb00000)]
  0x0000020cc6637000 JavaThread "Incoming local TCP Connector on port 54141" [_thread_in_native, id=15332, stack(0x000000464c200000,0x000000464c300000)]
  0x0000020cc7618000 JavaThread "Daemon periodic checks" [_thread_blocked, id=31960, stack(0x000000464cb00000,0x000000464cc00000)]
  0x0000020cc6113800 JavaThread "Daemon" [_thread_blocked, id=3132, stack(0x000000464cc00000,0x000000464cd00000)]
  0x0000020cc5cd1000 JavaThread "Handler for socket connection from /127.0.0.1:54141 to /127.0.0.1:54142" [_thread_in_native, id=30336, stack(0x000000464cd00000,0x000000464ce00000)]
  0x0000020cc589b000 JavaThread "Cancel handler" [_thread_blocked, id=35640, stack(0x000000464ce00000,0x000000464cf00000)]
  0x0000020cc56f3000 JavaThread "Daemon worker" [_thread_in_Java, id=796, stack(0x000000464cf00000,0x000000464d000000)]
  0x0000020cc7b2d800 JavaThread "Asynchronous log dispatcher for DefaultDaemonConnection: socket connection from /127.0.0.1:54141 to /127.0.0.1:54142" [_thread_blocked, id=27344, stack(0x000000464d000000,0x000000464d100000)]
  0x0000020cc95fc000 JavaThread "Stdin handler" [_thread_blocked, id=14640, stack(0x000000464d100000,0x000000464d200000)]
  0x0000020cc612b800 JavaThread "Daemon client event forwarder" [_thread_blocked, id=2580, stack(0x000000464d200000,0x000000464d300000)]
  0x0000020cc7bbb000 JavaThread "Cache worker for journal cache (C:\Users\Administrator\.gradle\caches\journal-1)" [_thread_blocked, id=14508, stack(0x000000464d300000,0x000000464d400000)]
  0x0000020cc7bb8800 JavaThread "File lock request listener" [_thread_in_native, id=8544, stack(0x000000464d400000,0x000000464d500000)]
  0x0000020cc7bb9800 JavaThread "Cache worker for file hash cache (C:\Users\Administrator\.gradle\caches\7.3.3\fileHashes)" [_thread_blocked, id=38568, stack(0x000000464d500000,0x000000464d600000)]
  0x0000020cc953e800 JavaThread "Cache worker for file hash cache (D:\WebStormProjects\Ixueto\.gradle\7.3.3\fileHashes)" [_thread_blocked, id=23152, stack(0x000000464df00000,0x000000464e000000)]
=>0x0000020cca30d000 JavaThread "C2 CompilerThread2" daemon [_thread_in_native, id=37760, stack(0x000000464e000000,0x000000464e100000)]
  0x0000020cc7bba000 JavaThread "File watcher server" daemon [_thread_in_native, id=38204, stack(0x000000464e100000,0x000000464e200000)]
  0x0000020cc8fdc000 JavaThread "File watcher consumer" daemon [_thread_blocked, id=15532, stack(0x000000464e200000,0x000000464e300000)]
  0x0000020cc8fda800 JavaThread "Cache worker for checksums cache (D:\WebStormProjects\Ixueto\.gradle\7.3.3\checksums)" [_thread_blocked, id=16540, stack(0x000000464e300000,0x000000464e400000)]
  0x0000020cc8fe1000 JavaThread "Cache worker for cache directory md-supplier (C:\Users\Administrator\.gradle\caches\7.3.3\md-supplier)" [_thread_blocked, id=25960, stack(0x000000464e400000,0x000000464e500000)]
  0x0000020cc8fe2800 JavaThread "Cache worker for cache directory md-rule (C:\Users\Administrator\.gradle\caches\7.3.3\md-rule)" [_thread_blocked, id=31340, stack(0x000000464e500000,0x000000464e600000)]
  0x0000020cc8fde800 JavaThread "Cache worker for execution history cache (C:\Users\Administrator\.gradle\caches\7.3.3\executionHistory)" [_thread_blocked, id=29720, stack(0x000000464e600000,0x000000464e700000)]
  0x0000020ccbf03800 JavaThread "C2 CompilerThread3" daemon [_thread_blocked, id=21420, stack(0x000000464e700000,0x000000464e800000)]
  0x0000020cc9406800 JavaThread "C2 CompilerThread4" daemon [_thread_blocked, id=25500, stack(0x000000464e800000,0x000000464e900000)]
  0x0000020cc8fe4800 JavaThread "jar transforms" [_thread_blocked, id=31020, stack(0x000000464e900000,0x000000464ea00000)]
  0x0000020cc8fe9000 JavaThread "Cache worker for file content cache (C:\Users\Administrator\.gradle\caches\7.3.3\fileContent)" [_thread_blocked, id=22852, stack(0x000000464ea00000,0x000000464eb00000)]
  0x0000020cc9540000 JavaThread "jar transforms Thread 2" [_thread_blocked, id=39280, stack(0x000000464eb00000,0x000000464ec00000)]
  0x0000020cc9542000 JavaThread "Cache worker for dependencies-accessors (D:\WebStormProjects\Ixueto\.gradle\7.3.3\dependencies-accessors)" [_thread_blocked, id=11364, stack(0x000000464ec00000,0x000000464ed00000)]
  0x0000020cc8fe3800 JavaThread "jar transforms Thread 3" [_thread_blocked, id=36024, stack(0x000000464ed00000,0x000000464ee00000)]

Other Threads:
  0x0000020cc57bc800 VMThread "VM Thread" [stack: 0x000000464b500000,0x000000464b600000] [id=1396]
  0x0000020cc5f83000 WatcherThread [stack: 0x000000464c000000,0x000000464c100000] [id=22684]
  0x0000020ca92c3800 GCTaskThread "GC Thread#0" [stack: 0x000000464b000000,0x000000464b100000] [id=32448]
  0x0000020cc6143800 GCTaskThread "GC Thread#1" [stack: 0x000000464c300000,0x000000464c400000] [id=38008]
  0x0000020ca751e000 GCTaskThread "GC Thread#2" [stack: 0x000000464c400000,0x000000464c500000] [id=36656]
  0x0000020cc6ff4000 GCTaskThread "GC Thread#3" [stack: 0x000000464c500000,0x000000464c600000] [id=32780]
  0x0000020ca752e800 GCTaskThread "GC Thread#4" [stack: 0x000000464c600000,0x000000464c700000] [id=3212]
  0x0000020cc6224000 GCTaskThread "GC Thread#5" [stack: 0x000000464c700000,0x000000464c800000] [id=35428]
  0x0000020cc8d78000 GCTaskThread "GC Thread#6" [stack: 0x000000464d600000,0x000000464d700000] [id=29972]
  0x0000020cc7ceb000 GCTaskThread "GC Thread#7" [stack: 0x000000464d700000,0x000000464d800000] [id=29104]
  0x0000020cc7ceb800 GCTaskThread "GC Thread#8" [stack: 0x000000464d800000,0x000000464d900000] [id=30068]
  0x0000020cc7cec800 GCTaskThread "GC Thread#9" [stack: 0x000000464d900000,0x000000464da00000] [id=15880]
  0x0000020cc7ced000 GCTaskThread "GC Thread#10" [stack: 0x000000464da00000,0x000000464db00000] [id=38176]
  0x0000020cc7ced800 GCTaskThread "GC Thread#11" [stack: 0x000000464db00000,0x000000464dc00000] [id=19540]
  0x0000020cc85f2000 GCTaskThread "GC Thread#12" [stack: 0x000000464dc00000,0x000000464dd00000] [id=9908]
  0x0000020cc1d79800 ConcurrentGCThread "G1 Main Marker" [stack: 0x000000464b100000,0x000000464b200000] [id=35648]
  0x0000020cc1d7a800 ConcurrentGCThread "G1 Conc#0" [stack: 0x000000464b200000,0x000000464b300000] [id=20680]
  0x0000020cc85b4800 ConcurrentGCThread "G1 Conc#1" [stack: 0x000000464dd00000,0x000000464de00000] [id=21636]
  0x0000020cc7b58800 ConcurrentGCThread "G1 Conc#2" [stack: 0x000000464de00000,0x000000464df00000] [id=30872]
  0x0000020cc1eb4800 ConcurrentGCThread "G1 Refine#0" [stack: 0x000000464b300000,0x000000464b400000] [id=9076]
  0x0000020cc1eb5800 ConcurrentGCThread "G1 Young RemSet Sampling" [stack: 0x000000464b400000,0x000000464b500000] [id=37548]

Threads with active compile tasks:
C2 CompilerThread2   4668 4166       4       java.lang.invoke.MethodType::makeImpl (108 bytes)

VM state:not at safepoint (normal execution)

VM Mutex/Monitor currently owned by a thread: None

Heap address: 0x0000000080000000, size: 2048 MB, Compressed Oops mode: 32-bit
Narrow klass base: 0x0000000000000000, Narrow klass shift: 3
Compressed class space size: 1073741824 Address: 0x0000000100000000

Heap:
 garbage-first heap   total 260096K, used 148034K [0x0000000080000000, 0x0000000100000000)
  region size 1024K, 127 young (130048K), 6 survivors (6144K)
 Metaspace       used 45042K, capacity 46261K, committed 46588K, reserved 1089536K
  class space    used 5751K, capacity 6167K, committed 6272K, reserved 1048576K
Heap Regions: E=young(eden), S=young(survivor), O=old, HS=humongous(starts), HC=humongous(continues), CS=collection set, F=free, A=archive, TAMS=top-at-mark-start (previous, next)
|   0|0x0000000080000000, 0x0000000080100000, 0x0000000080100000|100%| O|  |TAMS 0x0000000080100000, 0x0000000080000000| Untracked 
|   1|0x0000000080100000, 0x0000000080200000, 0x0000000080200000|100%| O|  |TAMS 0x0000000080200000, 0x0000000080100000| Untracked 
|   2|0x0000000080200000, 0x0000000080300000, 0x0000000080300000|100%| O|  |TAMS 0x0000000080300000, 0x0000000080200000| Untracked 
|   3|0x0000000080300000, 0x0000000080400000, 0x0000000080400000|100%|HS|  |TAMS 0x0000000080400000, 0x0000000080300000| Complete 
|   4|0x0000000080400000, 0x0000000080500000, 0x0000000080500000|100%|HC|  |TAMS 0x0000000080500000, 0x0000000080400000| Complete 
|   5|0x0000000080500000, 0x0000000080600000, 0x0000000080600000|100%|HC|  |TAMS 0x0000000080600000, 0x0000000080500000| Complete 
|   6|0x0000000080600000, 0x0000000080700000, 0x0000000080700000|100%| O|  |TAMS 0x0000000080700000, 0x0000000080600000| Untracked 
|   7|0x0000000080700000, 0x0000000080800000, 0x0000000080800000|100%| O|  |TAMS 0x0000000080800000, 0x0000000080700000| Untracked 
|   8|0x0000000080800000, 0x0000000080900000, 0x0000000080900000|100%| O|  |TAMS 0x0000000080900000, 0x0000000080800000| Untracked 
|   9|0x0000000080900000, 0x0000000080a00000, 0x0000000080a00000|100%| O|  |TAMS 0x0000000080a00000, 0x0000000080900000| Untracked 
|  10|0x0000000080a00000, 0x0000000080b00000, 0x0000000080b00000|100%| O|  |TAMS 0x0000000080b00000, 0x0000000080a00000| Untracked 
|  11|0x0000000080b00000, 0x0000000080c00000, 0x0000000080c00000|100%| O|  |TAMS 0x0000000080c00000, 0x0000000080b00000| Untracked 
|  12|0x0000000080c00000, 0x0000000080d00000, 0x0000000080d00000|100%| O|  |TAMS 0x0000000080d00000, 0x0000000080c00000| Untracked 
|  13|0x0000000080d00000, 0x0000000080e00000, 0x0000000080e00000|100%| O|  |TAMS 0x0000000080e00000, 0x0000000080d00000| Untracked 
|  14|0x0000000080e00000, 0x0000000080f00000, 0x0000000080f00000|100%| O|  |TAMS 0x0000000080f00000, 0x0000000080e00000| Untracked 
|  15|0x0000000080f00000, 0x0000000081000000, 0x0000000081000000|100%| O|  |TAMS 0x0000000081000000, 0x0000000080f00000| Untracked 
|  16|0x0000000081000000, 0x0000000081069a00, 0x0000000081100000| 41%| O|  |TAMS 0x0000000081069a00, 0x0000000081000000| Untracked 
|  17|0x0000000081100000, 0x0000000081200000, 0x0000000081200000|100%|HS|  |TAMS 0x0000000081100000, 0x0000000081100000| Complete 
|  18|0x0000000081200000, 0x0000000081300000, 0x0000000081300000|100%|HS|  |TAMS 0x0000000081200000, 0x0000000081200000| Complete 
|  19|0x0000000081300000, 0x0000000081400000, 0x0000000081400000|100%|HC|  |TAMS 0x0000000081300000, 0x0000000081300000| Complete 
|  20|0x0000000081400000, 0x0000000081500000, 0x0000000081500000|100%|HS|  |TAMS 0x0000000081400000, 0x0000000081400000| Complete 
|  21|0x0000000081500000, 0x0000000081500000, 0x0000000081600000|  0%| F|  |TAMS 0x0000000081500000, 0x0000000081500000| Untracked 
|  22|0x0000000081600000, 0x0000000081600000, 0x0000000081700000|  0%| F|  |TAMS 0x0000000081600000, 0x0000000081600000| Untracked 
|  23|0x0000000081700000, 0x0000000081700000, 0x0000000081800000|  0%| F|  |TAMS 0x0000000081700000, 0x0000000081700000| Untracked 
|  24|0x0000000081800000, 0x0000000081800000, 0x0000000081900000|  0%| F|  |TAMS 0x0000000081800000, 0x0000000081800000| Untracked 
|  25|0x0000000081900000, 0x0000000081900000, 0x0000000081a00000|  0%| F|  |TAMS 0x0000000081900000, 0x0000000081900000| Untracked 
|  26|0x0000000081a00000, 0x0000000081a00000, 0x0000000081b00000|  0%| F|  |TAMS 0x0000000081a00000, 0x0000000081a00000| Untracked 
|  27|0x0000000081b00000, 0x0000000081b00000, 0x0000000081c00000|  0%| F|  |TAMS 0x0000000081b00000, 0x0000000081b00000| Untracked 
|  28|0x0000000081c00000, 0x0000000081c00000, 0x0000000081d00000|  0%| F|  |TAMS 0x0000000081c00000, 0x0000000081c00000| Untracked 
|  29|0x0000000081d00000, 0x0000000081d00000, 0x0000000081e00000|  0%| F|  |TAMS 0x0000000081d00000, 0x0000000081d00000| Untracked 
|  30|0x0000000081e00000, 0x0000000081e00000, 0x0000000081f00000|  0%| F|  |TAMS 0x0000000081e00000, 0x0000000081e00000| Untracked 
|  31|0x0000000081f00000, 0x0000000081f00000, 0x0000000082000000|  0%| F|  |TAMS 0x0000000081f00000, 0x0000000081f00000| Untracked 
|  32|0x0000000082000000, 0x0000000082000000, 0x0000000082100000|  0%| F|  |TAMS 0x0000000082000000, 0x0000000082000000| Untracked 
|  33|0x0000000082100000, 0x0000000082100000, 0x0000000082200000|  0%| F|  |TAMS 0x0000000082100000, 0x0000000082100000| Untracked 
|  34|0x0000000082200000, 0x0000000082200000, 0x0000000082300000|  0%| F|  |TAMS 0x0000000082200000, 0x0000000082200000| Untracked 
|  35|0x0000000082300000, 0x0000000082300000, 0x0000000082400000|  0%| F|  |TAMS 0x0000000082300000, 0x0000000082300000| Untracked 
|  36|0x0000000082400000, 0x0000000082400000, 0x0000000082500000|  0%| F|  |TAMS 0x0000000082400000, 0x0000000082400000| Untracked 
|  37|0x0000000082500000, 0x0000000082500000, 0x0000000082600000|  0%| F|  |TAMS 0x0000000082500000, 0x0000000082500000| Untracked 
|  38|0x0000000082600000, 0x0000000082600000, 0x0000000082700000|  0%| F|  |TAMS 0x0000000082600000, 0x0000000082600000| Untracked 
|  39|0x0000000082700000, 0x0000000082700000, 0x0000000082800000|  0%| F|  |TAMS 0x0000000082700000, 0x0000000082700000| Untracked 
|  40|0x0000000082800000, 0x0000000082800000, 0x0000000082900000|  0%| F|  |TAMS 0x0000000082800000, 0x0000000082800000| Untracked 
|  41|0x0000000082900000, 0x0000000082900000, 0x0000000082a00000|  0%| F|  |TAMS 0x0000000082900000, 0x0000000082900000| Untracked 
|  42|0x0000000082a00000, 0x0000000082a00000, 0x0000000082b00000|  0%| F|  |TAMS 0x0000000082a00000, 0x0000000082a00000| Untracked 
|  43|0x0000000082b00000, 0x0000000082b00000, 0x0000000082c00000|  0%| F|  |TAMS 0x0000000082b00000, 0x0000000082b00000| Untracked 
|  44|0x0000000082c00000, 0x0000000082c00000, 0x0000000082d00000|  0%| F|  |TAMS 0x0000000082c00000, 0x0000000082c00000| Untracked 
|  45|0x0000000082d00000, 0x0000000082d00000, 0x0000000082e00000|  0%| F|  |TAMS 0x0000000082d00000, 0x0000000082d00000| Untracked 
|  46|0x0000000082e00000, 0x0000000082e00000, 0x0000000082f00000|  0%| F|  |TAMS 0x0000000082e00000, 0x0000000082e00000| Untracked 
|  47|0x0000000082f00000, 0x0000000082f00000, 0x0000000083000000|  0%| F|  |TAMS 0x0000000082f00000, 0x0000000082f00000| Untracked 
|  48|0x0000000083000000, 0x0000000083000000, 0x0000000083100000|  0%| F|  |TAMS 0x0000000083000000, 0x0000000083000000| Untracked 
|  49|0x0000000083100000, 0x0000000083100000, 0x0000000083200000|  0%| F|  |TAMS 0x0000000083100000, 0x0000000083100000| Untracked 
|  50|0x0000000083200000, 0x0000000083200000, 0x0000000083300000|  0%| F|  |TAMS 0x0000000083200000, 0x0000000083200000| Untracked 
|  51|0x0000000083300000, 0x0000000083300000, 0x0000000083400000|  0%| F|  |TAMS 0x0000000083300000, 0x0000000083300000| Untracked 
|  52|0x0000000083400000, 0x0000000083400000, 0x0000000083500000|  0%| F|  |TAMS 0x0000000083400000, 0x0000000083400000| Untracked 
|  53|0x0000000083500000, 0x0000000083500000, 0x0000000083600000|  0%| F|  |TAMS 0x0000000083500000, 0x0000000083500000| Untracked 
|  54|0x0000000083600000, 0x0000000083600000, 0x0000000083700000|  0%| F|  |TAMS 0x0000000083600000, 0x0000000083600000| Untracked 
|  55|0x0000000083700000, 0x0000000083700000, 0x0000000083800000|  0%| F|  |TAMS 0x0000000083700000, 0x0000000083700000| Untracked 
|  56|0x0000000083800000, 0x0000000083800000, 0x0000000083900000|  0%| F|  |TAMS 0x0000000083800000, 0x0000000083800000| Untracked 
|  57|0x0000000083900000, 0x0000000083900000, 0x0000000083a00000|  0%| F|  |TAMS 0x0000000083900000, 0x0000000083900000| Untracked 
|  58|0x0000000083a00000, 0x0000000083a00000, 0x0000000083b00000|  0%| F|  |TAMS 0x0000000083a00000, 0x0000000083a00000| Untracked 
|  59|0x0000000083b00000, 0x0000000083b00000, 0x0000000083c00000|  0%| F|  |TAMS 0x0000000083b00000, 0x0000000083b00000| Untracked 
|  60|0x0000000083c00000, 0x0000000083c00000, 0x0000000083d00000|  0%| F|  |TAMS 0x0000000083c00000, 0x0000000083c00000| Untracked 
|  61|0x0000000083d00000, 0x0000000083d00000, 0x0000000083e00000|  0%| F|  |TAMS 0x0000000083d00000, 0x0000000083d00000| Untracked 
|  62|0x0000000083e00000, 0x0000000083e00000, 0x0000000083f00000|  0%| F|  |TAMS 0x0000000083e00000, 0x0000000083e00000| Untracked 
|  63|0x0000000083f00000, 0x0000000083f00000, 0x0000000084000000|  0%| F|  |TAMS 0x0000000083f00000, 0x0000000083f00000| Untracked 
|  64|0x0000000084000000, 0x0000000084000000, 0x0000000084100000|  0%| F|  |TAMS 0x0000000084000000, 0x0000000084000000| Untracked 
|  65|0x0000000084100000, 0x0000000084100000, 0x0000000084200000|  0%| F|  |TAMS 0x0000000084100000, 0x0000000084100000| Untracked 
|  66|0x0000000084200000, 0x0000000084200000, 0x0000000084300000|  0%| F|  |TAMS 0x0000000084200000, 0x0000000084200000| Untracked 
|  67|0x0000000084300000, 0x0000000084300000, 0x0000000084400000|  0%| F|  |TAMS 0x0000000084300000, 0x0000000084300000| Untracked 
|  68|0x0000000084400000, 0x0000000084400000, 0x0000000084500000|  0%| F|  |TAMS 0x0000000084400000, 0x0000000084400000| Untracked 
|  69|0x0000000084500000, 0x0000000084500000, 0x0000000084600000|  0%| F|  |TAMS 0x0000000084500000, 0x0000000084500000| Untracked 
|  70|0x0000000084600000, 0x0000000084600000, 0x0000000084700000|  0%| F|  |TAMS 0x0000000084600000, 0x0000000084600000| Untracked 
|  71|0x0000000084700000, 0x0000000084700000, 0x0000000084800000|  0%| F|  |TAMS 0x0000000084700000, 0x0000000084700000| Untracked 
|  72|0x0000000084800000, 0x0000000084800000, 0x0000000084900000|  0%| F|  |TAMS 0x0000000084800000, 0x0000000084800000| Untracked 
|  73|0x0000000084900000, 0x0000000084900000, 0x0000000084a00000|  0%| F|  |TAMS 0x0000000084900000, 0x0000000084900000| Untracked 
|  74|0x0000000084a00000, 0x0000000084a00000, 0x0000000084b00000|  0%| F|  |TAMS 0x0000000084a00000, 0x0000000084a00000| Untracked 
|  75|0x0000000084b00000, 0x0000000084b00000, 0x0000000084c00000|  0%| F|  |TAMS 0x0000000084b00000, 0x0000000084b00000| Untracked 
|  76|0x0000000084c00000, 0x0000000084c00000, 0x0000000084d00000|  0%| F|  |TAMS 0x0000000084c00000, 0x0000000084c00000| Untracked 
|  77|0x0000000084d00000, 0x0000000084d00000, 0x0000000084e00000|  0%| F|  |TAMS 0x0000000084d00000, 0x0000000084d00000| Untracked 
|  78|0x0000000084e00000, 0x0000000084e00000, 0x0000000084f00000|  0%| F|  |TAMS 0x0000000084e00000, 0x0000000084e00000| Untracked 
|  79|0x0000000084f00000, 0x0000000084f00000, 0x0000000085000000|  0%| F|  |TAMS 0x0000000084f00000, 0x0000000084f00000| Untracked 
|  80|0x0000000085000000, 0x0000000085000000, 0x0000000085100000|  0%| F|  |TAMS 0x0000000085000000, 0x0000000085000000| Untracked 
|  81|0x0000000085100000, 0x0000000085100000, 0x0000000085200000|  0%| F|  |TAMS 0x0000000085100000, 0x0000000085100000| Untracked 
|  82|0x0000000085200000, 0x0000000085200000, 0x0000000085300000|  0%| F|  |TAMS 0x0000000085200000, 0x0000000085200000| Untracked 
|  83|0x0000000085300000, 0x0000000085300000, 0x0000000085400000|  0%| F|  |TAMS 0x0000000085300000, 0x0000000085300000| Untracked 
|  84|0x0000000085400000, 0x0000000085400000, 0x0000000085500000|  0%| F|  |TAMS 0x0000000085400000, 0x0000000085400000| Untracked 
|  85|0x0000000085500000, 0x0000000085500000, 0x0000000085600000|  0%| F|  |TAMS 0x0000000085500000, 0x0000000085500000| Untracked 
|  86|0x0000000085600000, 0x0000000085600000, 0x0000000085700000|  0%| F|  |TAMS 0x0000000085600000, 0x0000000085600000| Untracked 
|  87|0x0000000085700000, 0x0000000085700000, 0x0000000085800000|  0%| F|  |TAMS 0x0000000085700000, 0x0000000085700000| Untracked 
|  88|0x0000000085800000, 0x0000000085800000, 0x0000000085900000|  0%| F|  |TAMS 0x0000000085800000, 0x0000000085800000| Untracked 
|  89|0x0000000085900000, 0x0000000085900000, 0x0000000085a00000|  0%| F|  |TAMS 0x0000000085900000, 0x0000000085900000| Untracked 
|  90|0x0000000085a00000, 0x0000000085a00000, 0x0000000085b00000|  0%| F|  |TAMS 0x0000000085a00000, 0x0000000085a00000| Untracked 
|  91|0x0000000085b00000, 0x0000000085b00000, 0x0000000085c00000|  0%| F|  |TAMS 0x0000000085b00000, 0x0000000085b00000| Untracked 
|  92|0x0000000085c00000, 0x0000000085c00000, 0x0000000085d00000|  0%| F|  |TAMS 0x0000000085c00000, 0x0000000085c00000| Untracked 
|  93|0x0000000085d00000, 0x0000000085d00000, 0x0000000085e00000|  0%| F|  |TAMS 0x0000000085d00000, 0x0000000085d00000| Untracked 
|  94|0x0000000085e00000, 0x0000000085e00000, 0x0000000085f00000|  0%| F|  |TAMS 0x0000000085e00000, 0x0000000085e00000| Untracked 
|  95|0x0000000085f00000, 0x0000000085f00000, 0x0000000086000000|  0%| F|  |TAMS 0x0000000085f00000, 0x0000000085f00000| Untracked 
|  96|0x0000000086000000, 0x0000000086000000, 0x0000000086100000|  0%| F|  |TAMS 0x0000000086000000, 0x0000000086000000| Untracked 
|  97|0x0000000086100000, 0x0000000086100000, 0x0000000086200000|  0%| F|  |TAMS 0x0000000086100000, 0x0000000086100000| Untracked 
|  98|0x0000000086200000, 0x0000000086200000, 0x0000000086300000|  0%| F|  |TAMS 0x0000000086200000, 0x0000000086200000| Untracked 
|  99|0x0000000086300000, 0x0000000086300000, 0x0000000086400000|  0%| F|  |TAMS 0x0000000086300000, 0x0000000086300000| Untracked 
| 100|0x0000000086400000, 0x0000000086400000, 0x0000000086500000|  0%| F|  |TAMS 0x0000000086400000, 0x0000000086400000| Untracked 
| 101|0x0000000086500000, 0x0000000086500000, 0x0000000086600000|  0%| F|  |TAMS 0x0000000086500000, 0x0000000086500000| Untracked 
| 102|0x0000000086600000, 0x0000000086600000, 0x0000000086700000|  0%| F|  |TAMS 0x0000000086600000, 0x0000000086600000| Untracked 
| 103|0x0000000086700000, 0x0000000086700000, 0x0000000086800000|  0%| F|  |TAMS 0x0000000086700000, 0x0000000086700000| Untracked 
| 104|0x0000000086800000, 0x0000000086800000, 0x0000000086900000|  0%| F|  |TAMS 0x0000000086800000, 0x0000000086800000| Untracked 
| 105|0x0000000086900000, 0x0000000086900000, 0x0000000086a00000|  0%| F|  |TAMS 0x0000000086900000, 0x0000000086900000| Untracked 
| 106|0x0000000086a00000, 0x0000000086a00000, 0x0000000086b00000|  0%| F|  |TAMS 0x0000000086a00000, 0x0000000086a00000| Untracked 
| 107|0x0000000086b00000, 0x0000000086b00000, 0x0000000086c00000|  0%| F|  |TAMS 0x0000000086b00000, 0x0000000086b00000| Untracked 
| 108|0x0000000086c00000, 0x0000000086c00000, 0x0000000086d00000|  0%| F|  |TAMS 0x0000000086c00000, 0x0000000086c00000| Untracked 
| 109|0x0000000086d00000, 0x0000000086d00000, 0x0000000086e00000|  0%| F|  |TAMS 0x0000000086d00000, 0x0000000086d00000| Untracked 
| 110|0x0000000086e00000, 0x0000000086e00000, 0x0000000086f00000|  0%| F|  |TAMS 0x0000000086e00000, 0x0000000086e00000| Untracked 
| 111|0x0000000086f00000, 0x0000000086f00000, 0x0000000087000000|  0%| F|  |TAMS 0x0000000086f00000, 0x0000000086f00000| Untracked 
| 112|0x0000000087000000, 0x0000000087000000, 0x0000000087100000|  0%| F|  |TAMS 0x0000000087000000, 0x0000000087000000| Untracked 
| 113|0x0000000087100000, 0x0000000087100000, 0x0000000087200000|  0%| F|  |TAMS 0x0000000087100000, 0x0000000087100000| Untracked 
| 114|0x0000000087200000, 0x0000000087200000, 0x0000000087300000|  0%| F|  |TAMS 0x0000000087200000, 0x0000000087200000| Untracked 
| 115|0x0000000087300000, 0x0000000087300000, 0x0000000087400000|  0%| F|  |TAMS 0x0000000087300000, 0x0000000087300000| Untracked 
| 116|0x0000000087400000, 0x0000000087400000, 0x0000000087500000|  0%| F|  |TAMS 0x0000000087400000, 0x0000000087400000| Untracked 
| 117|0x0000000087500000, 0x0000000087500000, 0x0000000087600000|  0%| F|  |TAMS 0x0000000087500000, 0x0000000087500000| Untracked 
| 118|0x0000000087600000, 0x0000000087600000, 0x0000000087700000|  0%| F|  |TAMS 0x0000000087600000, 0x0000000087600000| Untracked 
| 119|0x0000000087700000, 0x0000000087700000, 0x0000000087800000|  0%| F|  |TAMS 0x0000000087700000, 0x0000000087700000| Untracked 
| 120|0x0000000087800000, 0x0000000087800000, 0x0000000087900000|  0%| F|  |TAMS 0x0000000087800000, 0x0000000087800000| Untracked 
| 121|0x0000000087900000, 0x0000000087900000, 0x0000000087a00000|  0%| F|  |TAMS 0x0000000087900000, 0x0000000087900000| Untracked 
| 122|0x0000000087a00000, 0x0000000087a00000, 0x0000000087b00000|  0%| F|  |TAMS 0x0000000087a00000, 0x0000000087a00000| Untracked 
| 123|0x0000000087b00000, 0x0000000087b00000, 0x0000000087c00000|  0%| F|  |TAMS 0x0000000087b00000, 0x0000000087b00000| Untracked 
| 124|0x0000000087c00000, 0x0000000087c00000, 0x0000000087d00000|  0%| F|  |TAMS 0x0000000087c00000, 0x0000000087c00000| Untracked 
| 125|0x0000000087d00000, 0x0000000087d00000, 0x0000000087e00000|  0%| F|  |TAMS 0x0000000087d00000, 0x0000000087d00000| Untracked 
| 126|0x0000000087e00000, 0x0000000087e00000, 0x0000000087f00000|  0%| F|  |TAMS 0x0000000087e00000, 0x0000000087e00000| Untracked 
| 127|0x0000000087f00000, 0x0000000087f84918, 0x0000000088000000| 51%| E|  |TAMS 0x0000000087f00000, 0x0000000087f00000| Complete 
| 128|0x0000000088000000, 0x0000000088100000, 0x0000000088100000|100%| E|CS|TAMS 0x0000000088000000, 0x0000000088000000| Complete 
| 129|0x0000000088100000, 0x0000000088200000, 0x0000000088200000|100%| E|CS|TAMS 0x0000000088100000, 0x0000000088100000| Complete 
| 130|0x0000000088200000, 0x0000000088300000, 0x0000000088300000|100%| E|CS|TAMS 0x0000000088200000, 0x0000000088200000| Complete 
| 131|0x0000000088300000, 0x0000000088400000, 0x0000000088400000|100%| E|CS|TAMS 0x0000000088300000, 0x0000000088300000| Complete 
| 132|0x0000000088400000, 0x0000000088500000, 0x0000000088500000|100%| E|CS|TAMS 0x0000000088400000, 0x0000000088400000| Complete 
| 133|0x0000000088500000, 0x0000000088600000, 0x0000000088600000|100%| E|CS|TAMS 0x0000000088500000, 0x0000000088500000| Complete 
| 134|0x0000000088600000, 0x0000000088700000, 0x0000000088700000|100%| E|CS|TAMS 0x0000000088600000, 0x0000000088600000| Complete 
| 135|0x0000000088700000, 0x0000000088800000, 0x0000000088800000|100%| E|CS|TAMS 0x0000000088700000, 0x0000000088700000| Complete 
| 136|0x0000000088800000, 0x0000000088900000, 0x0000000088900000|100%| E|CS|TAMS 0x0000000088800000, 0x0000000088800000| Complete 
| 137|0x0000000088900000, 0x0000000088a00000, 0x0000000088a00000|100%| E|CS|TAMS 0x0000000088900000, 0x0000000088900000| Complete 
| 138|0x0000000088a00000, 0x0000000088b00000, 0x0000000088b00000|100%| E|CS|TAMS 0x0000000088a00000, 0x0000000088a00000| Complete 
| 139|0x0000000088b00000, 0x0000000088c00000, 0x0000000088c00000|100%| E|CS|TAMS 0x0000000088b00000, 0x0000000088b00000| Complete 
| 140|0x0000000088c00000, 0x0000000088d00000, 0x0000000088d00000|100%| E|CS|TAMS 0x0000000088c00000, 0x0000000088c00000| Complete 
| 141|0x0000000088d00000, 0x0000000088e00000, 0x0000000088e00000|100%| E|CS|TAMS 0x0000000088d00000, 0x0000000088d00000| Complete 
| 142|0x0000000088e00000, 0x0000000088f00000, 0x0000000088f00000|100%| E|CS|TAMS 0x0000000088e00000, 0x0000000088e00000| Complete 
| 143|0x0000000088f00000, 0x0000000089000000, 0x0000000089000000|100%| E|CS|TAMS 0x0000000088f00000, 0x0000000088f00000| Complete 
| 144|0x0000000089000000, 0x0000000089100000, 0x0000000089100000|100%| E|CS|TAMS 0x0000000089000000, 0x0000000089000000| Complete 
| 145|0x0000000089100000, 0x0000000089200000, 0x0000000089200000|100%| E|CS|TAMS 0x0000000089100000, 0x0000000089100000| Complete 
| 146|0x0000000089200000, 0x0000000089300000, 0x0000000089300000|100%| E|CS|TAMS 0x0000000089200000, 0x0000000089200000| Complete 
| 147|0x0000000089300000, 0x0000000089400000, 0x0000000089400000|100%| E|CS|TAMS 0x0000000089300000, 0x0000000089300000| Complete 
| 148|0x0000000089400000, 0x0000000089500000, 0x0000000089500000|100%| E|CS|TAMS 0x0000000089400000, 0x0000000089400000| Complete 
| 149|0x0000000089500000, 0x0000000089600000, 0x0000000089600000|100%| E|CS|TAMS 0x0000000089500000, 0x0000000089500000| Complete 
| 150|0x0000000089600000, 0x0000000089700000, 0x0000000089700000|100%| E|CS|TAMS 0x0000000089600000, 0x0000000089600000| Complete 
| 151|0x0000000089700000, 0x0000000089800000, 0x0000000089800000|100%| E|CS|TAMS 0x0000000089700000, 0x0000000089700000| Complete 
| 152|0x0000000089800000, 0x0000000089900000, 0x0000000089900000|100%| E|CS|TAMS 0x0000000089800000, 0x0000000089800000| Complete 
| 153|0x0000000089900000, 0x0000000089a00000, 0x0000000089a00000|100%| E|CS|TAMS 0x0000000089900000, 0x0000000089900000| Complete 
| 154|0x0000000089a00000, 0x0000000089b00000, 0x0000000089b00000|100%| E|CS|TAMS 0x0000000089a00000, 0x0000000089a00000| Complete 
| 155|0x0000000089b00000, 0x0000000089c00000, 0x0000000089c00000|100%| E|CS|TAMS 0x0000000089b00000, 0x0000000089b00000| Complete 
| 156|0x0000000089c00000, 0x0000000089d00000, 0x0000000089d00000|100%| E|CS|TAMS 0x0000000089c00000, 0x0000000089c00000| Complete 
| 157|0x0000000089d00000, 0x0000000089e00000, 0x0000000089e00000|100%| E|CS|TAMS 0x0000000089d00000, 0x0000000089d00000| Complete 
| 158|0x0000000089e00000, 0x0000000089f00000, 0x0000000089f00000|100%| E|CS|TAMS 0x0000000089e00000, 0x0000000089e00000| Complete 
| 159|0x0000000089f00000, 0x000000008a000000, 0x000000008a000000|100%| E|CS|TAMS 0x0000000089f00000, 0x0000000089f00000| Complete 
| 160|0x000000008a000000, 0x000000008a100000, 0x000000008a100000|100%| E|CS|TAMS 0x000000008a000000, 0x000000008a000000| Complete 
| 161|0x000000008a100000, 0x000000008a200000, 0x000000008a200000|100%| E|CS|TAMS 0x000000008a100000, 0x000000008a100000| Complete 
| 162|0x000000008a200000, 0x000000008a300000, 0x000000008a300000|100%| E|CS|TAMS 0x000000008a200000, 0x000000008a200000| Complete 
| 163|0x000000008a300000, 0x000000008a400000, 0x000000008a400000|100%| E|CS|TAMS 0x000000008a300000, 0x000000008a300000| Complete 
| 164|0x000000008a400000, 0x000000008a500000, 0x000000008a500000|100%| E|CS|TAMS 0x000000008a400000, 0x000000008a400000| Complete 
| 165|0x000000008a500000, 0x000000008a600000, 0x000000008a600000|100%| E|CS|TAMS 0x000000008a500000, 0x000000008a500000| Complete 
| 166|0x000000008a600000, 0x000000008a700000, 0x000000008a700000|100%| E|CS|TAMS 0x000000008a600000, 0x000000008a600000| Complete 
| 167|0x000000008a700000, 0x000000008a800000, 0x000000008a800000|100%| E|CS|TAMS 0x000000008a700000, 0x000000008a700000| Complete 
| 168|0x000000008a800000, 0x000000008a900000, 0x000000008a900000|100%| E|CS|TAMS 0x000000008a800000, 0x000000008a800000| Complete 
| 169|0x000000008a900000, 0x000000008aa00000, 0x000000008aa00000|100%| E|CS|TAMS 0x000000008a900000, 0x000000008a900000| Complete 
| 170|0x000000008aa00000, 0x000000008ab00000, 0x000000008ab00000|100%| E|CS|TAMS 0x000000008aa00000, 0x000000008aa00000| Complete 
| 171|0x000000008ab00000, 0x000000008ac00000, 0x000000008ac00000|100%| E|CS|TAMS 0x000000008ab00000, 0x000000008ab00000| Complete 
| 172|0x000000008ac00000, 0x000000008ad00000, 0x000000008ad00000|100%| E|CS|TAMS 0x000000008ac00000, 0x000000008ac00000| Complete 
| 173|0x000000008ad00000, 0x000000008ae00000, 0x000000008ae00000|100%| E|CS|TAMS 0x000000008ad00000, 0x000000008ad00000| Complete 
| 174|0x000000008ae00000, 0x000000008af00000, 0x000000008af00000|100%| E|CS|TAMS 0x000000008ae00000, 0x000000008ae00000| Complete 
| 175|0x000000008af00000, 0x000000008b000000, 0x000000008b000000|100%| E|CS|TAMS 0x000000008af00000, 0x000000008af00000| Complete 
| 176|0x000000008b000000, 0x000000008b100000, 0x000000008b100000|100%| E|CS|TAMS 0x000000008b000000, 0x000000008b000000| Complete 
| 177|0x000000008b100000, 0x000000008b200000, 0x000000008b200000|100%| E|CS|TAMS 0x000000008b100000, 0x000000008b100000| Complete 
| 178|0x000000008b200000, 0x000000008b300000, 0x000000008b300000|100%| E|CS|TAMS 0x000000008b200000, 0x000000008b200000| Complete 
| 179|0x000000008b300000, 0x000000008b400000, 0x000000008b400000|100%| E|CS|TAMS 0x000000008b300000, 0x000000008b300000| Complete 
| 180|0x000000008b400000, 0x000000008b500000, 0x000000008b500000|100%| E|CS|TAMS 0x000000008b400000, 0x000000008b400000| Complete 
| 181|0x000000008b500000, 0x000000008b600000, 0x000000008b600000|100%| E|CS|TAMS 0x000000008b500000, 0x000000008b500000| Complete 
| 182|0x000000008b600000, 0x000000008b6270e0, 0x000000008b700000| 15%| S|CS|TAMS 0x000000008b600000, 0x000000008b600000| Complete 
| 183|0x000000008b700000, 0x000000008b800000, 0x000000008b800000|100%| S|CS|TAMS 0x000000008b700000, 0x000000008b700000| Complete 
| 184|0x000000008b800000, 0x000000008b900000, 0x000000008b900000|100%| S|CS|TAMS 0x000000008b800000, 0x000000008b800000| Complete 
| 185|0x000000008b900000, 0x000000008ba00000, 0x000000008ba00000|100%| S|CS|TAMS 0x000000008b900000, 0x000000008b900000| Complete 
| 186|0x000000008ba00000, 0x000000008bb00000, 0x000000008bb00000|100%| S|CS|TAMS 0x000000008ba00000, 0x000000008ba00000| Complete 
| 187|0x000000008bb00000, 0x000000008bc00000, 0x000000008bc00000|100%| S|CS|TAMS 0x000000008bb00000, 0x000000008bb00000| Complete 
| 188|0x000000008bc00000, 0x000000008bd00000, 0x000000008bd00000|100%| E|CS|TAMS 0x000000008bc00000, 0x000000008bc00000| Complete 
| 189|0x000000008bd00000, 0x000000008be00000, 0x000000008be00000|100%| E|CS|TAMS 0x000000008bd00000, 0x000000008bd00000| Complete 
| 190|0x000000008be00000, 0x000000008bf00000, 0x000000008bf00000|100%| E|CS|TAMS 0x000000008be00000, 0x000000008be00000| Complete 
| 191|0x000000008bf00000, 0x000000008c000000, 0x000000008c000000|100%| E|CS|TAMS 0x000000008bf00000, 0x000000008bf00000| Complete 
| 192|0x000000008c000000, 0x000000008c100000, 0x000000008c100000|100%| E|CS|TAMS 0x000000008c000000, 0x000000008c000000| Complete 
| 193|0x000000008c100000, 0x000000008c200000, 0x000000008c200000|100%| E|CS|TAMS 0x000000008c100000, 0x000000008c100000| Complete 
| 194|0x000000008c200000, 0x000000008c300000, 0x000000008c300000|100%| E|CS|TAMS 0x000000008c200000, 0x000000008c200000| Complete 
| 195|0x000000008c300000, 0x000000008c400000, 0x000000008c400000|100%| E|CS|TAMS 0x000000008c300000, 0x000000008c300000| Complete 
| 196|0x000000008c400000, 0x000000008c500000, 0x000000008c500000|100%| E|CS|TAMS 0x000000008c400000, 0x000000008c400000| Complete 
| 197|0x000000008c500000, 0x000000008c600000, 0x000000008c600000|100%| E|CS|TAMS 0x000000008c500000, 0x000000008c500000| Complete 
| 198|0x000000008c600000, 0x000000008c700000, 0x000000008c700000|100%| E|CS|TAMS 0x000000008c600000, 0x000000008c600000| Complete 
| 199|0x000000008c700000, 0x000000008c800000, 0x000000008c800000|100%| E|CS|TAMS 0x000000008c700000, 0x000000008c700000| Complete 
| 200|0x000000008c800000, 0x000000008c900000, 0x000000008c900000|100%| E|CS|TAMS 0x000000008c800000, 0x000000008c800000| Complete 
| 201|0x000000008c900000, 0x000000008ca00000, 0x000000008ca00000|100%| E|CS|TAMS 0x000000008c900000, 0x000000008c900000| Complete 
| 202|0x000000008ca00000, 0x000000008cb00000, 0x000000008cb00000|100%| E|CS|TAMS 0x000000008ca00000, 0x000000008ca00000| Complete 
| 203|0x000000008cb00000, 0x000000008cc00000, 0x000000008cc00000|100%| E|CS|TAMS 0x000000008cb00000, 0x000000008cb00000| Complete 
| 204|0x000000008cc00000, 0x000000008cd00000, 0x000000008cd00000|100%| E|CS|TAMS 0x000000008cc00000, 0x000000008cc00000| Complete 
| 205|0x000000008cd00000, 0x000000008ce00000, 0x000000008ce00000|100%| E|CS|TAMS 0x000000008cd00000, 0x000000008cd00000| Complete 
| 206|0x000000008ce00000, 0x000000008cf00000, 0x000000008cf00000|100%| E|CS|TAMS 0x000000008ce00000, 0x000000008ce00000| Complete 
| 207|0x000000008cf00000, 0x000000008d000000, 0x000000008d000000|100%| E|CS|TAMS 0x000000008cf00000, 0x000000008cf00000| Complete 
| 208|0x000000008d000000, 0x000000008d100000, 0x000000008d100000|100%| E|CS|TAMS 0x000000008d000000, 0x000000008d000000| Complete 
| 209|0x000000008d100000, 0x000000008d200000, 0x000000008d200000|100%| E|CS|TAMS 0x000000008d100000, 0x000000008d100000| Complete 
| 210|0x000000008d200000, 0x000000008d300000, 0x000000008d300000|100%| E|CS|TAMS 0x000000008d200000, 0x000000008d200000| Complete 
| 211|0x000000008d300000, 0x000000008d400000, 0x000000008d400000|100%| E|CS|TAMS 0x000000008d300000, 0x000000008d300000| Complete 
| 212|0x000000008d400000, 0x000000008d500000, 0x000000008d500000|100%| E|  |TAMS 0x000000008d400000, 0x000000008d400000| Complete 
| 213|0x000000008d500000, 0x000000008d600000, 0x000000008d600000|100%| E|CS|TAMS 0x000000008d500000, 0x000000008d500000| Complete 
| 214|0x000000008d600000, 0x000000008d700000, 0x000000008d700000|100%| E|CS|TAMS 0x000000008d600000, 0x000000008d600000| Complete 
| 215|0x000000008d700000, 0x000000008d800000, 0x000000008d800000|100%| E|CS|TAMS 0x000000008d700000, 0x000000008d700000| Complete 
| 216|0x000000008d800000, 0x000000008d900000, 0x000000008d900000|100%| E|CS|TAMS 0x000000008d800000, 0x000000008d800000| Complete 
| 217|0x000000008d900000, 0x000000008da00000, 0x000000008da00000|100%| E|CS|TAMS 0x000000008d900000, 0x000000008d900000| Complete 
| 218|0x000000008da00000, 0x000000008db00000, 0x000000008db00000|100%| E|CS|TAMS 0x000000008da00000, 0x000000008da00000| Complete 
| 219|0x000000008db00000, 0x000000008dc00000, 0x000000008dc00000|100%| E|CS|TAMS 0x000000008db00000, 0x000000008db00000| Complete 
| 220|0x000000008dc00000, 0x000000008dd00000, 0x000000008dd00000|100%| E|CS|TAMS 0x000000008dc00000, 0x000000008dc00000| Complete 
| 221|0x000000008dd00000, 0x000000008de00000, 0x000000008de00000|100%| E|CS|TAMS 0x000000008dd00000, 0x000000008dd00000| Complete 
| 222|0x000000008de00000, 0x000000008df00000, 0x000000008df00000|100%| E|CS|TAMS 0x000000008de00000, 0x000000008de00000| Complete 
| 223|0x000000008df00000, 0x000000008e000000, 0x000000008e000000|100%| E|CS|TAMS 0x000000008df00000, 0x000000008df00000| Complete 
| 224|0x000000008e000000, 0x000000008e100000, 0x000000008e100000|100%| E|CS|TAMS 0x000000008e000000, 0x000000008e000000| Complete 
| 225|0x000000008e100000, 0x000000008e200000, 0x000000008e200000|100%| E|CS|TAMS 0x000000008e100000, 0x000000008e100000| Complete 
| 226|0x000000008e200000, 0x000000008e300000, 0x000000008e300000|100%| E|CS|TAMS 0x000000008e200000, 0x000000008e200000| Complete 
| 227|0x000000008e300000, 0x000000008e400000, 0x000000008e400000|100%| E|CS|TAMS 0x000000008e300000, 0x000000008e300000| Complete 
| 228|0x000000008e400000, 0x000000008e500000, 0x000000008e500000|100%| E|CS|TAMS 0x000000008e400000, 0x000000008e400000| Complete 
| 229|0x000000008e500000, 0x000000008e600000, 0x000000008e600000|100%| E|CS|TAMS 0x000000008e500000, 0x000000008e500000| Complete 
| 230|0x000000008e600000, 0x000000008e700000, 0x000000008e700000|100%| E|CS|TAMS 0x000000008e600000, 0x000000008e600000| Complete 
| 231|0x000000008e700000, 0x000000008e800000, 0x000000008e800000|100%| E|CS|TAMS 0x000000008e700000, 0x000000008e700000| Complete 
| 232|0x000000008e800000, 0x000000008e900000, 0x000000008e900000|100%| E|CS|TAMS 0x000000008e800000, 0x000000008e800000| Complete 
| 233|0x000000008e900000, 0x000000008ea00000, 0x000000008ea00000|100%| E|CS|TAMS 0x000000008e900000, 0x000000008e900000| Complete 
| 234|0x000000008ea00000, 0x000000008eb00000, 0x000000008eb00000|100%| E|CS|TAMS 0x000000008ea00000, 0x000000008ea00000| Complete 
| 235|0x000000008eb00000, 0x000000008ec00000, 0x000000008ec00000|100%| E|CS|TAMS 0x000000008eb00000, 0x000000008eb00000| Complete 
| 236|0x000000008ec00000, 0x000000008ed00000, 0x000000008ed00000|100%| E|CS|TAMS 0x000000008ec00000, 0x000000008ec00000| Complete 
| 237|0x000000008ed00000, 0x000000008ee00000, 0x000000008ee00000|100%| E|CS|TAMS 0x000000008ed00000, 0x000000008ed00000| Complete 
| 238|0x000000008ee00000, 0x000000008ef00000, 0x000000008ef00000|100%| E|CS|TAMS 0x000000008ee00000, 0x000000008ee00000| Complete 
| 239|0x000000008ef00000, 0x000000008f000000, 0x000000008f000000|100%| E|CS|TAMS 0x000000008ef00000, 0x000000008ef00000| Complete 
| 240|0x000000008f000000, 0x000000008f100000, 0x000000008f100000|100%| E|CS|TAMS 0x000000008f000000, 0x000000008f000000| Complete 
| 241|0x000000008f100000, 0x000000008f200000, 0x000000008f200000|100%| E|CS|TAMS 0x000000008f100000, 0x000000008f100000| Complete 
| 242|0x000000008f200000, 0x000000008f300000, 0x000000008f300000|100%| E|CS|TAMS 0x000000008f200000, 0x000000008f200000| Complete 
| 243|0x000000008f300000, 0x000000008f400000, 0x000000008f400000|100%| E|CS|TAMS 0x000000008f300000, 0x000000008f300000| Complete 
| 244|0x000000008f400000, 0x000000008f500000, 0x000000008f500000|100%| E|CS|TAMS 0x000000008f400000, 0x000000008f400000| Complete 
| 245|0x000000008f500000, 0x000000008f600000, 0x000000008f600000|100%| E|CS|TAMS 0x000000008f500000, 0x000000008f500000| Complete 
| 246|0x000000008f600000, 0x000000008f700000, 0x000000008f700000|100%| E|CS|TAMS 0x000000008f600000, 0x000000008f600000| Complete 
| 247|0x000000008f700000, 0x000000008f800000, 0x000000008f800000|100%| E|CS|TAMS 0x000000008f700000, 0x000000008f700000| Complete 
| 248|0x000000008f800000, 0x000000008f900000, 0x000000008f900000|100%| E|CS|TAMS 0x000000008f800000, 0x000000008f800000| Complete 
| 249|0x000000008f900000, 0x000000008fa00000, 0x000000008fa00000|100%| E|CS|TAMS 0x000000008f900000, 0x000000008f900000| Complete 
| 250|0x000000008fa00000, 0x000000008fb00000, 0x000000008fb00000|100%| E|CS|TAMS 0x000000008fa00000, 0x000000008fa00000| Complete 
| 251|0x000000008fb00000, 0x000000008fc00000, 0x000000008fc00000|100%| E|CS|TAMS 0x000000008fb00000, 0x000000008fb00000| Complete 
| 252|0x000000008fc00000, 0x000000008fd00000, 0x000000008fd00000|100%| E|CS|TAMS 0x000000008fc00000, 0x000000008fc00000| Complete 
| 253|0x000000008fd00000, 0x000000008fe00000, 0x000000008fe00000|100%| E|CS|TAMS 0x000000008fd00000, 0x000000008fd00000| Complete 

Card table byte_map: [0x0000020cbd4a0000,0x0000020cbd8a0000] _byte_map_base: 0x0000020cbd0a0000

Marking Bits (Prev, Next): (CMBitMap*) 0x0000020cc1d70958, (CMBitMap*) 0x0000020cc1d70990
 Prev Bits: [0x0000020cbdca0000, 0x0000020cbfca0000)
 Next Bits: [0x0000020cbfca0000, 0x0000020cc1ca0000)

Polling page: 0x0000020ca7730000

Metaspace:

Usage:
  Non-class:     39.15 MB capacity,    38.39 MB ( 98%) used,   677.11 KB (  2%) free+waste,   106.25 KB ( <1%) overhead. 
      Class:      6.02 MB capacity,     5.62 MB ( 93%) used,   360.69 KB (  6%) free+waste,    50.88 KB ( <1%) overhead. 
       Both:     45.18 MB capacity,    44.01 MB ( 97%) used,     1.01 MB (  2%) free+waste,   157.13 KB ( <1%) overhead. 

Virtual space:
  Non-class space:       40.00 MB reserved,      39.37 MB ( 98%) committed 
      Class space:        1.00 GB reserved,       6.13 MB ( <1%) committed 
             Both:        1.04 GB reserved,      45.50 MB (  4%) committed 

Chunk freelists:
   Non-Class:  30.00 KB
       Class:  9.00 KB
        Both:  39.00 KB

MaxMetaspaceSize: 17179869184.00 GB
CompressedClassSpaceSize: 1.00 GB
Initial GC threshold: 20.80 MB
Current GC threshold: 58.54 MB
CDS: off

CodeHeap 'non-profiled nmethods': size=119168Kb used=2431Kb max_used=2431Kb free=116736Kb
 bounds [0x0000020cb4c70000, 0x0000020cb4ee0000, 0x0000020cbc0d0000]
CodeHeap 'profiled nmethods': size=119168Kb used=9321Kb max_used=9321Kb free=109846Kb
 bounds [0x0000020cad810000, 0x0000020cae130000, 0x0000020cb4c70000]
CodeHeap 'non-nmethods': size=7424Kb used=3972Kb max_used=4051Kb free=3451Kb
 bounds [0x0000020cad0d0000, 0x0000020cad4d0000, 0x0000020cad810000]
 total_blobs=4995 nmethods=4220 adapters=684
 compilation: enabled
              stopped_count=0, restarted_count=0
 full_count=0

Compilation events (20 events):
Event: 4.618 Thread 0x0000020cc72a0800 4206       3       java.util.concurrent.locks.AbstractQueuedSynchronizer$Node::compareAndSetWaitStatus (10 bytes)
Event: 4.618 Thread 0x0000020cc72a0800 nmethod 4206 0x0000020cae11b310 code [0x0000020cae11b520, 0x0000020cae11ba98]
Event: 4.620 Thread 0x0000020cc5c7a000 4207       1       org.gradle.internal.instantiation.generator.AbstractClassGenerator$GeneratedClassImpl::getConstructors (5 bytes)
Event: 4.620 Thread 0x0000020cc919b800 4208       1       jdk.internal.reflect.ClassFileAssembler::getStack (5 bytes)
Event: 4.620 Thread 0x0000020cc5c7a000 nmethod 4207 0x0000020cb4eced10 code [0x0000020cb4eceec0, 0x0000020cb4ecef78]
Event: 4.621 Thread 0x0000020cc919b800 nmethod 4208 0x0000020cb4ecf010 code [0x0000020cb4ecf1c0, 0x0000020cb4ecf278]
Event: 4.621 Thread 0x0000020cc5a38000 4209       1       org.gradle.internal.instantiation.generator.DefaultInstantiationScheme::instantiator (5 bytes)
Event: 4.621 Thread 0x0000020cc5a38000 nmethod 4209 0x0000020cb4ecf310 code [0x0000020cb4ecf4c0, 0x0000020cb4ecf578]
Event: 4.621 Thread 0x0000020cc5a38000 4210       3       java.util.Collections$SingletonList::iterator (8 bytes)
Event: 4.621 Thread 0x0000020cc72a0800 4211       1       com.google.common.cache.LocalCache$StrongEntry::getKey (5 bytes)
Event: 4.621 Thread 0x0000020cc72a0800 nmethod 4211 0x0000020cb4ecf610 code [0x0000020cb4ecf7c0, 0x0000020cb4ecf878]
Event: 4.621 Thread 0x0000020cc5a38000 nmethod 4210 0x0000020cae11bd10 code [0x0000020cae11bee0, 0x0000020cae11c1b8]
Event: 4.628 Thread 0x0000020cc5c7a000 4212       3       java.util.concurrent.locks.ReentrantLock::tryLock (9 bytes)
Event: 4.628 Thread 0x0000020cc5c7a000 nmethod 4212 0x0000020cae11c310 code [0x0000020cae11c4c0, 0x0000020cae11c608]
Event: 4.629 Thread 0x0000020cc919b800 4213       3       java.lang.invoke.MethodHandles$Lookup::restrictProtectedReceiver (51 bytes)
Event: 4.629 Thread 0x0000020cc72a0800 4214       1       java.util.ArrayList$ArrayListSpliterator::characteristics (4 bytes)
Event: 4.629 Thread 0x0000020cc72a0800 nmethod 4214 0x0000020cb4ecf910 code [0x0000020cb4ecfac0, 0x0000020cb4ecfb78]
Event: 4.630 Thread 0x0000020cc5a38000 4215       3       org.gradle.internal.service.DefaultServiceRegistry::isSatisfiedBy (61 bytes)
Event: 4.630 Thread 0x0000020cc919b800 nmethod 4213 0x0000020cae11c710 code [0x0000020cae11c9c0, 0x0000020cae11d528]
Event: 4.630 Thread 0x0000020cc5a38000 nmethod 4215 0x0000020cae11d890 code [0x0000020cae11dac0, 0x0000020cae11e438]

GC Heap History (8 events):
Event: 0.668 GC heap before
{Heap before GC invocations=0 (full 0):
 garbage-first heap   total 260096K, used 29696K [0x0000000080000000, 0x0000000100000000)
  region size 1024K, 24 young (24576K), 0 survivors (0K)
 Metaspace       used 10203K, capacity 10391K, committed 10624K, reserved 1058816K
  class space    used 1058K, capacity 1106K, committed 1152K, reserved 1048576K
}
Event: 0.673 GC heap after
{Heap after GC invocations=1 (full 0):
 garbage-first heap   total 260096K, used 9379K [0x0000000080000000, 0x0000000100000000)
  region size 1024K, 3 young (3072K), 3 survivors (3072K)
 Metaspace       used 10203K, capacity 10391K, committed 10624K, reserved 1058816K
  class space    used 1058K, capacity 1106K, committed 1152K, reserved 1048576K
}
Event: 2.196 GC heap before
{Heap before GC invocations=1 (full 0):
 garbage-first heap   total 260096K, used 114851K [0x0000000080000000, 0x0000000100000000)
  region size 1024K, 107 young (109568K), 3 survivors (3072K)
 Metaspace       used 20749K, capacity 21233K, committed 21296K, reserved 1069056K
  class space    used 2537K, capacity 2680K, committed 2688K, reserved 1048576K
}
Event: 2.207 GC heap after
{Heap after GC invocations=2 (full 0):
 garbage-first heap   total 260096K, used 17054K [0x0000000080000000, 0x0000000100000000)
  region size 1024K, 11 young (11264K), 11 survivors (11264K)
 Metaspace       used 20749K, capacity 21233K, committed 21296K, reserved 1069056K
  class space    used 2537K, capacity 2680K, committed 2688K, reserved 1048576K
}
Event: 2.653 GC heap before
{Heap before GC invocations=3 (full 0):
 garbage-first heap   total 260096K, used 67230K [0x0000000080000000, 0x0000000100000000)
  region size 1024K, 60 young (61440K), 11 survivors (11264K)
 Metaspace       used 25837K, capacity 26421K, committed 26544K, reserved 1073152K
  class space    used 3327K, capacity 3521K, committed 3584K, reserved 1048576K
}
Event: 2.660 GC heap after
{Heap after GC invocations=4 (full 0):
 garbage-first heap   total 260096K, used 19135K [0x0000000080000000, 0x0000000100000000)
  region size 1024K, 3 young (3072K), 3 survivors (3072K)
 Metaspace       used 25837K, capacity 26421K, committed 26544K, reserved 1073152K
  class space    used 3327K, capacity 3521K, committed 3584K, reserved 1048576K
}
Event: 3.402 GC heap before
{Heap before GC invocations=4 (full 0):
 garbage-first heap   total 260096K, used 82623K [0x0000000080000000, 0x0000000100000000)
  region size 1024K, 66 young (67584K), 3 survivors (3072K)
 Metaspace       used 34846K, capacity 35618K, committed 35708K, reserved 1081344K
  class space    used 4499K, capacity 4807K, committed 4864K, reserved 1048576K
}
Event: 3.413 GC heap after
{Heap after GC invocations=5 (full 0):
 garbage-first heap   total 260096K, used 22082K [0x0000000080000000, 0x0000000100000000)
  region size 1024K, 6 young (6144K), 6 survivors (6144K)
 Metaspace       used 34846K, capacity 35618K, committed 35708K, reserved 1081344K
  class space    used 4499K, capacity 4807K, committed 4864K, reserved 1048576K
}

Deoptimization events (20 events):
Event: 4.539 Thread 0x0000020cc56f3000 Uncommon trap: trap_request=0xffffff4d fr.pc=0x0000020cb4e9567c relative=0x0000000000005afc
Event: 4.539 Thread 0x0000020cc56f3000 Uncommon trap: reason=unstable_if action=reinterpret pc=0x0000020cb4e9567c method=org.objectweb.asm.Frame.execute(IILorg/objectweb/asm/Symbol;Lorg/objectweb/asm/SymbolTable;)V @ 1 c2
Event: 4.539 Thread 0x0000020cc56f3000 DEOPT PACKING pc=0x0000020cb4e9567c sp=0x000000464cff7980
Event: 4.539 Thread 0x0000020cc56f3000 DEOPT UNPACKING pc=0x0000020cad11a1af sp=0x000000464cff7928 mode 2
Event: 4.611 Thread 0x0000020cc56f3000 Uncommon trap: trap_request=0xffffffc6 fr.pc=0x0000020cb4d93620 relative=0x0000000000000240
Event: 4.611 Thread 0x0000020cc56f3000 Uncommon trap: reason=bimorphic_or_optimized_type_check action=maybe_recompile pc=0x0000020cb4d93620 method=com.google.common.base.CharMatcher.indexIn(Ljava/lang/CharSequence;I)I @ 31 c2
Event: 4.611 Thread 0x0000020cc56f3000 DEOPT PACKING pc=0x0000020cb4d93620 sp=0x000000464cff8170
Event: 4.611 Thread 0x0000020cc56f3000 DEOPT UNPACKING pc=0x0000020cad11a1af sp=0x000000464cff8118 mode 2
Event: 4.616 Thread 0x0000020cc56f3000 Uncommon trap: trap_request=0xffffffc6 fr.pc=0x0000020cb4d93620 relative=0x0000000000000240
Event: 4.616 Thread 0x0000020cc56f3000 Uncommon trap: reason=bimorphic_or_optimized_type_check action=maybe_recompile pc=0x0000020cb4d93620 method=com.google.common.base.CharMatcher.indexIn(Ljava/lang/CharSequence;I)I @ 31 c2
Event: 4.616 Thread 0x0000020cc56f3000 DEOPT PACKING pc=0x0000020cb4d93620 sp=0x000000464cff8170
Event: 4.616 Thread 0x0000020cc56f3000 DEOPT UNPACKING pc=0x0000020cad11a1af sp=0x000000464cff8118 mode 2
Event: 4.616 Thread 0x0000020cc56f3000 Uncommon trap: trap_request=0xffffffc6 fr.pc=0x0000020cb4d93620 relative=0x0000000000000240
Event: 4.616 Thread 0x0000020cc56f3000 Uncommon trap: reason=bimorphic_or_optimized_type_check action=maybe_recompile pc=0x0000020cb4d93620 method=com.google.common.base.CharMatcher.indexIn(Ljava/lang/CharSequence;I)I @ 31 c2
Event: 4.616 Thread 0x0000020cc56f3000 DEOPT PACKING pc=0x0000020cb4d93620 sp=0x000000464cff8170
Event: 4.616 Thread 0x0000020cc56f3000 DEOPT UNPACKING pc=0x0000020cad11a1af sp=0x000000464cff8118 mode 2
Event: 4.618 Thread 0x0000020cc56f3000 Uncommon trap: trap_request=0xffffffc6 fr.pc=0x0000020cb4d93620 relative=0x0000000000000240
Event: 4.618 Thread 0x0000020cc56f3000 Uncommon trap: reason=bimorphic_or_optimized_type_check action=maybe_recompile pc=0x0000020cb4d93620 method=com.google.common.base.CharMatcher.indexIn(Ljava/lang/CharSequence;I)I @ 31 c2
Event: 4.618 Thread 0x0000020cc56f3000 DEOPT PACKING pc=0x0000020cb4d93620 sp=0x000000464cff9a80
Event: 4.618 Thread 0x0000020cc56f3000 DEOPT UNPACKING pc=0x0000020cad11a1af sp=0x000000464cff9a28 mode 2

Classes redefined (0 events):
No events

Internal exceptions (20 events):
Event: 4.261 Thread 0x0000020cc612b800 Exception <a 'java/lang/NoSuchMethodError'{0x000000008a51ae98}: <clinit>> (0x000000008a51ae98) thrown at [./src/hotspot/share/prims/jni.cpp, line 1365]
Event: 4.347 Thread 0x0000020cc56f3000 Implicit null exception at 0x0000020cb4d635f4 to 0x0000020cb4d63804
Event: 4.481 Thread 0x0000020cc56f3000 Exception <a 'java/lang/ClassNotFoundException'{0x000000008936d348}: build_3e2ndwhqj0bnj46rg5px7khshBeanInfo> (0x000000008936d348) thrown at [./src/hotspot/share/classfile/systemDictionary.cpp, line 231]
Event: 4.482 Thread 0x0000020cc56f3000 Exception <a 'java/lang/ClassNotFoundException'{0x00000000893842e0}: org/gradle/api/internal/project/ProjectScriptBeanInfo> (0x00000000893842e0) thrown at [./src/hotspot/share/classfile/systemDictionary.cpp, line 231]
Event: 4.482 Thread 0x0000020cc56f3000 Exception <a 'java/lang/ClassNotFoundException'{0x000000008939b1a0}: org/gradle/api/internal/project/ProjectScriptCustomizer> (0x000000008939b1a0) thrown at [./src/hotspot/share/classfile/systemDictionary.cpp, line 231]
Event: 4.484 Thread 0x0000020cc56f3000 Exception <a 'java/lang/ClassNotFoundException'{0x00000000893b6450}: build_3e2ndwhqj0bnj46rg5px7khshCustomizer> (0x00000000893b6450) thrown at [./src/hotspot/share/classfile/systemDictionary.cpp, line 231]
Event: 4.494 Thread 0x0000020cc56f3000 Exception <a 'java/lang/ClassNotFoundException'{0x000000008926a918}: org/gradle/api/internal/initialization/DefaultScriptHandlerBeanInfo> (0x000000008926a918) thrown at [./src/hotspot/share/classfile/systemDictionary.cpp, line 231]
Event: 4.495 Thread 0x0000020cc56f3000 Exception <a 'java/lang/ClassNotFoundException'{0x0000000089294ad0}: org/gradle/api/internal/initialization/DefaultScriptHandlerCustomizer> (0x0000000089294ad0) thrown at [./src/hotspot/share/classfile/systemDictionary.cpp, line 231]
Event: 4.574 Thread 0x0000020cc56f3000 Exception <a 'java/lang/ClassNotFoundException'{0x0000000088afb9f8}: org/gradle/api/internal/artifacts/dsl/dependencies/DefaultDependencyHandler_DecoratedBeanInfo> (0x0000000088afb9f8) thrown at [./src/hotspot/share/classfile/systemDictionary.cpp, line 231]
Event: 4.575 Thread 0x0000020cc56f3000 Exception <a 'java/lang/ClassNotFoundException'{0x000000008893a658}: org/gradle/api/internal/artifacts/dsl/dependencies/DefaultDependencyHandlerBeanInfo> (0x000000008893a658) thrown at [./src/hotspot/share/classfile/systemDictionary.cpp, line 231]
Event: 4.575 Thread 0x0000020cc56f3000 Exception <a 'java/lang/ClassNotFoundException'{0x0000000088978f20}: org/gradle/api/internal/artifacts/dsl/dependencies/DefaultDependencyHandlerCustomizer> (0x0000000088978f20) thrown at [./src/hotspot/share/classfile/systemDictionary.cpp, line 231]
Event: 4.578 Thread 0x0000020cc56f3000 Exception <a 'java/lang/ClassNotFoundException'{0x00000000889dec60}: org/gradle/api/internal/artifacts/dsl/dependencies/DefaultDependencyHandler_DecoratedCustomizer> (0x00000000889dec60) thrown at [./src/hotspot/share/classfile/systemDictionary.cpp, line 231]
Event: 4.598 Thread 0x0000020cc56f3000 Exception <a 'java/lang/ClassNotFoundException'{0x00000000887b3990}: org/gradle/api/internal/artifacts/repositories/DefaultFlatDirArtifactRepository_DecoratedBeanInfo> (0x00000000887b3990) thrown at [./src/hotspot/share/classfile/systemDictionary.cpp, line 231]
Event: 4.599 Thread 0x0000020cc56f3000 Exception <a 'java/lang/ClassNotFoundException'{0x00000000887f46c8}: org/gradle/api/internal/artifacts/repositories/DefaultFlatDirArtifactRepositoryBeanInfo> (0x00000000887f46c8) thrown at [./src/hotspot/share/classfile/systemDictionary.cpp, line 231]
Event: 4.599 Thread 0x0000020cc56f3000 Exception <a 'java/lang/ClassNotFoundException'{0x0000000088635980}: org/gradle/api/internal/artifacts/repositories/DefaultFlatDirArtifactRepositoryCustomizer> (0x0000000088635980) thrown at [./src/hotspot/share/classfile/systemDictionary.cpp, line 231]
Event: 4.601 Thread 0x0000020cc56f3000 Exception <a 'java/lang/ClassNotFoundException'{0x0000000088687d38}: org/gradle/api/internal/artifacts/repositories/DefaultFlatDirArtifactRepository_DecoratedCustomizer> (0x0000000088687d38) thrown at [./src/hotspot/share/classfile/systemDictionary.cpp, line 231]
Event: 4.608 Thread 0x0000020cc56f3000 Exception <a 'java/lang/ClassNotFoundException'{0x000000008851ee58}: org/gradle/plugin/use/internal/PluginRequestCollector$PluginDependenciesSpecImplBeanInfo> (0x000000008851ee58) thrown at [./src/hotspot/share/classfile/systemDictionary.cpp, line 231]
Event: 4.609 Thread 0x0000020cc56f3000 Exception <a 'java/lang/ClassNotFoundException'{0x000000008854dd38}: org/gradle/plugin/use/internal/PluginRequestCollector$PluginDependenciesSpecImplCustomizer> (0x000000008854dd38) thrown at [./src/hotspot/share/classfile/systemDictionary.cpp, line 231]
Event: 4.613 Thread 0x0000020cc56f3000 Exception <a 'java/lang/ClassNotFoundException'{0x00000000885ae0e8}: org/gradle/plugin/use/internal/PluginRequestCollector$PluginDependencySpecImplBeanInfo> (0x00000000885ae0e8) thrown at [./src/hotspot/share/classfile/systemDictionary.cpp, line 231]
Event: 4.614 Thread 0x0000020cc56f3000 Exception <a 'java/lang/ClassNotFoundException'{0x00000000885dc248}: org/gradle/plugin/use/internal/PluginRequestCollector$PluginDependencySpecImplCustomizer> (0x00000000885dc248) thrown at [./src/hotspot/share/classfile/systemDictionary.cpp, line 231]

Events (20 events):
Event: 4.626 loading class org/gradle/api/internal/artifacts/dsl/ModuleVersionSelectorParsers$StringConverter
Event: 4.626 loading class org/gradle/api/internal/artifacts/dsl/ModuleVersionSelectorParsers$StringConverter done
Event: 4.627 loading class org/gradle/api/internal/artifacts/dsl/ModuleVersionSelectorParsers$MapConverter
Event: 4.627 loading class org/gradle/api/internal/artifacts/dsl/ModuleVersionSelectorParsers$MapConverter done
Event: 4.627 loading class org/gradle/api/internal/artifacts/dsl/ModuleVersionSelectorParsers$ProviderConverter
Event: 4.627 loading class org/gradle/api/internal/artifacts/dsl/ModuleVersionSelectorParsers$ProviderConverter done
Event: 4.627 loading class org/gradle/api/internal/artifacts/dsl/ModuleVersionSelectorParsers$ProviderConvertibleConverter
Event: 4.627 loading class org/gradle/api/internal/artifacts/dsl/ModuleVersionSelectorParsers$ProviderConvertibleConverter done
Event: 4.628 loading class org/gradle/plugin/use/internal/DefaultPluginRequestApplicator$NotFound
Event: 4.628 loading class org/gradle/plugin/use/internal/DefaultPluginRequestApplicator$NotFound done
Event: 4.629 loading class org/gradle/api/internal/BuildDefinition
Event: 4.629 loading class org/gradle/api/internal/BuildDefinition done
Event: 4.629 loading class org/gradle/api/internal/BuildDefinition
Event: 4.629 loading class org/gradle/api/internal/BuildDefinition done
Event: 4.629 loading class org/gradle/internal/build/BuildStateRegistry
Event: 4.629 loading class org/gradle/internal/build/BuildStateRegistry done
Event: 4.630 loading class org/gradle/internal/locking/NoOpDependencyLockingProvider
Event: 4.630 loading class org/gradle/internal/locking/NoOpDependencyLockingProvider done
Event: 4.630 loading class org/gradle/api/internal/artifacts/configurations/DetachedConfigurationsProvider
Event: 4.630 loading class org/gradle/api/internal/artifacts/configurations/DetachedConfigurationsProvider done


Dynamic libraries:
0x00007ff793ed0000 - 0x00007ff793eda000 	E:\SoftWare\Android\Android Studio\jre\bin\java.exe
0x00007ff94a220000 - 0x00007ff94a427000 	C:\Windows\SYSTEM32\ntdll.dll
0x00007ff948c60000 - 0x00007ff948d1d000 	C:\Windows\System32\KERNEL32.DLL
0x00007ff947b50000 - 0x00007ff947ec4000 	C:\Windows\System32\KERNELBASE.dll
0x00007ff944c70000 - 0x00007ff944d01000 	C:\Windows\SYSTEM32\apphelp.dll
0x00007ff8e2670000 - 0x00007ff8e2b0c000 	C:\Windows\SYSTEM32\AcLayers.DLL
0x00007ff949f20000 - 0x00007ff949fc3000 	C:\Windows\System32\msvcrt.dll
0x00007ff9480b0000 - 0x00007ff94810d000 	C:\Windows\System32\SHLWAPI.dll
0x00007ff944460000 - 0x00007ff944471000 	C:\Windows\SYSTEM32\SortWindows61.dll
0x00007ff947f90000 - 0x00007ff9480a1000 	C:\Windows\System32\ucrtbase.dll
0x00007ff935e60000 - 0x00007ff935e77000 	E:\SoftWare\Android\Android Studio\jre\bin\VCRUNTIME140.dll
0x00007ff935e40000 - 0x00007ff935e59000 	E:\SoftWare\Android\Android Studio\jre\bin\jli.dll
0x00007ff949540000 - 0x00007ff9496ec000 	C:\Windows\System32\USER32.dll
0x00007ff947ab0000 - 0x00007ff947ad6000 	C:\Windows\System32\win32u.dll
0x00007ff9496f0000 - 0x00007ff949719000 	C:\Windows\System32\GDI32.dll
0x00007ff947990000 - 0x00007ff947aa2000 	C:\Windows\System32\gdi32full.dll
0x00007ff935800000 - 0x00007ff935aa5000 	C:\Windows\WinSxS\amd64_microsoft.windows.common-controls_6595b64144ccf1df_6.0.22000.120_none_9d947278b86cc467\COMCTL32.dll
0x00007ff947780000 - 0x00007ff94781d000 	C:\Windows\System32\msvcp_win.dll
0x00007ff948c20000 - 0x00007ff948c51000 	C:\Windows\System32\IMM32.DLL
0x0000000059420000 - 0x000000005942c000 	C:\Program Files (x86)\360\360Safe\safemon\SafeWrapper.dll
0x00007ff949b90000 - 0x00007ff949c3c000 	C:\Windows\System32\ADVAPI32.dll
0x00007ff948240000 - 0x00007ff9482dd000 	C:\Windows\System32\sechost.dll
0x00007ff948110000 - 0x00007ff948231000 	C:\Windows\System32\RPCRT4.dll
0x00007ff938420000 - 0x00007ff9384b6000 	C:\Program Files (x86)\360\360Safe\safemon\libzdtp64.dll
0x00007ff948d20000 - 0x00007ff9494c9000 	C:\Windows\System32\SHELL32.dll
0x00007ff947140000 - 0x00007ff94714a000 	C:\Windows\SYSTEM32\VERSION.dll
0x00007ff900680000 - 0x00007ff90071d000 	E:\SoftWare\Android\Android Studio\jre\bin\msvcp140.dll
0x00007ff904050000 - 0x00007ff904b35000 	E:\SoftWare\Android\Android Studio\jre\bin\server\jvm.dll
0x00007ff948890000 - 0x00007ff948898000 	C:\Windows\System32\PSAPI.DLL
0x00007ff942180000 - 0x00007ff942189000 	C:\Windows\SYSTEM32\WSOCK32.dll
0x00007ff9418f0000 - 0x00007ff941923000 	C:\Windows\SYSTEM32\WINMM.dll
0x00007ff9494d0000 - 0x00007ff94953f000 	C:\Windows\System32\WS2_32.dll
0x00007ff9467c0000 - 0x00007ff9467d8000 	C:\Windows\SYSTEM32\kernel.appcore.dll
0x00007ff942190000 - 0x00007ff9421a1000 	E:\SoftWare\Android\Android Studio\jre\bin\verify.dll
0x00007ff93e6e0000 - 0x00007ff93e901000 	C:\Windows\SYSTEM32\DBGHELP.DLL
0x00007ff93dd80000 - 0x00007ff93ddb1000 	C:\Windows\SYSTEM32\dbgcore.DLL
0x00007ff947700000 - 0x00007ff947780000 	C:\Windows\System32\bcryptPrimitives.dll
0x00007ff936d30000 - 0x00007ff936d59000 	E:\SoftWare\Android\Android Studio\jre\bin\java.dll
0x00007ff942170000 - 0x00007ff94217b000 	E:\SoftWare\Android\Android Studio\jre\bin\jimage.dll
0x00007ff93eea0000 - 0x00007ff93eeb8000 	E:\SoftWare\Android\Android Studio\jre\bin\zip.dll
0x00007ff945840000 - 0x00007ff9460a2000 	C:\Windows\SYSTEM32\windows.storage.dll
0x00007ff948300000 - 0x00007ff948678000 	C:\Windows\System32\combase.dll
0x00007ff9456d0000 - 0x00007ff945836000 	C:\Windows\SYSTEM32\wintypes.dll
0x00007ff948b20000 - 0x00007ff948c0a000 	C:\Windows\System32\SHCORE.dll
0x00007ff947630000 - 0x00007ff947651000 	C:\Windows\SYSTEM32\profapi.dll
0x00007ff936d10000 - 0x00007ff936d2a000 	E:\SoftWare\Android\Android Studio\jre\bin\net.dll
0x00007ff9415a0000 - 0x00007ff9416ac000 	C:\Windows\SYSTEM32\WINHTTP.dll
0x00007ff946bd0000 - 0x00007ff946c37000 	C:\Windows\system32\mswsock.dll
0x00007ff936cf0000 - 0x00007ff936d04000 	E:\SoftWare\Android\Android Studio\jre\bin\nio.dll
0x00007ff92af70000 - 0x00007ff92af97000 	C:\Users\Administrator\.gradle\native\e1d6ef7f7dcc3fd88c89a11ec53ec762bb8ba0a96d01ffa2cd45eb1d1d8dd5c5\windows-amd64\native-platform.dll
0x00007ff8fb6e0000 - 0x00007ff8fb824000 	C:\Users\Administrator\.gradle\native\5664cfc778a61ccfe75a443a1ab52a65af34e5dc3c78e0209fed803814484fcb\windows-amd64\native-platform-file-events.dll
0x00007ff942160000 - 0x00007ff94216a000 	E:\SoftWare\Android\Android Studio\jre\bin\management.dll
0x00007ff93efb0000 - 0x00007ff93efbd000 	E:\SoftWare\Android\Android Studio\jre\bin\management_ext.dll
0x00007ff946e10000 - 0x00007ff946e28000 	C:\Windows\SYSTEM32\CRYPTSP.dll
0x00007ff946720000 - 0x00007ff946755000 	C:\Windows\system32\rsaenh.dll
0x00007ff946cc0000 - 0x00007ff946ce9000 	C:\Windows\SYSTEM32\USERENV.dll
0x00007ff947000000 - 0x00007ff947027000 	C:\Windows\SYSTEM32\bcrypt.dll
0x00007ff946e30000 - 0x00007ff946e3c000 	C:\Windows\SYSTEM32\CRYPTBASE.dll
0x00007ff9462f0000 - 0x00007ff94631d000 	C:\Windows\SYSTEM32\IPHLPAPI.DLL
0x00007ff948ab0000 - 0x00007ff948ab9000 	C:\Windows\System32\NSI.dll
0x00007ff9414c0000 - 0x00007ff9414d9000 	C:\Windows\SYSTEM32\dhcpcsvc6.DLL
0x00007ff9418d0000 - 0x00007ff9418ee000 	C:\Windows\SYSTEM32\dhcpcsvc.DLL
0x00007ff946320000 - 0x00007ff946407000 	C:\Windows\SYSTEM32\DNSAPI.dll

dbghelp: loaded successfully - version: 4.0.5 - missing functions: none
symbol engine: initialized successfully - sym options: 0x614 - pdb path: .;E:\SoftWare\Android\Android Studio\jre\bin;C:\Windows\SYSTEM32;C:\Windows\WinSxS\amd64_microsoft.windows.common-controls_6595b64144ccf1df_6.0.22000.120_none_9d947278b86cc467;C:\Program Files (x86)\360\360Safe\safemon;E:\SoftWare\Android\Android Studio\jre\bin\server;C:\Users\Administrator\.gradle\native\e1d6ef7f7dcc3fd88c89a11ec53ec762bb8ba0a96d01ffa2cd45eb1d1d8dd5c5\windows-amd64;C:\Users\Administrator\.gradle\native\5664cfc778a61ccfe75a443a1ab52a65af34e5dc3c78e0209fed803814484fcb\windows-amd64

VM Arguments:
jvm_args: --add-opens=java.base/java.util=ALL-UNNAMED --add-opens=java.base/java.lang=ALL-UNNAMED --add-opens=java.base/java.lang.invoke=ALL-UNNAMED --add-opens=java.base/java.util=ALL-UNNAMED --add-opens=java.prefs/java.util.prefs=ALL-UNNAMED --add-opens=java.prefs/java.util.prefs=ALL-UNNAMED --add-opens=java.base/java.nio.charset=ALL-UNNAMED --add-opens=java.base/java.net=ALL-UNNAMED --add-opens=java.base/java.util.concurrent.atomic=ALL-UNNAMED -Xmx2048m -Dfile.encoding=UTF-8 -Duser.country=CN -Duser.language=zh -Duser.variant 
java_command: org.gradle.launcher.daemon.bootstrap.GradleDaemon 7.3.3
java_class_path (initial): C:\Users\Administrator\.gradle\wrapper\dists\gradle-7.3.3-bin\6a41zxkdtcxs8rphpq6y0069z\gradle-7.3.3\lib\gradle-launcher-7.3.3.jar
Launcher Type: SUN_STANDARD

[Global flags]
     intx CICompilerCount                          = 12                                        {product} {ergonomic}
     uint ConcGCThreads                            = 3                                         {product} {ergonomic}
     uint G1ConcRefinementThreads                  = 13                                        {product} {ergonomic}
   size_t G1HeapRegionSize                         = 1048576                                   {product} {ergonomic}
    uintx GCDrainStackTargetSize                   = 64                                        {product} {ergonomic}
   size_t InitialHeapSize                          = 266338304                                 {product} {ergonomic}
   size_t MarkStackSize                            = 4194304                                   {product} {ergonomic}
   size_t MaxHeapSize                              = 2147483648                                {product} {command line}
   size_t MaxNewSize                               = 1287651328                                {product} {ergonomic}
   size_t MinHeapDeltaBytes                        = 1048576                                   {product} {ergonomic}
    uintx NonNMethodCodeHeapSize                   = 7594288                                {pd product} {ergonomic}
    uintx NonProfiledCodeHeapSize                  = 122031976                              {pd product} {ergonomic}
    uintx ProfiledCodeHeapSize                     = 122031976                              {pd product} {ergonomic}
    uintx ReservedCodeCacheSize                    = 251658240                              {pd product} {ergonomic}
     bool SegmentedCodeCache                       = true                                      {product} {ergonomic}
     bool UseCompressedClassPointers               = true                                 {lp64_product} {ergonomic}
     bool UseCompressedOops                        = true                                 {lp64_product} {ergonomic}
     bool UseG1GC                                  = true                                      {product} {ergonomic}
     bool UseLargePagesIndividualAllocation        = false                                  {pd product} {ergonomic}

Logging:
Log output configuration:
 #0: stdout all=warning uptime,level,tags
 #1: stderr all=off uptime,level,tags

Environment Variables:
JAVA_HOME=C:\Program Files\Java\jdk-15
CLASSPATH=.;C:\Program Files\Java\jdk-15\lib\tools.jar;
PATH=C:\Windows\system32;C:\Windows;C:\Windows\System32\Wbem;C:\Windows\System32\WindowsPowerShell\v1.0\;C:\Windows\System32\OpenSSH\;C:\Program Files\Microsoft SQL Server\Client SDK\ODBC\170\Tools\Binn\;C:\Program Files\Microsoft SQL Server\150\Tools\Binn\;C:\Program Files\TortoiseSVN\bin;C:\Program Files\Microsoft SQL Server\Client SDK\ODBC\130\Tools\Binn\;C:\Program Files (x86)\Microsoft SQL Server\140\Tools\Binn\;C:\Program Files\Microsoft SQL Server\140\Tools\Binn\;C:\Program Files\Microsoft SQL Server\140\DTS\Binn\;C:\Program Files (x86)\Microsoft SQL Server\150\DTS\Binn\;C:\Program Files\Azure Data Studio\bin;D:\ffmpeg-N-104865-g571e8ca2dd-win64-gpl\bin;E:\SoftWare\OpenSSL-Win64\bin;C:\Program Files\Java\jdk-15\bin;C:\Program Files\nodejs\;E:\SoftWare\Git\cmd;D:\phantomjs-2.1.1-windows\bin;D:\flutter\bin;C:\Program Files\Java\jdk-15\jre\bin;D:\Android\platform-tools;C:\Program Files\dotnet\;C:\Users\Administrator\AppData\Local\Microsoft\WindowsApps;C:\Users\Administrator\AppData\Roaming\npm;E:\SoftWare\Microsoft VS Code\bin;C:\Users\Administrator\.dotnet\tools
USERNAME=Administrator
OS=Windows_NT
PROCESSOR_IDENTIFIER=Intel64 Family 6 Model 165 Stepping 5, GenuineIntel



---------------  S Y S T E M  ---------------

OS: Windows 10 , 64 bit Build 22000 (10.0.22000.120)
OS uptime: 4 days 0:33 hours

CPU:total 16 (initial active 16) (8 cores per cpu, 2 threads per core) family 6 model 165 stepping 5 microcode 0xe0, cmov, cx8, fxsr, mmx, sse, sse2, sse3, ssse3, sse4.1, sse4.2, popcnt, avx, avx2, aes, clmul, erms, 3dnowpref, lzcnt, ht, tsc, tscinvbit, bmi1, bmi2, adx, fma

Memory: 4k page, system-wide physical 16233M (3010M free)
TotalPageFile size 46632M (AvailPageFile size 60M)
current process WorkingSet (physical memory assigned to process): 384M, peak: 384M
current process commit charge ("private bytes"): 535M, peak: 537M

vm_info: OpenJDK 64-Bit Server VM (11.0.12+7-b1504.28-7817840) for windows-amd64 JRE (11.0.12+7-b1504.28-7817840), built on Oct 13 2021 22:12:33 by "builder" with MS VC++ 14.0 (VS2015)

END.
